[mams-school][${env:SERVER_PORT}] 2021-05-06 20:00:11,159 INFO [main][StartupInfoLogger.java:50] - Starting MamsSchoolApplication on DESKTOP-U5SUJ4I with PID 20952 (D:\graduation\mams\mams-school\target\classes started by tcp666 in D:\graduation\mams)
[mams-school][${env:SERVER_PORT}] 2021-05-06 20:00:11,223 INFO [main][SpringApplication.java:675] - No active profile set, falling back to default profiles: default
[mams-school][${env:SERVER_PORT}] 2021-05-06 20:00:12,122 INFO [main][PostProcessorRegistrationDelegate.java:330] - Bean 'org.springframework.transaction.annotation.ProxyTransactionManagementConfiguration' of type [org.springframework.transaction.annotation.ProxyTransactionManagementConfiguration$$EnhancerBySpringCGLIB$$be99575] is not eligible for getting processed by all BeanPostProcessors (for example: not eligible for auto-proxying)
[mams-school][${env:SERVER_PORT}] 2021-05-06 20:00:12,359 INFO [main][TomcatWebServer.java:90] - Tomcat initialized with port(s): 8082 (http)
[mams-school][${env:SERVER_PORT}] 2021-05-06 20:00:12,373 INFO [main][DirectJDKLog.java:173] - Initializing ProtocolHandler ["http-nio-8082"]
[mams-school][${env:SERVER_PORT}] 2021-05-06 20:00:12,384 INFO [main][DirectJDKLog.java:173] - Starting service [Tomcat]
[mams-school][${env:SERVER_PORT}] 2021-05-06 20:00:12,385 INFO [main][DirectJDKLog.java:173] - Starting Servlet engine: [Apache Tomcat/9.0.16]
[mams-school][${env:SERVER_PORT}] 2021-05-06 20:00:12,393 INFO [main][DirectJDKLog.java:173] - The APR based Apache Tomcat Native library which allows optimal performance in production environments was not found on the java.library.path: [D:\java\jdk1.8\bin;C:\WINDOWS\Sun\Java\bin;C:\WINDOWS\system32;C:\WINDOWS;C:\WINDOWS\system32;C:\WINDOWS;C:\WINDOWS\System32\Wbem;C:\WINDOWS\System32\WindowsPowerShell\v1.0\;C:\WINDOWS\System32\OpenSSH\;D:\mysql\mysql-8.0.15-winx64\mysql-8.0.15-winx64\bin;D:\java\jdk1.8\bin\;D:\java\jdk1.8\jre\bin\;C:\Users\tcp666\AppData\Local\Microsoft\WindowsApps;;.]
[mams-school][${env:SERVER_PORT}] 2021-05-06 20:00:12,499 INFO [main][DirectJDKLog.java:173] - Initializing Spring embedded WebApplicationContext
[mams-school][${env:SERVER_PORT}] 2021-05-06 20:00:12,499 INFO [main][ServletWebServerApplicationContext.java:296] - Root WebApplicationContext: initialization completed in 1246 ms
[mams-school][${env:SERVER_PORT}] 2021-05-06 20:00:13,270 INFO [main][ExecutorConfigurationSupport.java:171] - Initializing ExecutorService 'applicationTaskExecutor'
[mams-school][${env:SERVER_PORT}] 2021-05-06 20:00:13,356 INFO [main][WelcomePageHandlerMapping.java:56] - Adding welcome page: class path resource [static/index.html]
[mams-school][${env:SERVER_PORT}] 2021-05-06 20:00:13,562 INFO [main][EndpointLinksResolver.java:59] - Exposing 2 endpoint(s) beneath base path '/actuator'
[mams-school][${env:SERVER_PORT}] 2021-05-06 20:00:13,604 INFO [main][DirectJDKLog.java:173] - Starting ProtocolHandler ["http-nio-8082"]
[mams-school][${env:SERVER_PORT}] 2021-05-06 20:00:13,624 INFO [main][TomcatWebServer.java:204] - Tomcat started on port(s): 8082 (http) with context path ''
[mams-school][${env:SERVER_PORT}] 2021-05-06 20:00:13,627 INFO [main][StartupInfoLogger.java:59] - Started MamsSchoolApplication in 2.885 seconds (JVM running for 4.164)
[mams-school][${env:SERVER_PORT}] 2021-05-06 20:00:14,018 INFO [RMI TCP Connection(1)-192.168.1.106][DirectJDKLog.java:173] - Initializing Spring DispatcherServlet 'dispatcherServlet'
[mams-school][${env:SERVER_PORT}] 2021-05-06 20:00:14,018 INFO [RMI TCP Connection(2)-192.168.1.106][HikariDataSource.java:110] - HikariPool-1 - Starting...
[mams-school][${env:SERVER_PORT}] 2021-05-06 20:00:14,019 INFO [RMI TCP Connection(1)-192.168.1.106][FrameworkServlet.java:524] - Initializing Servlet 'dispatcherServlet'
[mams-school][${env:SERVER_PORT}] 2021-05-06 20:00:14,027 INFO [RMI TCP Connection(1)-192.168.1.106][FrameworkServlet.java:546] - Completed initialization in 7 ms
[mams-school][${env:SERVER_PORT}] 2021-05-06 20:00:14,279 INFO [RMI TCP Connection(2)-192.168.1.106][HikariDataSource.java:123] - HikariPool-1 - Start completed.
[mams-school][${env:SERVER_PORT}] 2021-05-06 20:03:36,696 WARN [http-nio-8082-exec-5][AbstractHandlerExceptionResolver.java:197] - Resolved [org.springframework.http.converter.HttpMessageNotReadableException: Required request body is missing: public com.mams.mamscommon.utils.Result<java.lang.Integer> com.mams.mamsschool.controller.SchoolUserController.getAllEnrollmentProject(com.mams.mamsschool.entity.EnrollmentProject)]
[mams-school][${env:SERVER_PORT}] 2021-05-06 20:08:49,750 INFO [main][StartupInfoLogger.java:50] - Starting MamsSchoolApplication on DESKTOP-U5SUJ4I with PID 15308 (D:\graduation\mams\mams-school\target\classes started by tcp666 in D:\graduation\mams)
[mams-school][${env:SERVER_PORT}] 2021-05-06 20:08:49,761 INFO [main][SpringApplication.java:675] - No active profile set, falling back to default profiles: default
[mams-school][${env:SERVER_PORT}] 2021-05-06 20:08:50,823 INFO [main][PostProcessorRegistrationDelegate.java:330] - Bean 'org.springframework.transaction.annotation.ProxyTransactionManagementConfiguration' of type [org.springframework.transaction.annotation.ProxyTransactionManagementConfiguration$$EnhancerBySpringCGLIB$$4788c9ed] is not eligible for getting processed by all BeanPostProcessors (for example: not eligible for auto-proxying)
[mams-school][${env:SERVER_PORT}] 2021-05-06 20:08:51,112 INFO [main][TomcatWebServer.java:90] - Tomcat initialized with port(s): 8082 (http)
[mams-school][${env:SERVER_PORT}] 2021-05-06 20:08:51,125 INFO [main][DirectJDKLog.java:173] - Initializing ProtocolHandler ["http-nio-8082"]
[mams-school][${env:SERVER_PORT}] 2021-05-06 20:08:51,133 INFO [main][DirectJDKLog.java:173] - Starting service [Tomcat]
[mams-school][${env:SERVER_PORT}] 2021-05-06 20:08:51,134 INFO [main][DirectJDKLog.java:173] - Starting Servlet engine: [Apache Tomcat/9.0.16]
[mams-school][${env:SERVER_PORT}] 2021-05-06 20:08:51,140 INFO [main][DirectJDKLog.java:173] - The APR based Apache Tomcat Native library which allows optimal performance in production environments was not found on the java.library.path: [D:\java\jdk1.8\bin;C:\WINDOWS\Sun\Java\bin;C:\WINDOWS\system32;C:\WINDOWS;C:\WINDOWS\system32;C:\WINDOWS;C:\WINDOWS\System32\Wbem;C:\WINDOWS\System32\WindowsPowerShell\v1.0\;C:\WINDOWS\System32\OpenSSH\;D:\mysql\mysql-8.0.15-winx64\mysql-8.0.15-winx64\bin;D:\java\jdk1.8\bin\;D:\java\jdk1.8\jre\bin\;C:\Users\tcp666\AppData\Local\Microsoft\WindowsApps;;.]
[mams-school][${env:SERVER_PORT}] 2021-05-06 20:08:51,230 INFO [main][DirectJDKLog.java:173] - Initializing Spring embedded WebApplicationContext
[mams-school][${env:SERVER_PORT}] 2021-05-06 20:08:51,230 INFO [main][ServletWebServerApplicationContext.java:296] - Root WebApplicationContext: initialization completed in 1422 ms
[mams-school][${env:SERVER_PORT}] 2021-05-06 20:08:52,312 INFO [main][ExecutorConfigurationSupport.java:171] - Initializing ExecutorService 'applicationTaskExecutor'
[mams-school][${env:SERVER_PORT}] 2021-05-06 20:08:52,464 INFO [main][WelcomePageHandlerMapping.java:56] - Adding welcome page: class path resource [static/index.html]
[mams-school][${env:SERVER_PORT}] 2021-05-06 20:08:52,789 INFO [main][EndpointLinksResolver.java:59] - Exposing 2 endpoint(s) beneath base path '/actuator'
[mams-school][${env:SERVER_PORT}] 2021-05-06 20:08:52,838 INFO [main][DirectJDKLog.java:173] - Starting ProtocolHandler ["http-nio-8082"]
[mams-school][${env:SERVER_PORT}] 2021-05-06 20:08:52,861 INFO [main][TomcatWebServer.java:204] - Tomcat started on port(s): 8082 (http) with context path ''
[mams-school][${env:SERVER_PORT}] 2021-05-06 20:08:52,863 INFO [main][StartupInfoLogger.java:59] - Started MamsSchoolApplication in 3.588 seconds (JVM running for 4.851)
[mams-school][${env:SERVER_PORT}] 2021-05-06 20:08:52,985 INFO [http-nio-8082-exec-1][DirectJDKLog.java:173] - Initializing Spring DispatcherServlet 'dispatcherServlet'
[mams-school][${env:SERVER_PORT}] 2021-05-06 20:08:52,986 INFO [http-nio-8082-exec-1][FrameworkServlet.java:524] - Initializing Servlet 'dispatcherServlet'
[mams-school][${env:SERVER_PORT}] 2021-05-06 20:08:52,997 INFO [http-nio-8082-exec-1][FrameworkServlet.java:546] - Completed initialization in 9 ms
[mams-school][${env:SERVER_PORT}] 2021-05-06 20:08:53,096 INFO [http-nio-8082-exec-1][HikariDataSource.java:110] - HikariPool-1 - Starting...
[mams-school][${env:SERVER_PORT}] 2021-05-06 20:08:53,430 INFO [http-nio-8082-exec-1][HikariDataSource.java:123] - HikariPool-1 - Start completed.
[mams-school][${env:SERVER_PORT}] 2021-05-06 20:11:56,951 INFO [main][StartupInfoLogger.java:50] - Starting MamsSchoolApplication on DESKTOP-U5SUJ4I with PID 16484 (D:\graduation\mams\mams-school\target\classes started by tcp666 in D:\graduation\mams)
[mams-school][${env:SERVER_PORT}] 2021-05-06 20:11:56,963 INFO [main][SpringApplication.java:675] - No active profile set, falling back to default profiles: default
[mams-school][${env:SERVER_PORT}] 2021-05-06 20:11:57,948 INFO [main][PostProcessorRegistrationDelegate.java:330] - Bean 'org.springframework.transaction.annotation.ProxyTransactionManagementConfiguration' of type [org.springframework.transaction.annotation.ProxyTransactionManagementConfiguration$$EnhancerBySpringCGLIB$$d45a67f] is not eligible for getting processed by all BeanPostProcessors (for example: not eligible for auto-proxying)
[mams-school][${env:SERVER_PORT}] 2021-05-06 20:11:58,187 INFO [main][TomcatWebServer.java:90] - Tomcat initialized with port(s): 8082 (http)
[mams-school][${env:SERVER_PORT}] 2021-05-06 20:11:58,199 INFO [main][DirectJDKLog.java:173] - Initializing ProtocolHandler ["http-nio-8082"]
[mams-school][${env:SERVER_PORT}] 2021-05-06 20:11:58,206 INFO [main][DirectJDKLog.java:173] - Starting service [Tomcat]
[mams-school][${env:SERVER_PORT}] 2021-05-06 20:11:58,207 INFO [main][DirectJDKLog.java:173] - Starting Servlet engine: [Apache Tomcat/9.0.16]
[mams-school][${env:SERVER_PORT}] 2021-05-06 20:11:58,213 INFO [main][DirectJDKLog.java:173] - The APR based Apache Tomcat Native library which allows optimal performance in production environments was not found on the java.library.path: [D:\java\jdk1.8\bin;C:\WINDOWS\Sun\Java\bin;C:\WINDOWS\system32;C:\WINDOWS;C:\WINDOWS\system32;C:\WINDOWS;C:\WINDOWS\System32\Wbem;C:\WINDOWS\System32\WindowsPowerShell\v1.0\;C:\WINDOWS\System32\OpenSSH\;D:\mysql\mysql-8.0.15-winx64\mysql-8.0.15-winx64\bin;D:\java\jdk1.8\bin\;D:\java\jdk1.8\jre\bin\;C:\Users\tcp666\AppData\Local\Microsoft\WindowsApps;;.]
[mams-school][${env:SERVER_PORT}] 2021-05-06 20:11:58,297 INFO [main][DirectJDKLog.java:173] - Initializing Spring embedded WebApplicationContext
[mams-school][${env:SERVER_PORT}] 2021-05-06 20:11:58,297 INFO [main][ServletWebServerApplicationContext.java:296] - Root WebApplicationContext: initialization completed in 1295 ms
[mams-school][${env:SERVER_PORT}] 2021-05-06 20:11:59,002 INFO [main][ExecutorConfigurationSupport.java:171] - Initializing ExecutorService 'applicationTaskExecutor'
[mams-school][${env:SERVER_PORT}] 2021-05-06 20:11:59,087 INFO [main][WelcomePageHandlerMapping.java:56] - Adding welcome page: class path resource [static/index.html]
[mams-school][${env:SERVER_PORT}] 2021-05-06 20:11:59,280 INFO [main][EndpointLinksResolver.java:59] - Exposing 2 endpoint(s) beneath base path '/actuator'
[mams-school][${env:SERVER_PORT}] 2021-05-06 20:11:59,335 INFO [main][DirectJDKLog.java:173] - Starting ProtocolHandler ["http-nio-8082"]
[mams-school][${env:SERVER_PORT}] 2021-05-06 20:11:59,354 INFO [main][TomcatWebServer.java:204] - Tomcat started on port(s): 8082 (http) with context path ''
[mams-school][${env:SERVER_PORT}] 2021-05-06 20:11:59,357 INFO [main][StartupInfoLogger.java:59] - Started MamsSchoolApplication in 2.853 seconds (JVM running for 4.082)
[mams-school][${env:SERVER_PORT}] 2021-05-06 20:11:59,749 INFO [RMI TCP Connection(1)-192.168.1.106][HikariDataSource.java:110] - HikariPool-1 - Starting...
[mams-school][${env:SERVER_PORT}] 2021-05-06 20:12:00,040 INFO [RMI TCP Connection(1)-192.168.1.106][HikariDataSource.java:123] - HikariPool-1 - Start completed.
[mams-school][${env:SERVER_PORT}] 2021-05-06 20:12:00,251 INFO [RMI TCP Connection(3)-192.168.1.106][DirectJDKLog.java:173] - Initializing Spring DispatcherServlet 'dispatcherServlet'
[mams-school][${env:SERVER_PORT}] 2021-05-06 20:12:00,252 INFO [RMI TCP Connection(3)-192.168.1.106][FrameworkServlet.java:524] - Initializing Servlet 'dispatcherServlet'
[mams-school][${env:SERVER_PORT}] 2021-05-06 20:12:00,264 INFO [RMI TCP Connection(3)-192.168.1.106][FrameworkServlet.java:546] - Completed initialization in 12 ms
[mams-school][${env:SERVER_PORT}] 2021-05-06 20:12:49,980 INFO [main][StartupInfoLogger.java:50] - Starting MamsSchoolApplication on DESKTOP-U5SUJ4I with PID 18772 (D:\graduation\mams\mams-school\target\classes started by tcp666 in D:\graduation\mams)
[mams-school][${env:SERVER_PORT}] 2021-05-06 20:12:49,993 INFO [main][SpringApplication.java:675] - No active profile set, falling back to default profiles: default
[mams-school][${env:SERVER_PORT}] 2021-05-06 20:12:51,209 INFO [main][PostProcessorRegistrationDelegate.java:330] - Bean 'org.springframework.transaction.annotation.ProxyTransactionManagementConfiguration' of type [org.springframework.transaction.annotation.ProxyTransactionManagementConfiguration$$EnhancerBySpringCGLIB$$5bedfc9b] is not eligible for getting processed by all BeanPostProcessors (for example: not eligible for auto-proxying)
[mams-school][${env:SERVER_PORT}] 2021-05-06 20:12:51,567 INFO [main][TomcatWebServer.java:90] - Tomcat initialized with port(s): 8082 (http)
[mams-school][${env:SERVER_PORT}] 2021-05-06 20:12:51,584 INFO [main][DirectJDKLog.java:173] - Initializing ProtocolHandler ["http-nio-8082"]
[mams-school][${env:SERVER_PORT}] 2021-05-06 20:12:51,596 INFO [main][DirectJDKLog.java:173] - Starting service [Tomcat]
[mams-school][${env:SERVER_PORT}] 2021-05-06 20:12:51,597 INFO [main][DirectJDKLog.java:173] - Starting Servlet engine: [Apache Tomcat/9.0.16]
[mams-school][${env:SERVER_PORT}] 2021-05-06 20:12:51,605 INFO [main][DirectJDKLog.java:173] - The APR based Apache Tomcat Native library which allows optimal performance in production environments was not found on the java.library.path: [D:\java\jdk1.8\bin;C:\WINDOWS\Sun\Java\bin;C:\WINDOWS\system32;C:\WINDOWS;C:\WINDOWS\system32;C:\WINDOWS;C:\WINDOWS\System32\Wbem;C:\WINDOWS\System32\WindowsPowerShell\v1.0\;C:\WINDOWS\System32\OpenSSH\;D:\mysql\mysql-8.0.15-winx64\mysql-8.0.15-winx64\bin;D:\java\jdk1.8\bin\;D:\java\jdk1.8\jre\bin\;C:\Users\tcp666\AppData\Local\Microsoft\WindowsApps;;.]
[mams-school][${env:SERVER_PORT}] 2021-05-06 20:12:51,724 INFO [main][DirectJDKLog.java:173] - Initializing Spring embedded WebApplicationContext
[mams-school][${env:SERVER_PORT}] 2021-05-06 20:12:51,724 INFO [main][ServletWebServerApplicationContext.java:296] - Root WebApplicationContext: initialization completed in 1627 ms
[mams-school][${env:SERVER_PORT}] 2021-05-06 20:12:55,944 INFO [main][ExecutorConfigurationSupport.java:171] - Initializing ExecutorService 'applicationTaskExecutor'
[mams-school][${env:SERVER_PORT}] 2021-05-06 20:12:57,061 INFO [main][WelcomePageHandlerMapping.java:56] - Adding welcome page: class path resource [static/index.html]
[mams-school][${env:SERVER_PORT}] 2021-05-06 20:12:59,499 INFO [main][EndpointLinksResolver.java:59] - Exposing 2 endpoint(s) beneath base path '/actuator'
[mams-school][${env:SERVER_PORT}] 2021-05-06 20:13:00,245 INFO [main][DirectJDKLog.java:173] - Starting ProtocolHandler ["http-nio-8082"]
[mams-school][${env:SERVER_PORT}] 2021-05-06 20:13:00,334 INFO [main][TomcatWebServer.java:204] - Tomcat started on port(s): 8082 (http) with context path ''
[mams-school][${env:SERVER_PORT}] 2021-05-06 20:13:00,350 INFO [main][StartupInfoLogger.java:59] - Started MamsSchoolApplication in 10.829 seconds (JVM running for 13.035)
[mams-school][${env:SERVER_PORT}] 2021-05-06 20:13:01,082 INFO [RMI TCP Connection(5)-192.168.1.106][HikariDataSource.java:110] - HikariPool-1 - Starting...
[mams-school][${env:SERVER_PORT}] 2021-05-06 20:13:01,103 INFO [RMI TCP Connection(4)-192.168.1.106][DirectJDKLog.java:173] - Initializing Spring DispatcherServlet 'dispatcherServlet'
[mams-school][${env:SERVER_PORT}] 2021-05-06 20:13:01,104 INFO [RMI TCP Connection(4)-192.168.1.106][FrameworkServlet.java:524] - Initializing Servlet 'dispatcherServlet'
[mams-school][${env:SERVER_PORT}] 2021-05-06 20:13:01,275 INFO [RMI TCP Connection(4)-192.168.1.106][FrameworkServlet.java:546] - Completed initialization in 170 ms
[mams-school][${env:SERVER_PORT}] 2021-05-06 20:13:41,747 ERROR [RMI TCP Connection(5)-192.168.1.106][HikariPool.java:574] - HikariPool-1 - Exception during pool initialization.
com.mysql.cj.jdbc.exceptions.CommunicationsException: Communications link failure

The last packet sent successfully to the server was 0 milliseconds ago. The driver has not received any packets from the server.
	at com.mysql.cj.jdbc.exceptions.SQLError.createCommunicationsException(SQLError.java:174)
	at com.mysql.cj.jdbc.exceptions.SQLExceptionsMapping.translateException(SQLExceptionsMapping.java:64)
	at com.mysql.cj.jdbc.ConnectionImpl.createNewIO(ConnectionImpl.java:835)
	at com.mysql.cj.jdbc.ConnectionImpl.<init>(ConnectionImpl.java:455)
	at com.mysql.cj.jdbc.ConnectionImpl.getInstance(ConnectionImpl.java:240)
	at com.mysql.cj.jdbc.NonRegisteringDriver.connect(NonRegisteringDriver.java:199)
	at com.zaxxer.hikari.util.DriverDataSource.getConnection(DriverDataSource.java:136)
	at com.zaxxer.hikari.pool.PoolBase.newConnection(PoolBase.java:369)
	at com.zaxxer.hikari.pool.PoolBase.newPoolEntry(PoolBase.java:198)
	at com.zaxxer.hikari.pool.HikariPool.createPoolEntry(HikariPool.java:467)
	at com.zaxxer.hikari.pool.HikariPool.checkFailFast(HikariPool.java:541)
	at com.zaxxer.hikari.pool.HikariPool.<init>(HikariPool.java:115)
	at com.zaxxer.hikari.HikariDataSource.getConnection(HikariDataSource.java:112)
	at org.springframework.jdbc.datasource.DataSourceUtils.fetchConnection(DataSourceUtils.java:157)
	at org.springframework.jdbc.datasource.DataSourceUtils.doGetConnection(DataSourceUtils.java:115)
	at org.springframework.jdbc.datasource.DataSourceUtils.getConnection(DataSourceUtils.java:78)
	at org.springframework.jdbc.core.JdbcTemplate.execute(JdbcTemplate.java:324)
	at org.springframework.boot.actuate.jdbc.DataSourceHealthIndicator.getProduct(DataSourceHealthIndicator.java:122)
	at org.springframework.boot.actuate.jdbc.DataSourceHealthIndicator.doDataSourceHealthCheck(DataSourceHealthIndicator.java:109)
	at org.springframework.boot.actuate.jdbc.DataSourceHealthIndicator.doHealthCheck(DataSourceHealthIndicator.java:104)
	at org.springframework.boot.actuate.health.AbstractHealthIndicator.health(AbstractHealthIndicator.java:84)
	at org.springframework.boot.actuate.health.CompositeHealthIndicator.health(CompositeHealthIndicator.java:98)
	at org.springframework.boot.actuate.health.HealthEndpoint.health(HealthEndpoint.java:50)
	at sun.reflect.NativeMethodAccessorImpl.invoke0(Native Method)
	at sun.reflect.NativeMethodAccessorImpl.invoke(NativeMethodAccessorImpl.java:62)
	at sun.reflect.DelegatingMethodAccessorImpl.invoke(DelegatingMethodAccessorImpl.java:43)
	at java.lang.reflect.Method.invoke(Method.java:498)
	at org.springframework.util.ReflectionUtils.invokeMethod(ReflectionUtils.java:246)
	at org.springframework.boot.actuate.endpoint.invoke.reflect.ReflectiveOperationInvoker.invoke(ReflectiveOperationInvoker.java:76)
	at org.springframework.boot.actuate.endpoint.annotation.AbstractDiscoveredOperation.invoke(AbstractDiscoveredOperation.java:61)
	at org.springframework.boot.actuate.endpoint.jmx.EndpointMBean.invoke(EndpointMBean.java:126)
	at org.springframework.boot.actuate.endpoint.jmx.EndpointMBean.invoke(EndpointMBean.java:99)
	at com.sun.jmx.interceptor.DefaultMBeanServerInterceptor.invoke(DefaultMBeanServerInterceptor.java:819)
	at com.sun.jmx.mbeanserver.JmxMBeanServer.invoke(JmxMBeanServer.java:801)
	at javax.management.remote.rmi.RMIConnectionImpl.doOperation(RMIConnectionImpl.java:1468)
	at javax.management.remote.rmi.RMIConnectionImpl.access$300(RMIConnectionImpl.java:76)
	at javax.management.remote.rmi.RMIConnectionImpl$PrivilegedOperation.run(RMIConnectionImpl.java:1309)
	at javax.management.remote.rmi.RMIConnectionImpl.doPrivilegedOperation(RMIConnectionImpl.java:1401)
	at javax.management.remote.rmi.RMIConnectionImpl.invoke(RMIConnectionImpl.java:829)
	at sun.reflect.GeneratedMethodAccessor70.invoke(Unknown Source)
	at sun.reflect.DelegatingMethodAccessorImpl.invoke(DelegatingMethodAccessorImpl.java:43)
	at java.lang.reflect.Method.invoke(Method.java:498)
	at sun.rmi.server.UnicastServerRef.dispatch(UnicastServerRef.java:324)
	at sun.rmi.transport.Transport$1.run(Transport.java:200)
	at sun.rmi.transport.Transport$1.run(Transport.java:197)
	at java.security.AccessController.doPrivileged(Native Method)
	at sun.rmi.transport.Transport.serviceCall(Transport.java:196)
	at sun.rmi.transport.tcp.TCPTransport.handleMessages(TCPTransport.java:568)
	at sun.rmi.transport.tcp.TCPTransport$ConnectionHandler.run0(TCPTransport.java:826)
	at sun.rmi.transport.tcp.TCPTransport$ConnectionHandler.lambda$run$0(TCPTransport.java:683)
	at java.security.AccessController.doPrivileged(Native Method)
	at sun.rmi.transport.tcp.TCPTransport$ConnectionHandler.run(TCPTransport.java:682)
	at java.util.concurrent.ThreadPoolExecutor.runWorker(ThreadPoolExecutor.java:1142)
	at java.util.concurrent.ThreadPoolExecutor$Worker.run(ThreadPoolExecutor.java:617)
	at java.lang.Thread.run(Thread.java:745)
Caused by: com.mysql.cj.exceptions.CJCommunicationsException: Communications link failure

The last packet sent successfully to the server was 0 milliseconds ago. The driver has not received any packets from the server.
	at sun.reflect.NativeConstructorAccessorImpl.newInstance0(Native Method)
	at sun.reflect.NativeConstructorAccessorImpl.newInstance(NativeConstructorAccessorImpl.java:62)
	at sun.reflect.DelegatingConstructorAccessorImpl.newInstance(DelegatingConstructorAccessorImpl.java:45)
	at java.lang.reflect.Constructor.newInstance(Constructor.java:423)
	at com.mysql.cj.exceptions.ExceptionFactory.createException(ExceptionFactory.java:61)
	at com.mysql.cj.exceptions.ExceptionFactory.createException(ExceptionFactory.java:105)
	at com.mysql.cj.exceptions.ExceptionFactory.createException(ExceptionFactory.java:151)
	at com.mysql.cj.exceptions.ExceptionFactory.createCommunicationsException(ExceptionFactory.java:167)
	at com.mysql.cj.protocol.a.NativeProtocol.negotiateSSLConnection(NativeProtocol.java:361)
	at com.mysql.cj.protocol.a.NativeAuthenticationProvider.negotiateSSLConnection(NativeAuthenticationProvider.java:777)
	at com.mysql.cj.protocol.a.NativeAuthenticationProvider.proceedHandshakeWithPluggableAuthentication(NativeAuthenticationProvider.java:486)
	at com.mysql.cj.protocol.a.NativeAuthenticationProvider.connect(NativeAuthenticationProvider.java:202)
	at com.mysql.cj.protocol.a.NativeProtocol.connect(NativeProtocol.java:1449)
	at com.mysql.cj.NativeSession.connect(NativeSession.java:165)
	at com.mysql.cj.jdbc.ConnectionImpl.connectOneTryOnly(ConnectionImpl.java:955)
	at com.mysql.cj.jdbc.ConnectionImpl.createNewIO(ConnectionImpl.java:825)
	... 52 more
Caused by: java.net.SocketException: Software caused connection abort: recv failed
	at java.net.SocketInputStream.socketRead0(Native Method)
	at java.net.SocketInputStream.socketRead(SocketInputStream.java:116)
	at java.net.SocketInputStream.read(SocketInputStream.java:170)
	at java.net.SocketInputStream.read(SocketInputStream.java:141)
	at sun.security.ssl.InputRecord.readFully(InputRecord.java:465)
	at sun.security.ssl.InputRecord.read(InputRecord.java:503)
	at sun.security.ssl.SSLSocketImpl.readRecord(SSLSocketImpl.java:973)
	at sun.security.ssl.SSLSocketImpl.performInitialHandshake(SSLSocketImpl.java:1375)
	at sun.security.ssl.SSLSocketImpl.startHandshake(SSLSocketImpl.java:1403)
	at sun.security.ssl.SSLSocketImpl.startHandshake(SSLSocketImpl.java:1387)
	at com.mysql.cj.protocol.ExportControlled.performTlsHandshake(ExportControlled.java:315)
	at com.mysql.cj.protocol.StandardSocketFactory.performTlsHandshake(StandardSocketFactory.java:188)
	at com.mysql.cj.protocol.a.NativeSocketConnection.performTlsHandshake(NativeSocketConnection.java:99)
	at com.mysql.cj.protocol.a.NativeProtocol.negotiateSSLConnection(NativeProtocol.java:352)
	... 59 more
[mams-school][${env:SERVER_PORT}] 2021-05-06 20:13:41,813 INFO [http-nio-8082-exec-3][HikariDataSource.java:110] - HikariPool-1 - Starting...
[mams-school][${env:SERVER_PORT}] 2021-05-06 20:13:41,820 WARN [RMI TCP Connection(5)-192.168.1.106][AbstractHealthIndicator.java:89] - DataSource health check failed
org.springframework.jdbc.CannotGetJdbcConnectionException: Failed to obtain JDBC Connection; nested exception is com.mysql.cj.jdbc.exceptions.CommunicationsException: Communications link failure

The last packet sent successfully to the server was 0 milliseconds ago. The driver has not received any packets from the server.
	at org.springframework.jdbc.datasource.DataSourceUtils.getConnection(DataSourceUtils.java:81)
	at org.springframework.jdbc.core.JdbcTemplate.execute(JdbcTemplate.java:324)
	at org.springframework.boot.actuate.jdbc.DataSourceHealthIndicator.getProduct(DataSourceHealthIndicator.java:122)
	at org.springframework.boot.actuate.jdbc.DataSourceHealthIndicator.doDataSourceHealthCheck(DataSourceHealthIndicator.java:109)
	at org.springframework.boot.actuate.jdbc.DataSourceHealthIndicator.doHealthCheck(DataSourceHealthIndicator.java:104)
	at org.springframework.boot.actuate.health.AbstractHealthIndicator.health(AbstractHealthIndicator.java:84)
	at org.springframework.boot.actuate.health.CompositeHealthIndicator.health(CompositeHealthIndicator.java:98)
	at org.springframework.boot.actuate.health.HealthEndpoint.health(HealthEndpoint.java:50)
	at sun.reflect.NativeMethodAccessorImpl.invoke0(Native Method)
	at sun.reflect.NativeMethodAccessorImpl.invoke(NativeMethodAccessorImpl.java:62)
	at sun.reflect.DelegatingMethodAccessorImpl.invoke(DelegatingMethodAccessorImpl.java:43)
	at java.lang.reflect.Method.invoke(Method.java:498)
	at org.springframework.util.ReflectionUtils.invokeMethod(ReflectionUtils.java:246)
	at org.springframework.boot.actuate.endpoint.invoke.reflect.ReflectiveOperationInvoker.invoke(ReflectiveOperationInvoker.java:76)
	at org.springframework.boot.actuate.endpoint.annotation.AbstractDiscoveredOperation.invoke(AbstractDiscoveredOperation.java:61)
	at org.springframework.boot.actuate.endpoint.jmx.EndpointMBean.invoke(EndpointMBean.java:126)
	at org.springframework.boot.actuate.endpoint.jmx.EndpointMBean.invoke(EndpointMBean.java:99)
	at com.sun.jmx.interceptor.DefaultMBeanServerInterceptor.invoke(DefaultMBeanServerInterceptor.java:819)
	at com.sun.jmx.mbeanserver.JmxMBeanServer.invoke(JmxMBeanServer.java:801)
	at javax.management.remote.rmi.RMIConnectionImpl.doOperation(RMIConnectionImpl.java:1468)
	at javax.management.remote.rmi.RMIConnectionImpl.access$300(RMIConnectionImpl.java:76)
	at javax.management.remote.rmi.RMIConnectionImpl$PrivilegedOperation.run(RMIConnectionImpl.java:1309)
	at javax.management.remote.rmi.RMIConnectionImpl.doPrivilegedOperation(RMIConnectionImpl.java:1401)
	at javax.management.remote.rmi.RMIConnectionImpl.invoke(RMIConnectionImpl.java:829)
	at sun.reflect.GeneratedMethodAccessor70.invoke(Unknown Source)
	at sun.reflect.DelegatingMethodAccessorImpl.invoke(DelegatingMethodAccessorImpl.java:43)
	at java.lang.reflect.Method.invoke(Method.java:498)
	at sun.rmi.server.UnicastServerRef.dispatch(UnicastServerRef.java:324)
	at sun.rmi.transport.Transport$1.run(Transport.java:200)
	at sun.rmi.transport.Transport$1.run(Transport.java:197)
	at java.security.AccessController.doPrivileged(Native Method)
	at sun.rmi.transport.Transport.serviceCall(Transport.java:196)
	at sun.rmi.transport.tcp.TCPTransport.handleMessages(TCPTransport.java:568)
	at sun.rmi.transport.tcp.TCPTransport$ConnectionHandler.run0(TCPTransport.java:826)
	at sun.rmi.transport.tcp.TCPTransport$ConnectionHandler.lambda$run$0(TCPTransport.java:683)
	at java.security.AccessController.doPrivileged(Native Method)
	at sun.rmi.transport.tcp.TCPTransport$ConnectionHandler.run(TCPTransport.java:682)
	at java.util.concurrent.ThreadPoolExecutor.runWorker(ThreadPoolExecutor.java:1142)
	at java.util.concurrent.ThreadPoolExecutor$Worker.run(ThreadPoolExecutor.java:617)
	at java.lang.Thread.run(Thread.java:745)
Caused by: com.mysql.cj.jdbc.exceptions.CommunicationsException: Communications link failure

The last packet sent successfully to the server was 0 milliseconds ago. The driver has not received any packets from the server.
	at com.mysql.cj.jdbc.exceptions.SQLError.createCommunicationsException(SQLError.java:174)
	at com.mysql.cj.jdbc.exceptions.SQLExceptionsMapping.translateException(SQLExceptionsMapping.java:64)
	at com.mysql.cj.jdbc.ConnectionImpl.createNewIO(ConnectionImpl.java:835)
	at com.mysql.cj.jdbc.ConnectionImpl.<init>(ConnectionImpl.java:455)
	at com.mysql.cj.jdbc.ConnectionImpl.getInstance(ConnectionImpl.java:240)
	at com.mysql.cj.jdbc.NonRegisteringDriver.connect(NonRegisteringDriver.java:199)
	at com.zaxxer.hikari.util.DriverDataSource.getConnection(DriverDataSource.java:136)
	at com.zaxxer.hikari.pool.PoolBase.newConnection(PoolBase.java:369)
	at com.zaxxer.hikari.pool.PoolBase.newPoolEntry(PoolBase.java:198)
	at com.zaxxer.hikari.pool.HikariPool.createPoolEntry(HikariPool.java:467)
	at com.zaxxer.hikari.pool.HikariPool.checkFailFast(HikariPool.java:541)
	at com.zaxxer.hikari.pool.HikariPool.<init>(HikariPool.java:115)
	at com.zaxxer.hikari.HikariDataSource.getConnection(HikariDataSource.java:112)
	at org.springframework.jdbc.datasource.DataSourceUtils.fetchConnection(DataSourceUtils.java:157)
	at org.springframework.jdbc.datasource.DataSourceUtils.doGetConnection(DataSourceUtils.java:115)
	at org.springframework.jdbc.datasource.DataSourceUtils.getConnection(DataSourceUtils.java:78)
	... 39 more
Caused by: com.mysql.cj.exceptions.CJCommunicationsException: Communications link failure

The last packet sent successfully to the server was 0 milliseconds ago. The driver has not received any packets from the server.
	at sun.reflect.NativeConstructorAccessorImpl.newInstance0(Native Method)
	at sun.reflect.NativeConstructorAccessorImpl.newInstance(NativeConstructorAccessorImpl.java:62)
	at sun.reflect.DelegatingConstructorAccessorImpl.newInstance(DelegatingConstructorAccessorImpl.java:45)
	at java.lang.reflect.Constructor.newInstance(Constructor.java:423)
	at com.mysql.cj.exceptions.ExceptionFactory.createException(ExceptionFactory.java:61)
	at com.mysql.cj.exceptions.ExceptionFactory.createException(ExceptionFactory.java:105)
	at com.mysql.cj.exceptions.ExceptionFactory.createException(ExceptionFactory.java:151)
	at com.mysql.cj.exceptions.ExceptionFactory.createCommunicationsException(ExceptionFactory.java:167)
	at com.mysql.cj.protocol.a.NativeProtocol.negotiateSSLConnection(NativeProtocol.java:361)
	at com.mysql.cj.protocol.a.NativeAuthenticationProvider.negotiateSSLConnection(NativeAuthenticationProvider.java:777)
	at com.mysql.cj.protocol.a.NativeAuthenticationProvider.proceedHandshakeWithPluggableAuthentication(NativeAuthenticationProvider.java:486)
	at com.mysql.cj.protocol.a.NativeAuthenticationProvider.connect(NativeAuthenticationProvider.java:202)
	at com.mysql.cj.protocol.a.NativeProtocol.connect(NativeProtocol.java:1449)
	at com.mysql.cj.NativeSession.connect(NativeSession.java:165)
	at com.mysql.cj.jdbc.ConnectionImpl.connectOneTryOnly(ConnectionImpl.java:955)
	at com.mysql.cj.jdbc.ConnectionImpl.createNewIO(ConnectionImpl.java:825)
	... 52 more
Caused by: java.net.SocketException: Software caused connection abort: recv failed
	at java.net.SocketInputStream.socketRead0(Native Method)
	at java.net.SocketInputStream.socketRead(SocketInputStream.java:116)
	at java.net.SocketInputStream.read(SocketInputStream.java:170)
	at java.net.SocketInputStream.read(SocketInputStream.java:141)
	at sun.security.ssl.InputRecord.readFully(InputRecord.java:465)
	at sun.security.ssl.InputRecord.read(InputRecord.java:503)
	at sun.security.ssl.SSLSocketImpl.readRecord(SSLSocketImpl.java:973)
	at sun.security.ssl.SSLSocketImpl.performInitialHandshake(SSLSocketImpl.java:1375)
	at sun.security.ssl.SSLSocketImpl.startHandshake(SSLSocketImpl.java:1403)
	at sun.security.ssl.SSLSocketImpl.startHandshake(SSLSocketImpl.java:1387)
	at com.mysql.cj.protocol.ExportControlled.performTlsHandshake(ExportControlled.java:315)
	at com.mysql.cj.protocol.StandardSocketFactory.performTlsHandshake(StandardSocketFactory.java:188)
	at com.mysql.cj.protocol.a.NativeSocketConnection.performTlsHandshake(NativeSocketConnection.java:99)
	at com.mysql.cj.protocol.a.NativeProtocol.negotiateSSLConnection(NativeProtocol.java:352)
	... 59 more
[mams-school][${env:SERVER_PORT}] 2021-05-06 20:13:44,361 INFO [http-nio-8082-exec-3][HikariDataSource.java:123] - HikariPool-1 - Start completed.
[mams-school][${env:SERVER_PORT}] 2021-05-06 20:15:10,919 INFO [Thread-28][ExecutorConfigurationSupport.java:208] - Shutting down ExecutorService 'applicationTaskExecutor'
[mams-school][${env:SERVER_PORT}] 2021-05-06 20:15:10,920 INFO [Thread-28][HikariDataSource.java:350] - HikariPool-1 - Shutdown initiated...
[mams-school][${env:SERVER_PORT}] 2021-05-06 20:15:10,951 INFO [Thread-28][HikariDataSource.java:352] - HikariPool-1 - Shutdown completed.
[mams-school][${env:SERVER_PORT}] 2021-05-06 20:15:16,707 INFO [main][StartupInfoLogger.java:50] - Starting MamsSchoolApplication on DESKTOP-U5SUJ4I with PID 18604 (D:\graduation\mams\mams-school\target\classes started by tcp666 in D:\graduation\mams)
[mams-school][${env:SERVER_PORT}] 2021-05-06 20:15:16,751 INFO [main][SpringApplication.java:675] - No active profile set, falling back to default profiles: default
[mams-school][${env:SERVER_PORT}] 2021-05-06 20:15:17,688 INFO [main][PostProcessorRegistrationDelegate.java:330] - Bean 'org.springframework.transaction.annotation.ProxyTransactionManagementConfiguration' of type [org.springframework.transaction.annotation.ProxyTransactionManagementConfiguration$$EnhancerBySpringCGLIB$$d32d2f97] is not eligible for getting processed by all BeanPostProcessors (for example: not eligible for auto-proxying)
[mams-school][${env:SERVER_PORT}] 2021-05-06 20:15:17,921 INFO [main][TomcatWebServer.java:90] - Tomcat initialized with port(s): 8082 (http)
[mams-school][${env:SERVER_PORT}] 2021-05-06 20:15:17,934 INFO [main][DirectJDKLog.java:173] - Initializing ProtocolHandler ["http-nio-8082"]
[mams-school][${env:SERVER_PORT}] 2021-05-06 20:15:17,945 INFO [main][DirectJDKLog.java:173] - Starting service [Tomcat]
[mams-school][${env:SERVER_PORT}] 2021-05-06 20:15:17,946 INFO [main][DirectJDKLog.java:173] - Starting Servlet engine: [Apache Tomcat/9.0.16]
[mams-school][${env:SERVER_PORT}] 2021-05-06 20:15:17,952 INFO [main][DirectJDKLog.java:173] - The APR based Apache Tomcat Native library which allows optimal performance in production environments was not found on the java.library.path: [D:\java\jdk1.8\bin;C:\WINDOWS\Sun\Java\bin;C:\WINDOWS\system32;C:\WINDOWS;C:\WINDOWS\system32;C:\WINDOWS;C:\WINDOWS\System32\Wbem;C:\WINDOWS\System32\WindowsPowerShell\v1.0\;C:\WINDOWS\System32\OpenSSH\;D:\mysql\mysql-8.0.15-winx64\mysql-8.0.15-winx64\bin;D:\java\jdk1.8\bin\;D:\java\jdk1.8\jre\bin\;C:\Users\tcp666\AppData\Local\Microsoft\WindowsApps;;.]
[mams-school][${env:SERVER_PORT}] 2021-05-06 20:15:18,053 INFO [main][DirectJDKLog.java:173] - Initializing Spring embedded WebApplicationContext
[mams-school][${env:SERVER_PORT}] 2021-05-06 20:15:18,053 INFO [main][ServletWebServerApplicationContext.java:296] - Root WebApplicationContext: initialization completed in 1272 ms
[mams-school][${env:SERVER_PORT}] 2021-05-06 20:15:18,762 INFO [main][ExecutorConfigurationSupport.java:171] - Initializing ExecutorService 'applicationTaskExecutor'
[mams-school][${env:SERVER_PORT}] 2021-05-06 20:15:18,840 INFO [main][WelcomePageHandlerMapping.java:56] - Adding welcome page: class path resource [static/index.html]
[mams-school][${env:SERVER_PORT}] 2021-05-06 20:15:19,039 INFO [main][EndpointLinksResolver.java:59] - Exposing 2 endpoint(s) beneath base path '/actuator'
[mams-school][${env:SERVER_PORT}] 2021-05-06 20:15:19,079 INFO [main][DirectJDKLog.java:173] - Starting ProtocolHandler ["http-nio-8082"]
[mams-school][${env:SERVER_PORT}] 2021-05-06 20:15:19,098 INFO [main][TomcatWebServer.java:204] - Tomcat started on port(s): 8082 (http) with context path ''
[mams-school][${env:SERVER_PORT}] 2021-05-06 20:15:19,100 INFO [main][StartupInfoLogger.java:59] - Started MamsSchoolApplication in 2.774 seconds (JVM running for 4.128)
[mams-school][${env:SERVER_PORT}] 2021-05-06 20:15:19,519 INFO [RMI TCP Connection(1)-192.168.1.106][DirectJDKLog.java:173] - Initializing Spring DispatcherServlet 'dispatcherServlet'
[mams-school][${env:SERVER_PORT}] 2021-05-06 20:15:19,520 INFO [RMI TCP Connection(1)-192.168.1.106][FrameworkServlet.java:524] - Initializing Servlet 'dispatcherServlet'
[mams-school][${env:SERVER_PORT}] 2021-05-06 20:15:19,528 INFO [RMI TCP Connection(1)-192.168.1.106][FrameworkServlet.java:546] - Completed initialization in 8 ms
[mams-school][${env:SERVER_PORT}] 2021-05-06 20:15:19,772 INFO [RMI TCP Connection(3)-192.168.1.106][HikariDataSource.java:110] - HikariPool-1 - Starting...
[mams-school][${env:SERVER_PORT}] 2021-05-06 20:15:20,093 INFO [RMI TCP Connection(3)-192.168.1.106][HikariDataSource.java:123] - HikariPool-1 - Start completed.
