[mams-student][${env:SERVER_PORT}] 2021-05-05 13:01:15,043 INFO [main][StartupInfoLogger.java:50] - Starting MamsStudentApplication on DESKTOP-U5SUJ4I with PID 4668 (D:\graduation\mams\mams-student\target\classes started by tcp666 in D:\graduation\mams)
[mams-student][${env:SERVER_PORT}] 2021-05-05 13:01:15,088 INFO [main][SpringApplication.java:675] - No active profile set, falling back to default profiles: default
[mams-student][${env:SERVER_PORT}] 2021-05-05 13:01:16,194 INFO [main][PostProcessorRegistrationDelegate.java:330] - Bean 'org.springframework.transaction.annotation.ProxyTransactionManagementConfiguration' of type [org.springframework.transaction.annotation.ProxyTransactionManagementConfiguration$$EnhancerBySpringCGLIB$$82b7a44b] is not eligible for getting processed by all BeanPostProcessors (for example: not eligible for auto-proxying)
[mams-student][${env:SERVER_PORT}] 2021-05-05 13:01:16,454 INFO [main][TomcatWebServer.java:90] - Tomcat initialized with port(s): 8083 (http)
[mams-student][${env:SERVER_PORT}] 2021-05-05 13:01:16,468 INFO [main][DirectJDKLog.java:173] - Initializing ProtocolHandler ["http-nio-8083"]
[mams-student][${env:SERVER_PORT}] 2021-05-05 13:01:16,476 INFO [main][DirectJDKLog.java:173] - Starting service [Tomcat]
[mams-student][${env:SERVER_PORT}] 2021-05-05 13:01:16,477 INFO [main][DirectJDKLog.java:173] - Starting Servlet engine: [Apache Tomcat/9.0.16]
[mams-student][${env:SERVER_PORT}] 2021-05-05 13:01:16,483 INFO [main][DirectJDKLog.java:173] - The APR based Apache Tomcat Native library which allows optimal performance in production environments was not found on the java.library.path: [D:\java\jdk1.8\bin;C:\WINDOWS\Sun\Java\bin;C:\WINDOWS\system32;C:\WINDOWS;C:\WINDOWS\system32;C:\WINDOWS;C:\WINDOWS\System32\Wbem;C:\WINDOWS\System32\WindowsPowerShell\v1.0\;C:\WINDOWS\System32\OpenSSH\;D:\mysql\mysql-8.0.15-winx64\mysql-8.0.15-winx64\bin;D:\java\jdk1.8\bin\;D:\java\jdk1.8\jre\bin\;C:\Users\tcp666\AppData\Local\Microsoft\WindowsApps;;.]
[mams-student][${env:SERVER_PORT}] 2021-05-05 13:01:16,584 INFO [main][DirectJDKLog.java:173] - Initializing Spring embedded WebApplicationContext
[mams-student][${env:SERVER_PORT}] 2021-05-05 13:01:16,585 INFO [main][ServletWebServerApplicationContext.java:296] - Root WebApplicationContext: initialization completed in 1459 ms
[mams-student][${env:SERVER_PORT}] 2021-05-05 13:01:17,330 INFO [main][ExecutorConfigurationSupport.java:171] - Initializing ExecutorService 'applicationTaskExecutor'
[mams-student][${env:SERVER_PORT}] 2021-05-05 13:01:17,407 INFO [main][WelcomePageHandlerMapping.java:56] - Adding welcome page: class path resource [static/index.html]
[mams-student][${env:SERVER_PORT}] 2021-05-05 13:01:17,615 INFO [main][EndpointLinksResolver.java:59] - Exposing 2 endpoint(s) beneath base path '/actuator'
[mams-student][${env:SERVER_PORT}] 2021-05-05 13:01:17,657 INFO [main][DirectJDKLog.java:173] - Starting ProtocolHandler ["http-nio-8083"]
[mams-student][${env:SERVER_PORT}] 2021-05-05 13:01:17,676 INFO [main][TomcatWebServer.java:204] - Tomcat started on port(s): 8083 (http) with context path ''
[mams-student][${env:SERVER_PORT}] 2021-05-05 13:01:17,679 INFO [main][StartupInfoLogger.java:59] - Started MamsStudentApplication in 2.978 seconds (JVM running for 4.4)
[mams-student][${env:SERVER_PORT}] 2021-05-05 13:01:25,296 INFO [main][StartupInfoLogger.java:50] - Starting MamsStudentApplication on DESKTOP-U5SUJ4I with PID 10900 (D:\graduation\mams\mams-student\target\classes started by tcp666 in D:\graduation\mams)
[mams-student][${env:SERVER_PORT}] 2021-05-05 13:01:25,310 INFO [main][SpringApplication.java:675] - No active profile set, falling back to default profiles: default
[mams-student][${env:SERVER_PORT}] 2021-05-05 13:01:26,328 INFO [main][PostProcessorRegistrationDelegate.java:330] - Bean 'org.springframework.transaction.annotation.ProxyTransactionManagementConfiguration' of type [org.springframework.transaction.annotation.ProxyTransactionManagementConfiguration$$EnhancerBySpringCGLIB$$c93d7770] is not eligible for getting processed by all BeanPostProcessors (for example: not eligible for auto-proxying)
[mams-student][${env:SERVER_PORT}] 2021-05-05 13:01:26,571 INFO [main][TomcatWebServer.java:90] - Tomcat initialized with port(s): 8083 (http)
[mams-student][${env:SERVER_PORT}] 2021-05-05 13:01:26,584 INFO [main][DirectJDKLog.java:173] - Initializing ProtocolHandler ["http-nio-8083"]
[mams-student][${env:SERVER_PORT}] 2021-05-05 13:01:26,592 INFO [main][DirectJDKLog.java:173] - Starting service [Tomcat]
[mams-student][${env:SERVER_PORT}] 2021-05-05 13:01:26,593 INFO [main][DirectJDKLog.java:173] - Starting Servlet engine: [Apache Tomcat/9.0.16]
[mams-student][${env:SERVER_PORT}] 2021-05-05 13:01:26,603 INFO [main][DirectJDKLog.java:173] - The APR based Apache Tomcat Native library which allows optimal performance in production environments was not found on the java.library.path: [D:\java\jdk1.8\bin;C:\WINDOWS\Sun\Java\bin;C:\WINDOWS\system32;C:\WINDOWS;C:\WINDOWS\system32;C:\WINDOWS;C:\WINDOWS\System32\Wbem;C:\WINDOWS\System32\WindowsPowerShell\v1.0\;C:\WINDOWS\System32\OpenSSH\;D:\mysql\mysql-8.0.15-winx64\mysql-8.0.15-winx64\bin;D:\java\jdk1.8\bin\;D:\java\jdk1.8\jre\bin\;C:\Users\tcp666\AppData\Local\Microsoft\WindowsApps;;.]
[mams-student][${env:SERVER_PORT}] 2021-05-05 13:01:26,709 INFO [main][DirectJDKLog.java:173] - Initializing Spring embedded WebApplicationContext
[mams-student][${env:SERVER_PORT}] 2021-05-05 13:01:26,709 INFO [main][ServletWebServerApplicationContext.java:296] - Root WebApplicationContext: initialization completed in 1344 ms
[mams-student][${env:SERVER_PORT}] 2021-05-05 13:01:27,514 INFO [main][ExecutorConfigurationSupport.java:171] - Initializing ExecutorService 'applicationTaskExecutor'
[mams-student][${env:SERVER_PORT}] 2021-05-05 13:01:27,610 INFO [main][WelcomePageHandlerMapping.java:56] - Adding welcome page: class path resource [static/index.html]
[mams-student][${env:SERVER_PORT}] 2021-05-05 13:01:27,832 INFO [main][EndpointLinksResolver.java:59] - Exposing 2 endpoint(s) beneath base path '/actuator'
[mams-student][${env:SERVER_PORT}] 2021-05-05 13:01:27,878 INFO [main][DirectJDKLog.java:173] - Starting ProtocolHandler ["http-nio-8083"]
[mams-student][${env:SERVER_PORT}] 2021-05-05 13:01:27,901 INFO [main][TomcatWebServer.java:204] - Tomcat started on port(s): 8083 (http) with context path ''
[mams-student][${env:SERVER_PORT}] 2021-05-05 13:01:27,904 INFO [main][StartupInfoLogger.java:59] - Started MamsStudentApplication in 3.032 seconds (JVM running for 4.36)
[mams-student][${env:SERVER_PORT}] 2021-05-05 13:01:28,614 INFO [RMI TCP Connection(2)-192.168.1.106][DirectJDKLog.java:173] - Initializing Spring DispatcherServlet 'dispatcherServlet'
[mams-student][${env:SERVER_PORT}] 2021-05-05 13:01:28,615 INFO [RMI TCP Connection(1)-192.168.1.106][HikariDataSource.java:110] - HikariPool-1 - Starting...
[mams-student][${env:SERVER_PORT}] 2021-05-05 13:01:28,615 INFO [RMI TCP Connection(2)-192.168.1.106][FrameworkServlet.java:524] - Initializing Servlet 'dispatcherServlet'
[mams-student][${env:SERVER_PORT}] 2021-05-05 13:01:28,622 INFO [RMI TCP Connection(2)-192.168.1.106][FrameworkServlet.java:546] - Completed initialization in 7 ms
[mams-student][${env:SERVER_PORT}] 2021-05-05 13:01:29,037 INFO [RMI TCP Connection(1)-192.168.1.106][HikariDataSource.java:123] - HikariPool-1 - Start completed.
[mams-student][${env:SERVER_PORT}] 2021-05-05 13:02:33,907 ERROR [http-nio-8083-exec-7][DirectJDKLog.java:175] - Servlet.service() for servlet [dispatcherServlet] in context with path [] threw exception [Request processing failed; nested exception is org.springframework.jdbc.BadSqlGrammarException: 
### Error querying database.  Cause: java.sql.SQLSyntaxErrorException: Unknown column 'student_school_name' in 'where clause'
### The error may exist in com/mams/mamsstudent/mapper/StudentApplicationMapper.java (best guess)
### The error may involve com.mams.mamsstudent.mapper.StudentApplicationMapper.countAllBySchoolAndProfession-Inline
### The error occurred while setting parameters
### SQL: select count(*) from exam_message_info where student_school_name=? and project_profession_name=?
### Cause: java.sql.SQLSyntaxErrorException: Unknown column 'student_school_name' in 'where clause'
; bad SQL grammar []; nested exception is java.sql.SQLSyntaxErrorException: Unknown column 'student_school_name' in 'where clause'] with root cause
java.sql.SQLSyntaxErrorException: Unknown column 'student_school_name' in 'where clause'
	at com.mysql.cj.jdbc.exceptions.SQLError.createSQLException(SQLError.java:120)
	at com.mysql.cj.jdbc.exceptions.SQLError.createSQLException(SQLError.java:97)
	at com.mysql.cj.jdbc.exceptions.SQLExceptionsMapping.translateException(SQLExceptionsMapping.java:122)
	at com.mysql.cj.jdbc.ClientPreparedStatement.executeInternal(ClientPreparedStatement.java:970)
	at com.mysql.cj.jdbc.ClientPreparedStatement.execute(ClientPreparedStatement.java:387)
	at com.zaxxer.hikari.pool.ProxyPreparedStatement.execute(ProxyPreparedStatement.java:44)
	at com.zaxxer.hikari.pool.HikariProxyPreparedStatement.execute(HikariProxyPreparedStatement.java)
	at org.apache.ibatis.executor.statement.PreparedStatementHandler.query(PreparedStatementHandler.java:64)
	at org.apache.ibatis.executor.statement.RoutingStatementHandler.query(RoutingStatementHandler.java:79)
	at org.apache.ibatis.executor.SimpleExecutor.doQuery(SimpleExecutor.java:63)
	at org.apache.ibatis.executor.BaseExecutor.queryFromDatabase(BaseExecutor.java:324)
	at org.apache.ibatis.executor.BaseExecutor.query(BaseExecutor.java:156)
	at org.apache.ibatis.executor.CachingExecutor.query(CachingExecutor.java:109)
	at org.apache.ibatis.executor.CachingExecutor.query(CachingExecutor.java:83)
	at org.apache.ibatis.session.defaults.DefaultSqlSession.selectList(DefaultSqlSession.java:147)
	at org.apache.ibatis.session.defaults.DefaultSqlSession.selectList(DefaultSqlSession.java:140)
	at org.apache.ibatis.session.defaults.DefaultSqlSession.selectOne(DefaultSqlSession.java:76)
	at sun.reflect.NativeMethodAccessorImpl.invoke0(Native Method)
	at sun.reflect.NativeMethodAccessorImpl.invoke(NativeMethodAccessorImpl.java:62)
	at sun.reflect.DelegatingMethodAccessorImpl.invoke(DelegatingMethodAccessorImpl.java:43)
	at java.lang.reflect.Method.invoke(Method.java:498)
	at org.mybatis.spring.SqlSessionTemplate$SqlSessionInterceptor.invoke(SqlSessionTemplate.java:426)
	at com.sun.proxy.$Proxy97.selectOne(Unknown Source)
	at org.mybatis.spring.SqlSessionTemplate.selectOne(SqlSessionTemplate.java:159)
	at org.apache.ibatis.binding.MapperMethod.execute(MapperMethod.java:87)
	at org.apache.ibatis.binding.MapperProxy.invoke(MapperProxy.java:57)
	at com.sun.proxy.$Proxy106.countAllBySchoolAndProfession(Unknown Source)
	at com.mams.mamsstudent.controller.StudentUserController.saveApplication(StudentUserController.java:184)
	at sun.reflect.NativeMethodAccessorImpl.invoke0(Native Method)
	at sun.reflect.NativeMethodAccessorImpl.invoke(NativeMethodAccessorImpl.java:62)
	at sun.reflect.DelegatingMethodAccessorImpl.invoke(DelegatingMethodAccessorImpl.java:43)
	at java.lang.reflect.Method.invoke(Method.java:498)
	at org.springframework.web.method.support.InvocableHandlerMethod.doInvoke(InvocableHandlerMethod.java:189)
	at org.springframework.web.method.support.InvocableHandlerMethod.invokeForRequest(InvocableHandlerMethod.java:138)
	at org.springframework.web.servlet.mvc.method.annotation.ServletInvocableHandlerMethod.invokeAndHandle(ServletInvocableHandlerMethod.java:102)
	at org.springframework.web.servlet.mvc.method.annotation.RequestMappingHandlerAdapter.invokeHandlerMethod(RequestMappingHandlerAdapter.java:895)
	at org.springframework.web.servlet.mvc.method.annotation.RequestMappingHandlerAdapter.handleInternal(RequestMappingHandlerAdapter.java:800)
	at org.springframework.web.servlet.mvc.method.AbstractHandlerMethodAdapter.handle(AbstractHandlerMethodAdapter.java:87)
	at org.springframework.web.servlet.DispatcherServlet.doDispatch(DispatcherServlet.java:1038)
	at org.springframework.web.servlet.DispatcherServlet.doService(DispatcherServlet.java:942)
	at org.springframework.web.servlet.FrameworkServlet.processRequest(FrameworkServlet.java:1005)
	at org.springframework.web.servlet.FrameworkServlet.doPost(FrameworkServlet.java:908)
	at javax.servlet.http.HttpServlet.service(HttpServlet.java:660)
	at org.springframework.web.servlet.FrameworkServlet.service(FrameworkServlet.java:882)
	at javax.servlet.http.HttpServlet.service(HttpServlet.java:741)
	at org.apache.catalina.core.ApplicationFilterChain.internalDoFilter(ApplicationFilterChain.java:231)
	at org.apache.catalina.core.ApplicationFilterChain.doFilter(ApplicationFilterChain.java:166)
	at org.apache.tomcat.websocket.server.WsFilter.doFilter(WsFilter.java:53)
	at org.apache.catalina.core.ApplicationFilterChain.internalDoFilter(ApplicationFilterChain.java:193)
	at org.apache.catalina.core.ApplicationFilterChain.doFilter(ApplicationFilterChain.java:166)
	at org.springframework.boot.actuate.web.trace.servlet.HttpTraceFilter.doFilterInternal(HttpTraceFilter.java:90)
	at org.springframework.web.filter.OncePerRequestFilter.doFilter(OncePerRequestFilter.java:107)
	at org.apache.catalina.core.ApplicationFilterChain.internalDoFilter(ApplicationFilterChain.java:193)
	at org.apache.catalina.core.ApplicationFilterChain.doFilter(ApplicationFilterChain.java:166)
	at org.springframework.web.filter.RequestContextFilter.doFilterInternal(RequestContextFilter.java:99)
	at org.springframework.web.filter.OncePerRequestFilter.doFilter(OncePerRequestFilter.java:107)
	at org.apache.catalina.core.ApplicationFilterChain.internalDoFilter(ApplicationFilterChain.java:193)
	at org.apache.catalina.core.ApplicationFilterChain.doFilter(ApplicationFilterChain.java:166)
	at org.springframework.web.filter.FormContentFilter.doFilterInternal(FormContentFilter.java:92)
	at org.springframework.web.filter.OncePerRequestFilter.doFilter(OncePerRequestFilter.java:107)
	at org.apache.catalina.core.ApplicationFilterChain.internalDoFilter(ApplicationFilterChain.java:193)
	at org.apache.catalina.core.ApplicationFilterChain.doFilter(ApplicationFilterChain.java:166)
	at org.springframework.web.filter.HiddenHttpMethodFilter.doFilterInternal(HiddenHttpMethodFilter.java:93)
	at org.springframework.web.filter.OncePerRequestFilter.doFilter(OncePerRequestFilter.java:107)
	at org.apache.catalina.core.ApplicationFilterChain.internalDoFilter(ApplicationFilterChain.java:193)
	at org.apache.catalina.core.ApplicationFilterChain.doFilter(ApplicationFilterChain.java:166)
	at org.springframework.boot.actuate.metrics.web.servlet.WebMvcMetricsFilter.filterAndRecordMetrics(WebMvcMetricsFilter.java:117)
	at org.springframework.boot.actuate.metrics.web.servlet.WebMvcMetricsFilter.doFilterInternal(WebMvcMetricsFilter.java:106)
	at org.springframework.web.filter.OncePerRequestFilter.doFilter(OncePerRequestFilter.java:107)
	at org.apache.catalina.core.ApplicationFilterChain.internalDoFilter(ApplicationFilterChain.java:193)
	at org.apache.catalina.core.ApplicationFilterChain.doFilter(ApplicationFilterChain.java:166)
	at org.springframework.web.filter.CharacterEncodingFilter.doFilterInternal(CharacterEncodingFilter.java:200)
	at org.springframework.web.filter.OncePerRequestFilter.doFilter(OncePerRequestFilter.java:107)
	at org.apache.catalina.core.ApplicationFilterChain.internalDoFilter(ApplicationFilterChain.java:193)
	at org.apache.catalina.core.ApplicationFilterChain.doFilter(ApplicationFilterChain.java:166)
	at org.apache.catalina.core.StandardWrapperValve.invoke(StandardWrapperValve.java:200)
	at org.apache.catalina.core.StandardContextValve.invoke(StandardContextValve.java:96)
	at org.apache.catalina.authenticator.AuthenticatorBase.invoke(AuthenticatorBase.java:490)
	at org.apache.catalina.core.StandardHostValve.invoke(StandardHostValve.java:139)
	at org.apache.catalina.valves.ErrorReportValve.invoke(ErrorReportValve.java:92)
	at org.apache.catalina.core.StandardEngineValve.invoke(StandardEngineValve.java:74)
	at org.apache.catalina.connector.CoyoteAdapter.service(CoyoteAdapter.java:343)
	at org.apache.coyote.http11.Http11Processor.service(Http11Processor.java:408)
	at org.apache.coyote.AbstractProcessorLight.process(AbstractProcessorLight.java:66)
	at org.apache.coyote.AbstractProtocol$ConnectionHandler.process(AbstractProtocol.java:834)
	at org.apache.tomcat.util.net.NioEndpoint$SocketProcessor.doRun(NioEndpoint.java:1415)
	at org.apache.tomcat.util.net.SocketProcessorBase.run(SocketProcessorBase.java:49)
	at java.util.concurrent.ThreadPoolExecutor.runWorker(ThreadPoolExecutor.java:1142)
	at java.util.concurrent.ThreadPoolExecutor$Worker.run(ThreadPoolExecutor.java:617)
	at org.apache.tomcat.util.threads.TaskThread$WrappingRunnable.run(TaskThread.java:61)
	at java.lang.Thread.run(Thread.java:745)
[mams-student][${env:SERVER_PORT}] 2021-05-05 13:06:10,295 INFO [main][StartupInfoLogger.java:50] - Starting MamsStudentApplication on DESKTOP-U5SUJ4I with PID 15800 (D:\graduation\mams\mams-student\target\classes started by tcp666 in D:\graduation\mams)
[mams-student][${env:SERVER_PORT}] 2021-05-05 13:06:10,383 INFO [main][SpringApplication.java:675] - No active profile set, falling back to default profiles: default
[mams-student][${env:SERVER_PORT}] 2021-05-05 13:06:11,497 INFO [main][PostProcessorRegistrationDelegate.java:330] - Bean 'org.springframework.transaction.annotation.ProxyTransactionManagementConfiguration' of type [org.springframework.transaction.annotation.ProxyTransactionManagementConfiguration$$EnhancerBySpringCGLIB$$515f29e9] is not eligible for getting processed by all BeanPostProcessors (for example: not eligible for auto-proxying)
[mams-student][${env:SERVER_PORT}] 2021-05-05 13:06:11,729 INFO [main][TomcatWebServer.java:90] - Tomcat initialized with port(s): 8083 (http)
[mams-student][${env:SERVER_PORT}] 2021-05-05 13:06:11,742 INFO [main][DirectJDKLog.java:173] - Initializing ProtocolHandler ["http-nio-8083"]
[mams-student][${env:SERVER_PORT}] 2021-05-05 13:06:11,750 INFO [main][DirectJDKLog.java:173] - Starting service [Tomcat]
[mams-student][${env:SERVER_PORT}] 2021-05-05 13:06:11,751 INFO [main][DirectJDKLog.java:173] - Starting Servlet engine: [Apache Tomcat/9.0.16]
[mams-student][${env:SERVER_PORT}] 2021-05-05 13:06:11,757 INFO [main][DirectJDKLog.java:173] - The APR based Apache Tomcat Native library which allows optimal performance in production environments was not found on the java.library.path: [D:\java\jdk1.8\bin;C:\WINDOWS\Sun\Java\bin;C:\WINDOWS\system32;C:\WINDOWS;C:\WINDOWS\system32;C:\WINDOWS;C:\WINDOWS\System32\Wbem;C:\WINDOWS\System32\WindowsPowerShell\v1.0\;C:\WINDOWS\System32\OpenSSH\;D:\mysql\mysql-8.0.15-winx64\mysql-8.0.15-winx64\bin;D:\java\jdk1.8\bin\;D:\java\jdk1.8\jre\bin\;C:\Users\tcp666\AppData\Local\Microsoft\WindowsApps;;.]
[mams-student][${env:SERVER_PORT}] 2021-05-05 13:06:11,845 INFO [main][DirectJDKLog.java:173] - Initializing Spring embedded WebApplicationContext
[mams-student][${env:SERVER_PORT}] 2021-05-05 13:06:11,845 INFO [main][ServletWebServerApplicationContext.java:296] - Root WebApplicationContext: initialization completed in 1389 ms
[mams-student][${env:SERVER_PORT}] 2021-05-05 13:06:12,567 INFO [main][ExecutorConfigurationSupport.java:171] - Initializing ExecutorService 'applicationTaskExecutor'
[mams-student][${env:SERVER_PORT}] 2021-05-05 13:06:12,647 INFO [main][WelcomePageHandlerMapping.java:56] - Adding welcome page: class path resource [static/index.html]
[mams-student][${env:SERVER_PORT}] 2021-05-05 13:06:12,864 INFO [main][EndpointLinksResolver.java:59] - Exposing 2 endpoint(s) beneath base path '/actuator'
[mams-student][${env:SERVER_PORT}] 2021-05-05 13:06:12,923 INFO [main][DirectJDKLog.java:173] - Starting ProtocolHandler ["http-nio-8083"]
[mams-student][${env:SERVER_PORT}] 2021-05-05 13:06:12,942 INFO [main][TomcatWebServer.java:204] - Tomcat started on port(s): 8083 (http) with context path ''
[mams-student][${env:SERVER_PORT}] 2021-05-05 13:06:12,945 INFO [main][StartupInfoLogger.java:59] - Started MamsStudentApplication in 3.011 seconds (JVM running for 4.419)
[mams-student][${env:SERVER_PORT}] 2021-05-05 13:06:13,610 INFO [RMI TCP Connection(1)-192.168.1.106][HikariDataSource.java:110] - HikariPool-1 - Starting...
[mams-student][${env:SERVER_PORT}] 2021-05-05 13:06:13,611 INFO [RMI TCP Connection(2)-192.168.1.106][DirectJDKLog.java:173] - Initializing Spring DispatcherServlet 'dispatcherServlet'
[mams-student][${env:SERVER_PORT}] 2021-05-05 13:06:13,612 INFO [RMI TCP Connection(2)-192.168.1.106][FrameworkServlet.java:524] - Initializing Servlet 'dispatcherServlet'
[mams-student][${env:SERVER_PORT}] 2021-05-05 13:06:13,621 INFO [RMI TCP Connection(2)-192.168.1.106][FrameworkServlet.java:546] - Completed initialization in 9 ms
[mams-student][${env:SERVER_PORT}] 2021-05-05 13:06:13,862 INFO [RMI TCP Connection(1)-192.168.1.106][HikariDataSource.java:123] - HikariPool-1 - Start completed.
[mams-student][${env:SERVER_PORT}] 2021-05-05 13:06:46,254 INFO [main][StartupInfoLogger.java:50] - Starting MamsStudentApplication on DESKTOP-U5SUJ4I with PID 18856 (D:\graduation\mams\mams-student\target\classes started by tcp666 in D:\graduation\mams)
[mams-student][${env:SERVER_PORT}] 2021-05-05 13:06:46,267 INFO [main][SpringApplication.java:675] - No active profile set, falling back to default profiles: default
[mams-student][${env:SERVER_PORT}] 2021-05-05 13:06:47,702 INFO [main][PostProcessorRegistrationDelegate.java:330] - Bean 'org.springframework.transaction.annotation.ProxyTransactionManagementConfiguration' of type [org.springframework.transaction.annotation.ProxyTransactionManagementConfiguration$$EnhancerBySpringCGLIB$$d01ced7d] is not eligible for getting processed by all BeanPostProcessors (for example: not eligible for auto-proxying)
[mams-student][${env:SERVER_PORT}] 2021-05-05 13:06:48,052 INFO [main][TomcatWebServer.java:90] - Tomcat initialized with port(s): 8083 (http)
[mams-student][${env:SERVER_PORT}] 2021-05-05 13:06:48,067 INFO [main][DirectJDKLog.java:173] - Initializing ProtocolHandler ["http-nio-8083"]
[mams-student][${env:SERVER_PORT}] 2021-05-05 13:06:48,076 INFO [main][DirectJDKLog.java:173] - Starting service [Tomcat]
[mams-student][${env:SERVER_PORT}] 2021-05-05 13:06:48,077 INFO [main][DirectJDKLog.java:173] - Starting Servlet engine: [Apache Tomcat/9.0.16]
[mams-student][${env:SERVER_PORT}] 2021-05-05 13:06:48,084 INFO [main][DirectJDKLog.java:173] - The APR based Apache Tomcat Native library which allows optimal performance in production environments was not found on the java.library.path: [D:\java\jdk1.8\bin;C:\WINDOWS\Sun\Java\bin;C:\WINDOWS\system32;C:\WINDOWS;C:\WINDOWS\system32;C:\WINDOWS;C:\WINDOWS\System32\Wbem;C:\WINDOWS\System32\WindowsPowerShell\v1.0\;C:\WINDOWS\System32\OpenSSH\;D:\mysql\mysql-8.0.15-winx64\mysql-8.0.15-winx64\bin;D:\java\jdk1.8\bin\;D:\java\jdk1.8\jre\bin\;C:\Users\tcp666\AppData\Local\Microsoft\WindowsApps;;.]
[mams-student][${env:SERVER_PORT}] 2021-05-05 13:06:48,189 INFO [main][DirectJDKLog.java:173] - Initializing Spring embedded WebApplicationContext
[mams-student][${env:SERVER_PORT}] 2021-05-05 13:06:48,189 INFO [main][ServletWebServerApplicationContext.java:296] - Root WebApplicationContext: initialization completed in 1864 ms
[mams-student][${env:SERVER_PORT}] 2021-05-05 13:06:49,191 INFO [main][ExecutorConfigurationSupport.java:171] - Initializing ExecutorService 'applicationTaskExecutor'
[mams-student][${env:SERVER_PORT}] 2021-05-05 13:06:49,288 INFO [main][WelcomePageHandlerMapping.java:56] - Adding welcome page: class path resource [static/index.html]
[mams-student][${env:SERVER_PORT}] 2021-05-05 13:06:49,591 INFO [main][EndpointLinksResolver.java:59] - Exposing 2 endpoint(s) beneath base path '/actuator'
[mams-student][${env:SERVER_PORT}] 2021-05-05 13:06:49,659 INFO [main][DirectJDKLog.java:173] - Starting ProtocolHandler ["http-nio-8083"]
[mams-student][${env:SERVER_PORT}] 2021-05-05 13:06:49,688 INFO [main][TomcatWebServer.java:204] - Tomcat started on port(s): 8083 (http) with context path ''
[mams-student][${env:SERVER_PORT}] 2021-05-05 13:06:49,691 INFO [main][StartupInfoLogger.java:59] - Started MamsStudentApplication in 4.077 seconds (JVM running for 5.882)
[mams-student][${env:SERVER_PORT}] 2021-05-05 13:06:49,896 INFO [http-nio-8083-exec-1][DirectJDKLog.java:173] - Initializing Spring DispatcherServlet 'dispatcherServlet'
[mams-student][${env:SERVER_PORT}] 2021-05-05 13:06:49,897 INFO [http-nio-8083-exec-1][FrameworkServlet.java:524] - Initializing Servlet 'dispatcherServlet'
[mams-student][${env:SERVER_PORT}] 2021-05-05 13:06:49,906 INFO [http-nio-8083-exec-1][FrameworkServlet.java:546] - Completed initialization in 9 ms
[mams-student][${env:SERVER_PORT}] 2021-05-05 13:06:50,272 INFO [RMI TCP Connection(4)-192.168.1.106][HikariDataSource.java:110] - HikariPool-1 - Starting...
[mams-student][${env:SERVER_PORT}] 2021-05-05 13:06:50,618 INFO [RMI TCP Connection(4)-192.168.1.106][HikariDataSource.java:123] - HikariPool-1 - Start completed.
[mams-student][${env:SERVER_PORT}] 2021-05-05 13:07:55,052 WARN [HikariPool-1 housekeeper][HikariPool.java:766] - HikariPool-1 - Thread starvation or clock leap detected (housekeeper delta=1m2s172ms123µs100ns).
[mams-student][${env:SERVER_PORT}] 2021-05-05 13:08:14,417 ERROR [http-nio-8083-exec-7][DirectJDKLog.java:175] - Servlet.service() for servlet [dispatcherServlet] in context with path [] threw exception [Request processing failed; nested exception is org.springframework.jdbc.BadSqlGrammarException: 
### Error querying database.  Cause: java.sql.SQLSyntaxErrorException: Unknown column 'student_school_name' in 'where clause'
### The error may exist in com/mams/mamsstudent/mapper/ExamMessageInfoMapper.java (best guess)
### The error may involve com.mams.mamsstudent.mapper.ExamMessageInfoMapper.countAllBySchoolAndProfession-Inline
### The error occurred while setting parameters
### SQL: select count(*) from exam_message_info where student_school_name=? and project_profession_name=?
### Cause: java.sql.SQLSyntaxErrorException: Unknown column 'student_school_name' in 'where clause'
; bad SQL grammar []; nested exception is java.sql.SQLSyntaxErrorException: Unknown column 'student_school_name' in 'where clause'] with root cause
java.sql.SQLSyntaxErrorException: Unknown column 'student_school_name' in 'where clause'
	at com.mysql.cj.jdbc.exceptions.SQLError.createSQLException(SQLError.java:120)
	at com.mysql.cj.jdbc.exceptions.SQLError.createSQLException(SQLError.java:97)
	at com.mysql.cj.jdbc.exceptions.SQLExceptionsMapping.translateException(SQLExceptionsMapping.java:122)
	at com.mysql.cj.jdbc.ClientPreparedStatement.executeInternal(ClientPreparedStatement.java:970)
	at com.mysql.cj.jdbc.ClientPreparedStatement.execute(ClientPreparedStatement.java:387)
	at com.zaxxer.hikari.pool.ProxyPreparedStatement.execute(ProxyPreparedStatement.java:44)
	at com.zaxxer.hikari.pool.HikariProxyPreparedStatement.execute(HikariProxyPreparedStatement.java)
	at org.apache.ibatis.executor.statement.PreparedStatementHandler.query(PreparedStatementHandler.java:64)
	at org.apache.ibatis.executor.statement.RoutingStatementHandler.query(RoutingStatementHandler.java:79)
	at org.apache.ibatis.executor.SimpleExecutor.doQuery(SimpleExecutor.java:63)
	at org.apache.ibatis.executor.BaseExecutor.queryFromDatabase(BaseExecutor.java:324)
	at org.apache.ibatis.executor.BaseExecutor.query(BaseExecutor.java:156)
	at org.apache.ibatis.executor.CachingExecutor.query(CachingExecutor.java:109)
	at org.apache.ibatis.executor.CachingExecutor.query(CachingExecutor.java:83)
	at org.apache.ibatis.session.defaults.DefaultSqlSession.selectList(DefaultSqlSession.java:147)
	at org.apache.ibatis.session.defaults.DefaultSqlSession.selectList(DefaultSqlSession.java:140)
	at org.apache.ibatis.session.defaults.DefaultSqlSession.selectOne(DefaultSqlSession.java:76)
	at sun.reflect.NativeMethodAccessorImpl.invoke0(Native Method)
	at sun.reflect.NativeMethodAccessorImpl.invoke(NativeMethodAccessorImpl.java:62)
	at sun.reflect.DelegatingMethodAccessorImpl.invoke(DelegatingMethodAccessorImpl.java:43)
	at java.lang.reflect.Method.invoke(Method.java:498)
	at org.mybatis.spring.SqlSessionTemplate$SqlSessionInterceptor.invoke(SqlSessionTemplate.java:426)
	at com.sun.proxy.$Proxy97.selectOne(Unknown Source)
	at org.mybatis.spring.SqlSessionTemplate.selectOne(SqlSessionTemplate.java:159)
	at org.apache.ibatis.binding.MapperMethod.execute(MapperMethod.java:87)
	at org.apache.ibatis.binding.MapperProxy.invoke(MapperProxy.java:57)
	at com.sun.proxy.$Proxy107.countAllBySchoolAndProfession(Unknown Source)
	at com.mams.mamsstudent.controller.StudentUserController.saveApplication(StudentUserController.java:184)
	at sun.reflect.NativeMethodAccessorImpl.invoke0(Native Method)
	at sun.reflect.NativeMethodAccessorImpl.invoke(NativeMethodAccessorImpl.java:62)
	at sun.reflect.DelegatingMethodAccessorImpl.invoke(DelegatingMethodAccessorImpl.java:43)
	at java.lang.reflect.Method.invoke(Method.java:498)
	at org.springframework.web.method.support.InvocableHandlerMethod.doInvoke(InvocableHandlerMethod.java:189)
	at org.springframework.web.method.support.InvocableHandlerMethod.invokeForRequest(InvocableHandlerMethod.java:138)
	at org.springframework.web.servlet.mvc.method.annotation.ServletInvocableHandlerMethod.invokeAndHandle(ServletInvocableHandlerMethod.java:102)
	at org.springframework.web.servlet.mvc.method.annotation.RequestMappingHandlerAdapter.invokeHandlerMethod(RequestMappingHandlerAdapter.java:895)
	at org.springframework.web.servlet.mvc.method.annotation.RequestMappingHandlerAdapter.handleInternal(RequestMappingHandlerAdapter.java:800)
	at org.springframework.web.servlet.mvc.method.AbstractHandlerMethodAdapter.handle(AbstractHandlerMethodAdapter.java:87)
	at org.springframework.web.servlet.DispatcherServlet.doDispatch(DispatcherServlet.java:1038)
	at org.springframework.web.servlet.DispatcherServlet.doService(DispatcherServlet.java:942)
	at org.springframework.web.servlet.FrameworkServlet.processRequest(FrameworkServlet.java:1005)
	at org.springframework.web.servlet.FrameworkServlet.doPost(FrameworkServlet.java:908)
	at javax.servlet.http.HttpServlet.service(HttpServlet.java:660)
	at org.springframework.web.servlet.FrameworkServlet.service(FrameworkServlet.java:882)
	at javax.servlet.http.HttpServlet.service(HttpServlet.java:741)
	at org.apache.catalina.core.ApplicationFilterChain.internalDoFilter(ApplicationFilterChain.java:231)
	at org.apache.catalina.core.ApplicationFilterChain.doFilter(ApplicationFilterChain.java:166)
	at org.apache.tomcat.websocket.server.WsFilter.doFilter(WsFilter.java:53)
	at org.apache.catalina.core.ApplicationFilterChain.internalDoFilter(ApplicationFilterChain.java:193)
	at org.apache.catalina.core.ApplicationFilterChain.doFilter(ApplicationFilterChain.java:166)
	at org.springframework.boot.actuate.web.trace.servlet.HttpTraceFilter.doFilterInternal(HttpTraceFilter.java:90)
	at org.springframework.web.filter.OncePerRequestFilter.doFilter(OncePerRequestFilter.java:107)
	at org.apache.catalina.core.ApplicationFilterChain.internalDoFilter(ApplicationFilterChain.java:193)
	at org.apache.catalina.core.ApplicationFilterChain.doFilter(ApplicationFilterChain.java:166)
	at org.springframework.web.filter.RequestContextFilter.doFilterInternal(RequestContextFilter.java:99)
	at org.springframework.web.filter.OncePerRequestFilter.doFilter(OncePerRequestFilter.java:107)
	at org.apache.catalina.core.ApplicationFilterChain.internalDoFilter(ApplicationFilterChain.java:193)
	at org.apache.catalina.core.ApplicationFilterChain.doFilter(ApplicationFilterChain.java:166)
	at org.springframework.web.filter.FormContentFilter.doFilterInternal(FormContentFilter.java:92)
	at org.springframework.web.filter.OncePerRequestFilter.doFilter(OncePerRequestFilter.java:107)
	at org.apache.catalina.core.ApplicationFilterChain.internalDoFilter(ApplicationFilterChain.java:193)
	at org.apache.catalina.core.ApplicationFilterChain.doFilter(ApplicationFilterChain.java:166)
	at org.springframework.web.filter.HiddenHttpMethodFilter.doFilterInternal(HiddenHttpMethodFilter.java:93)
	at org.springframework.web.filter.OncePerRequestFilter.doFilter(OncePerRequestFilter.java:107)
	at org.apache.catalina.core.ApplicationFilterChain.internalDoFilter(ApplicationFilterChain.java:193)
	at org.apache.catalina.core.ApplicationFilterChain.doFilter(ApplicationFilterChain.java:166)
	at org.springframework.boot.actuate.metrics.web.servlet.WebMvcMetricsFilter.filterAndRecordMetrics(WebMvcMetricsFilter.java:117)
	at org.springframework.boot.actuate.metrics.web.servlet.WebMvcMetricsFilter.doFilterInternal(WebMvcMetricsFilter.java:106)
	at org.springframework.web.filter.OncePerRequestFilter.doFilter(OncePerRequestFilter.java:107)
	at org.apache.catalina.core.ApplicationFilterChain.internalDoFilter(ApplicationFilterChain.java:193)
	at org.apache.catalina.core.ApplicationFilterChain.doFilter(ApplicationFilterChain.java:166)
	at org.springframework.web.filter.CharacterEncodingFilter.doFilterInternal(CharacterEncodingFilter.java:200)
	at org.springframework.web.filter.OncePerRequestFilter.doFilter(OncePerRequestFilter.java:107)
	at org.apache.catalina.core.ApplicationFilterChain.internalDoFilter(ApplicationFilterChain.java:193)
	at org.apache.catalina.core.ApplicationFilterChain.doFilter(ApplicationFilterChain.java:166)
	at org.apache.catalina.core.StandardWrapperValve.invoke(StandardWrapperValve.java:200)
	at org.apache.catalina.core.StandardContextValve.invoke(StandardContextValve.java:96)
	at org.apache.catalina.authenticator.AuthenticatorBase.invoke(AuthenticatorBase.java:490)
	at org.apache.catalina.core.StandardHostValve.invoke(StandardHostValve.java:139)
	at org.apache.catalina.valves.ErrorReportValve.invoke(ErrorReportValve.java:92)
	at org.apache.catalina.core.StandardEngineValve.invoke(StandardEngineValve.java:74)
	at org.apache.catalina.connector.CoyoteAdapter.service(CoyoteAdapter.java:343)
	at org.apache.coyote.http11.Http11Processor.service(Http11Processor.java:408)
	at org.apache.coyote.AbstractProcessorLight.process(AbstractProcessorLight.java:66)
	at org.apache.coyote.AbstractProtocol$ConnectionHandler.process(AbstractProtocol.java:834)
	at org.apache.tomcat.util.net.NioEndpoint$SocketProcessor.doRun(NioEndpoint.java:1415)
	at org.apache.tomcat.util.net.SocketProcessorBase.run(SocketProcessorBase.java:49)
	at java.util.concurrent.ThreadPoolExecutor.runWorker(ThreadPoolExecutor.java:1142)
	at java.util.concurrent.ThreadPoolExecutor$Worker.run(ThreadPoolExecutor.java:617)
	at org.apache.tomcat.util.threads.TaskThread$WrappingRunnable.run(TaskThread.java:61)
	at java.lang.Thread.run(Thread.java:745)
[mams-student][${env:SERVER_PORT}] 2021-05-05 13:08:14,567 INFO [Thread-13][ExecutorConfigurationSupport.java:208] - Shutting down ExecutorService 'applicationTaskExecutor'
[mams-student][${env:SERVER_PORT}] 2021-05-05 13:08:14,568 INFO [Thread-13][HikariDataSource.java:350] - HikariPool-1 - Shutdown initiated...
[mams-student][${env:SERVER_PORT}] 2021-05-05 13:08:14,583 INFO [Thread-13][HikariDataSource.java:352] - HikariPool-1 - Shutdown completed.
[mams-student][${env:SERVER_PORT}] 2021-05-05 13:08:19,266 INFO [main][StartupInfoLogger.java:50] - Starting MamsStudentApplication on DESKTOP-U5SUJ4I with PID 23124 (D:\graduation\mams\mams-student\target\classes started by tcp666 in D:\graduation\mams)
[mams-student][${env:SERVER_PORT}] 2021-05-05 13:08:19,281 INFO [main][SpringApplication.java:675] - No active profile set, falling back to default profiles: default
[mams-student][${env:SERVER_PORT}] 2021-05-05 13:08:20,580 INFO [main][PostProcessorRegistrationDelegate.java:330] - Bean 'org.springframework.transaction.annotation.ProxyTransactionManagementConfiguration' of type [org.springframework.transaction.annotation.ProxyTransactionManagementConfiguration$$EnhancerBySpringCGLIB$$d74d9725] is not eligible for getting processed by all BeanPostProcessors (for example: not eligible for auto-proxying)
[mams-student][${env:SERVER_PORT}] 2021-05-05 13:08:20,938 INFO [main][TomcatWebServer.java:90] - Tomcat initialized with port(s): 8083 (http)
[mams-student][${env:SERVER_PORT}] 2021-05-05 13:08:20,956 INFO [main][DirectJDKLog.java:173] - Initializing ProtocolHandler ["http-nio-8083"]
[mams-student][${env:SERVER_PORT}] 2021-05-05 13:08:20,968 INFO [main][DirectJDKLog.java:173] - Starting service [Tomcat]
[mams-student][${env:SERVER_PORT}] 2021-05-05 13:08:20,970 INFO [main][DirectJDKLog.java:173] - Starting Servlet engine: [Apache Tomcat/9.0.16]
[mams-student][${env:SERVER_PORT}] 2021-05-05 13:08:20,981 INFO [main][DirectJDKLog.java:173] - The APR based Apache Tomcat Native library which allows optimal performance in production environments was not found on the java.library.path: [D:\java\jdk1.8\bin;C:\WINDOWS\Sun\Java\bin;C:\WINDOWS\system32;C:\WINDOWS;C:\WINDOWS\system32;C:\WINDOWS;C:\WINDOWS\System32\Wbem;C:\WINDOWS\System32\WindowsPowerShell\v1.0\;C:\WINDOWS\System32\OpenSSH\;D:\mysql\mysql-8.0.15-winx64\mysql-8.0.15-winx64\bin;D:\java\jdk1.8\bin\;D:\java\jdk1.8\jre\bin\;C:\Users\tcp666\AppData\Local\Microsoft\WindowsApps;;.]
[mams-student][${env:SERVER_PORT}] 2021-05-05 13:08:21,116 INFO [main][DirectJDKLog.java:173] - Initializing Spring embedded WebApplicationContext
[mams-student][${env:SERVER_PORT}] 2021-05-05 13:08:21,117 INFO [main][ServletWebServerApplicationContext.java:296] - Root WebApplicationContext: initialization completed in 1773 ms
[mams-student][${env:SERVER_PORT}] 2021-05-05 13:08:22,405 INFO [main][ExecutorConfigurationSupport.java:171] - Initializing ExecutorService 'applicationTaskExecutor'
[mams-student][${env:SERVER_PORT}] 2021-05-05 13:08:22,537 INFO [main][WelcomePageHandlerMapping.java:56] - Adding welcome page: class path resource [static/index.html]
[mams-student][${env:SERVER_PORT}] 2021-05-05 13:08:22,861 INFO [main][EndpointLinksResolver.java:59] - Exposing 2 endpoint(s) beneath base path '/actuator'
[mams-student][${env:SERVER_PORT}] 2021-05-05 13:08:22,931 INFO [main][DirectJDKLog.java:173] - Starting ProtocolHandler ["http-nio-8083"]
[mams-student][${env:SERVER_PORT}] 2021-05-05 13:08:22,962 INFO [main][TomcatWebServer.java:204] - Tomcat started on port(s): 8083 (http) with context path ''
[mams-student][${env:SERVER_PORT}] 2021-05-05 13:08:22,965 INFO [main][StartupInfoLogger.java:59] - Started MamsStudentApplication in 4.282 seconds (JVM running for 5.728)
[mams-student][${env:SERVER_PORT}] 2021-05-05 13:08:23,498 INFO [RMI TCP Connection(2)-192.168.1.106][DirectJDKLog.java:173] - Initializing Spring DispatcherServlet 'dispatcherServlet'
[mams-student][${env:SERVER_PORT}] 2021-05-05 13:08:23,499 INFO [RMI TCP Connection(2)-192.168.1.106][FrameworkServlet.java:524] - Initializing Servlet 'dispatcherServlet'
[mams-student][${env:SERVER_PORT}] 2021-05-05 13:08:23,499 INFO [RMI TCP Connection(1)-192.168.1.106][HikariDataSource.java:110] - HikariPool-1 - Starting...
[mams-student][${env:SERVER_PORT}] 2021-05-05 13:08:23,513 INFO [RMI TCP Connection(2)-192.168.1.106][FrameworkServlet.java:546] - Completed initialization in 14 ms
[mams-student][${env:SERVER_PORT}] 2021-05-05 13:08:23,845 INFO [RMI TCP Connection(1)-192.168.1.106][HikariDataSource.java:123] - HikariPool-1 - Start completed.
[mams-student][${env:SERVER_PORT}] 2021-05-05 13:08:50,816 INFO [Thread-13][ExecutorConfigurationSupport.java:208] - Shutting down ExecutorService 'applicationTaskExecutor'
[mams-student][${env:SERVER_PORT}] 2021-05-05 13:08:50,818 INFO [Thread-13][HikariDataSource.java:350] - HikariPool-1 - Shutdown initiated...
[mams-student][${env:SERVER_PORT}] 2021-05-05 13:08:50,844 INFO [Thread-13][HikariDataSource.java:352] - HikariPool-1 - Shutdown completed.
[mams-student][${env:SERVER_PORT}] 2021-05-05 13:08:54,699 INFO [main][StartupInfoLogger.java:50] - Starting MamsStudentApplication on DESKTOP-U5SUJ4I with PID 3508 (D:\graduation\mams\mams-student\target\classes started by tcp666 in D:\graduation\mams)
[mams-student][${env:SERVER_PORT}] 2021-05-05 13:08:54,708 INFO [main][SpringApplication.java:675] - No active profile set, falling back to default profiles: default
[mams-student][${env:SERVER_PORT}] 2021-05-05 13:08:55,801 INFO [main][PostProcessorRegistrationDelegate.java:330] - Bean 'org.springframework.transaction.annotation.ProxyTransactionManagementConfiguration' of type [org.springframework.transaction.annotation.ProxyTransactionManagementConfiguration$$EnhancerBySpringCGLIB$$565acfcf] is not eligible for getting processed by all BeanPostProcessors (for example: not eligible for auto-proxying)
[mams-student][${env:SERVER_PORT}] 2021-05-05 13:08:56,049 INFO [main][TomcatWebServer.java:90] - Tomcat initialized with port(s): 8083 (http)
[mams-student][${env:SERVER_PORT}] 2021-05-05 13:08:56,063 INFO [main][DirectJDKLog.java:173] - Initializing ProtocolHandler ["http-nio-8083"]
[mams-student][${env:SERVER_PORT}] 2021-05-05 13:08:56,072 INFO [main][DirectJDKLog.java:173] - Starting service [Tomcat]
[mams-student][${env:SERVER_PORT}] 2021-05-05 13:08:56,073 INFO [main][DirectJDKLog.java:173] - Starting Servlet engine: [Apache Tomcat/9.0.16]
[mams-student][${env:SERVER_PORT}] 2021-05-05 13:08:56,080 INFO [main][DirectJDKLog.java:173] - The APR based Apache Tomcat Native library which allows optimal performance in production environments was not found on the java.library.path: [D:\java\jdk1.8\bin;C:\WINDOWS\Sun\Java\bin;C:\WINDOWS\system32;C:\WINDOWS;C:\WINDOWS\system32;C:\WINDOWS;C:\WINDOWS\System32\Wbem;C:\WINDOWS\System32\WindowsPowerShell\v1.0\;C:\WINDOWS\System32\OpenSSH\;D:\mysql\mysql-8.0.15-winx64\mysql-8.0.15-winx64\bin;D:\java\jdk1.8\bin\;D:\java\jdk1.8\jre\bin\;C:\Users\tcp666\AppData\Local\Microsoft\WindowsApps;;.]
[mams-student][${env:SERVER_PORT}] 2021-05-05 13:08:56,174 INFO [main][DirectJDKLog.java:173] - Initializing Spring embedded WebApplicationContext
[mams-student][${env:SERVER_PORT}] 2021-05-05 13:08:56,175 INFO [main][ServletWebServerApplicationContext.java:296] - Root WebApplicationContext: initialization completed in 1420 ms
[mams-student][${env:SERVER_PORT}] 2021-05-05 13:08:56,908 INFO [main][ExecutorConfigurationSupport.java:171] - Initializing ExecutorService 'applicationTaskExecutor'
[mams-student][${env:SERVER_PORT}] 2021-05-05 13:08:56,989 INFO [main][WelcomePageHandlerMapping.java:56] - Adding welcome page: class path resource [static/index.html]
[mams-student][${env:SERVER_PORT}] 2021-05-05 13:08:57,191 INFO [main][EndpointLinksResolver.java:59] - Exposing 2 endpoint(s) beneath base path '/actuator'
[mams-student][${env:SERVER_PORT}] 2021-05-05 13:08:57,232 INFO [main][DirectJDKLog.java:173] - Starting ProtocolHandler ["http-nio-8083"]
[mams-student][${env:SERVER_PORT}] 2021-05-05 13:08:57,252 INFO [main][TomcatWebServer.java:204] - Tomcat started on port(s): 8083 (http) with context path ''
[mams-student][${env:SERVER_PORT}] 2021-05-05 13:08:57,254 INFO [main][StartupInfoLogger.java:59] - Started MamsStudentApplication in 2.964 seconds (JVM running for 4.254)
[mams-student][${env:SERVER_PORT}] 2021-05-05 13:08:57,538 INFO [RMI TCP Connection(1)-192.168.1.106][DirectJDKLog.java:173] - Initializing Spring DispatcherServlet 'dispatcherServlet'
[mams-student][${env:SERVER_PORT}] 2021-05-05 13:08:57,538 INFO [RMI TCP Connection(2)-192.168.1.106][HikariDataSource.java:110] - HikariPool-1 - Starting...
[mams-student][${env:SERVER_PORT}] 2021-05-05 13:08:57,539 INFO [RMI TCP Connection(1)-192.168.1.106][FrameworkServlet.java:524] - Initializing Servlet 'dispatcherServlet'
[mams-student][${env:SERVER_PORT}] 2021-05-05 13:08:57,545 INFO [RMI TCP Connection(1)-192.168.1.106][FrameworkServlet.java:546] - Completed initialization in 6 ms
[mams-student][${env:SERVER_PORT}] 2021-05-05 13:08:57,838 INFO [RMI TCP Connection(2)-192.168.1.106][HikariDataSource.java:123] - HikariPool-1 - Start completed.
[mams-student][${env:SERVER_PORT}] 2021-05-05 13:14:19,736 INFO [main][StartupInfoLogger.java:50] - Starting MamsStudentApplication on DESKTOP-U5SUJ4I with PID 10384 (D:\graduation\mams\mams-student\target\classes started by tcp666 in D:\graduation\mams)
[mams-student][${env:SERVER_PORT}] 2021-05-05 13:14:19,750 INFO [main][SpringApplication.java:675] - No active profile set, falling back to default profiles: default
[mams-student][${env:SERVER_PORT}] 2021-05-05 13:14:20,748 INFO [main][PostProcessorRegistrationDelegate.java:330] - Bean 'org.springframework.transaction.annotation.ProxyTransactionManagementConfiguration' of type [org.springframework.transaction.annotation.ProxyTransactionManagementConfiguration$$EnhancerBySpringCGLIB$$5ec415f2] is not eligible for getting processed by all BeanPostProcessors (for example: not eligible for auto-proxying)
[mams-student][${env:SERVER_PORT}] 2021-05-05 13:14:20,991 INFO [main][TomcatWebServer.java:90] - Tomcat initialized with port(s): 8083 (http)
[mams-student][${env:SERVER_PORT}] 2021-05-05 13:14:21,002 INFO [main][DirectJDKLog.java:173] - Initializing ProtocolHandler ["http-nio-8083"]
[mams-student][${env:SERVER_PORT}] 2021-05-05 13:14:21,010 INFO [main][DirectJDKLog.java:173] - Starting service [Tomcat]
[mams-student][${env:SERVER_PORT}] 2021-05-05 13:14:21,010 INFO [main][DirectJDKLog.java:173] - Starting Servlet engine: [Apache Tomcat/9.0.16]
[mams-student][${env:SERVER_PORT}] 2021-05-05 13:14:21,016 INFO [main][DirectJDKLog.java:173] - The APR based Apache Tomcat Native library which allows optimal performance in production environments was not found on the java.library.path: [D:\java\jdk1.8\bin;C:\WINDOWS\Sun\Java\bin;C:\WINDOWS\system32;C:\WINDOWS;C:\WINDOWS\system32;C:\WINDOWS;C:\WINDOWS\System32\Wbem;C:\WINDOWS\System32\WindowsPowerShell\v1.0\;C:\WINDOWS\System32\OpenSSH\;D:\mysql\mysql-8.0.15-winx64\mysql-8.0.15-winx64\bin;D:\java\jdk1.8\bin\;D:\java\jdk1.8\jre\bin\;C:\Users\tcp666\AppData\Local\Microsoft\WindowsApps;;.]
[mams-student][${env:SERVER_PORT}] 2021-05-05 13:14:21,097 INFO [main][DirectJDKLog.java:173] - Initializing Spring embedded WebApplicationContext
[mams-student][${env:SERVER_PORT}] 2021-05-05 13:14:21,097 INFO [main][ServletWebServerApplicationContext.java:296] - Root WebApplicationContext: initialization completed in 1222 ms
[mams-student][${env:SERVER_PORT}] 2021-05-05 13:14:21,806 INFO [main][ExecutorConfigurationSupport.java:171] - Initializing ExecutorService 'applicationTaskExecutor'
[mams-student][${env:SERVER_PORT}] 2021-05-05 13:14:21,883 INFO [main][WelcomePageHandlerMapping.java:56] - Adding welcome page: class path resource [static/index.html]
[mams-student][${env:SERVER_PORT}] 2021-05-05 13:14:22,073 INFO [main][EndpointLinksResolver.java:59] - Exposing 2 endpoint(s) beneath base path '/actuator'
[mams-student][${env:SERVER_PORT}] 2021-05-05 13:14:22,116 INFO [main][DirectJDKLog.java:173] - Starting ProtocolHandler ["http-nio-8083"]
[mams-student][${env:SERVER_PORT}] 2021-05-05 13:14:22,136 INFO [main][TomcatWebServer.java:204] - Tomcat started on port(s): 8083 (http) with context path ''
[mams-student][${env:SERVER_PORT}] 2021-05-05 13:14:22,138 INFO [main][StartupInfoLogger.java:59] - Started MamsStudentApplication in 2.846 seconds (JVM running for 4.291)
[mams-student][${env:SERVER_PORT}] 2021-05-05 13:14:22,445 INFO [RMI TCP Connection(1)-192.168.1.106][HikariDataSource.java:110] - HikariPool-1 - Starting...
[mams-student][${env:SERVER_PORT}] 2021-05-05 13:14:22,709 INFO [RMI TCP Connection(1)-192.168.1.106][HikariDataSource.java:123] - HikariPool-1 - Start completed.
[mams-student][${env:SERVER_PORT}] 2021-05-05 13:14:22,915 INFO [RMI TCP Connection(3)-192.168.1.106][DirectJDKLog.java:173] - Initializing Spring DispatcherServlet 'dispatcherServlet'
[mams-student][${env:SERVER_PORT}] 2021-05-05 13:14:22,916 INFO [RMI TCP Connection(3)-192.168.1.106][FrameworkServlet.java:524] - Initializing Servlet 'dispatcherServlet'
[mams-student][${env:SERVER_PORT}] 2021-05-05 13:14:22,935 INFO [RMI TCP Connection(3)-192.168.1.106][FrameworkServlet.java:546] - Completed initialization in 18 ms
[mams-student][${env:SERVER_PORT}] 2021-05-05 13:16:20,361 INFO [main][StartupInfoLogger.java:50] - Starting MamsStudentApplication on DESKTOP-U5SUJ4I with PID 10176 (D:\graduation\mams\mams-student\target\classes started by tcp666 in D:\graduation\mams)
[mams-student][${env:SERVER_PORT}] 2021-05-05 13:16:20,411 INFO [main][SpringApplication.java:675] - No active profile set, falling back to default profiles: default
[mams-student][${env:SERVER_PORT}] 2021-05-05 13:16:21,443 INFO [main][PostProcessorRegistrationDelegate.java:330] - Bean 'org.springframework.transaction.annotation.ProxyTransactionManagementConfiguration' of type [org.springframework.transaction.annotation.ProxyTransactionManagementConfiguration$$EnhancerBySpringCGLIB$$853cbcd1] is not eligible for getting processed by all BeanPostProcessors (for example: not eligible for auto-proxying)
[mams-student][${env:SERVER_PORT}] 2021-05-05 13:16:21,698 INFO [main][TomcatWebServer.java:90] - Tomcat initialized with port(s): 8083 (http)
[mams-student][${env:SERVER_PORT}] 2021-05-05 13:16:21,712 INFO [main][DirectJDKLog.java:173] - Initializing ProtocolHandler ["http-nio-8083"]
[mams-student][${env:SERVER_PORT}] 2021-05-05 13:16:21,722 INFO [main][DirectJDKLog.java:173] - Starting service [Tomcat]
[mams-student][${env:SERVER_PORT}] 2021-05-05 13:16:21,722 INFO [main][DirectJDKLog.java:173] - Starting Servlet engine: [Apache Tomcat/9.0.16]
[mams-student][${env:SERVER_PORT}] 2021-05-05 13:16:21,729 INFO [main][DirectJDKLog.java:173] - The APR based Apache Tomcat Native library which allows optimal performance in production environments was not found on the java.library.path: [D:\java\jdk1.8\bin;C:\WINDOWS\Sun\Java\bin;C:\WINDOWS\system32;C:\WINDOWS;C:\WINDOWS\system32;C:\WINDOWS;C:\WINDOWS\System32\Wbem;C:\WINDOWS\System32\WindowsPowerShell\v1.0\;C:\WINDOWS\System32\OpenSSH\;D:\mysql\mysql-8.0.15-winx64\mysql-8.0.15-winx64\bin;D:\java\jdk1.8\bin\;D:\java\jdk1.8\jre\bin\;C:\Users\tcp666\AppData\Local\Microsoft\WindowsApps;;.]
[mams-student][${env:SERVER_PORT}] 2021-05-05 13:16:21,821 INFO [main][DirectJDKLog.java:173] - Initializing Spring embedded WebApplicationContext
[mams-student][${env:SERVER_PORT}] 2021-05-05 13:16:21,821 INFO [main][ServletWebServerApplicationContext.java:296] - Root WebApplicationContext: initialization completed in 1372 ms
[mams-student][${env:SERVER_PORT}] 2021-05-05 13:16:22,583 INFO [main][ExecutorConfigurationSupport.java:171] - Initializing ExecutorService 'applicationTaskExecutor'
[mams-student][${env:SERVER_PORT}] 2021-05-05 13:16:22,667 INFO [main][WelcomePageHandlerMapping.java:56] - Adding welcome page: class path resource [static/index.html]
[mams-student][${env:SERVER_PORT}] 2021-05-05 13:16:22,894 INFO [main][EndpointLinksResolver.java:59] - Exposing 2 endpoint(s) beneath base path '/actuator'
[mams-student][${env:SERVER_PORT}] 2021-05-05 13:16:22,940 INFO [main][DirectJDKLog.java:173] - Starting ProtocolHandler ["http-nio-8083"]
[mams-student][${env:SERVER_PORT}] 2021-05-05 13:16:22,959 INFO [main][TomcatWebServer.java:204] - Tomcat started on port(s): 8083 (http) with context path ''
[mams-student][${env:SERVER_PORT}] 2021-05-05 13:16:22,962 INFO [main][StartupInfoLogger.java:59] - Started MamsStudentApplication in 2.969 seconds (JVM running for 4.26)
[mams-student][${env:SERVER_PORT}] 2021-05-05 13:16:23,243 INFO [RMI TCP Connection(2)-192.168.1.106][HikariDataSource.java:110] - HikariPool-1 - Starting...
[mams-student][${env:SERVER_PORT}] 2021-05-05 13:16:23,244 INFO [RMI TCP Connection(1)-192.168.1.106][DirectJDKLog.java:173] - Initializing Spring DispatcherServlet 'dispatcherServlet'
[mams-student][${env:SERVER_PORT}] 2021-05-05 13:16:23,245 INFO [RMI TCP Connection(1)-192.168.1.106][FrameworkServlet.java:524] - Initializing Servlet 'dispatcherServlet'
[mams-student][${env:SERVER_PORT}] 2021-05-05 13:16:23,252 INFO [RMI TCP Connection(1)-192.168.1.106][FrameworkServlet.java:546] - Completed initialization in 7 ms
[mams-student][${env:SERVER_PORT}] 2021-05-05 13:16:23,577 INFO [RMI TCP Connection(2)-192.168.1.106][HikariDataSource.java:123] - HikariPool-1 - Start completed.
[mams-student][${env:SERVER_PORT}] 2021-05-05 13:20:32,767 INFO [main][StartupInfoLogger.java:50] - Starting MamsStudentApplication on DESKTOP-U5SUJ4I with PID 19796 (D:\graduation\mams\mams-student\target\classes started by tcp666 in D:\graduation\mams)
[mams-student][${env:SERVER_PORT}] 2021-05-05 13:20:32,774 INFO [main][SpringApplication.java:675] - No active profile set, falling back to default profiles: default
[mams-student][${env:SERVER_PORT}] 2021-05-05 13:20:33,731 INFO [main][PostProcessorRegistrationDelegate.java:330] - Bean 'org.springframework.transaction.annotation.ProxyTransactionManagementConfiguration' of type [org.springframework.transaction.annotation.ProxyTransactionManagementConfiguration$$EnhancerBySpringCGLIB$$2af0af5d] is not eligible for getting processed by all BeanPostProcessors (for example: not eligible for auto-proxying)
[mams-student][${env:SERVER_PORT}] 2021-05-05 13:20:33,967 INFO [main][TomcatWebServer.java:90] - Tomcat initialized with port(s): 8083 (http)
[mams-student][${env:SERVER_PORT}] 2021-05-05 13:20:33,978 INFO [main][DirectJDKLog.java:173] - Initializing ProtocolHandler ["http-nio-8083"]
[mams-student][${env:SERVER_PORT}] 2021-05-05 13:20:33,987 INFO [main][DirectJDKLog.java:173] - Starting service [Tomcat]
[mams-student][${env:SERVER_PORT}] 2021-05-05 13:20:33,988 INFO [main][DirectJDKLog.java:173] - Starting Servlet engine: [Apache Tomcat/9.0.16]
[mams-student][${env:SERVER_PORT}] 2021-05-05 13:20:33,994 INFO [main][DirectJDKLog.java:173] - The APR based Apache Tomcat Native library which allows optimal performance in production environments was not found on the java.library.path: [D:\java\jdk1.8\bin;C:\WINDOWS\Sun\Java\bin;C:\WINDOWS\system32;C:\WINDOWS;C:\WINDOWS\system32;C:\WINDOWS;C:\WINDOWS\System32\Wbem;C:\WINDOWS\System32\WindowsPowerShell\v1.0\;C:\WINDOWS\System32\OpenSSH\;D:\mysql\mysql-8.0.15-winx64\mysql-8.0.15-winx64\bin;D:\java\jdk1.8\bin\;D:\java\jdk1.8\jre\bin\;C:\Users\tcp666\AppData\Local\Microsoft\WindowsApps;;.]
[mams-student][${env:SERVER_PORT}] 2021-05-05 13:20:34,079 INFO [main][DirectJDKLog.java:173] - Initializing Spring embedded WebApplicationContext
[mams-student][${env:SERVER_PORT}] 2021-05-05 13:20:34,080 INFO [main][ServletWebServerApplicationContext.java:296] - Root WebApplicationContext: initialization completed in 1271 ms
[mams-student][${env:SERVER_PORT}] 2021-05-05 13:20:35,139 INFO [main][ExecutorConfigurationSupport.java:171] - Initializing ExecutorService 'applicationTaskExecutor'
[mams-student][${env:SERVER_PORT}] 2021-05-05 13:20:35,224 INFO [main][WelcomePageHandlerMapping.java:56] - Adding welcome page: class path resource [static/index.html]
[mams-student][${env:SERVER_PORT}] 2021-05-05 13:20:35,448 INFO [main][EndpointLinksResolver.java:59] - Exposing 2 endpoint(s) beneath base path '/actuator'
[mams-student][${env:SERVER_PORT}] 2021-05-05 13:20:35,488 INFO [main][DirectJDKLog.java:173] - Starting ProtocolHandler ["http-nio-8083"]
[mams-student][${env:SERVER_PORT}] 2021-05-05 13:20:35,507 INFO [main][TomcatWebServer.java:204] - Tomcat started on port(s): 8083 (http) with context path ''
[mams-student][${env:SERVER_PORT}] 2021-05-05 13:20:35,510 INFO [main][StartupInfoLogger.java:59] - Started MamsStudentApplication in 3.133 seconds (JVM running for 4.486)
[mams-student][${env:SERVER_PORT}] 2021-05-05 13:20:35,941 INFO [RMI TCP Connection(1)-192.168.1.106][HikariDataSource.java:110] - HikariPool-1 - Starting...
[mams-student][${env:SERVER_PORT}] 2021-05-05 13:20:36,199 INFO [RMI TCP Connection(1)-192.168.1.106][HikariDataSource.java:123] - HikariPool-1 - Start completed.
[mams-student][${env:SERVER_PORT}] 2021-05-05 13:20:36,409 INFO [RMI TCP Connection(3)-192.168.1.106][DirectJDKLog.java:173] - Initializing Spring DispatcherServlet 'dispatcherServlet'
[mams-student][${env:SERVER_PORT}] 2021-05-05 13:20:36,409 INFO [RMI TCP Connection(3)-192.168.1.106][FrameworkServlet.java:524] - Initializing Servlet 'dispatcherServlet'
[mams-student][${env:SERVER_PORT}] 2021-05-05 13:20:36,428 INFO [RMI TCP Connection(3)-192.168.1.106][FrameworkServlet.java:546] - Completed initialization in 18 ms
[mams-student][${env:SERVER_PORT}] 2021-05-05 13:39:34,006 INFO [main][StartupInfoLogger.java:50] - Starting MamsStudentApplication on DESKTOP-U5SUJ4I with PID 9112 (D:\graduation\mams\mams-student\target\classes started by tcp666 in D:\graduation\mams)
[mams-student][${env:SERVER_PORT}] 2021-05-05 13:39:34,052 INFO [main][SpringApplication.java:675] - No active profile set, falling back to default profiles: default
[mams-student][${env:SERVER_PORT}] 2021-05-05 13:39:34,978 INFO [main][PostProcessorRegistrationDelegate.java:330] - Bean 'org.springframework.transaction.annotation.ProxyTransactionManagementConfiguration' of type [org.springframework.transaction.annotation.ProxyTransactionManagementConfiguration$$EnhancerBySpringCGLIB$$f3b0ca4] is not eligible for getting processed by all BeanPostProcessors (for example: not eligible for auto-proxying)
[mams-student][${env:SERVER_PORT}] 2021-05-05 13:39:35,203 INFO [main][TomcatWebServer.java:90] - Tomcat initialized with port(s): 8083 (http)
[mams-student][${env:SERVER_PORT}] 2021-05-05 13:39:35,220 INFO [main][DirectJDKLog.java:173] - Initializing ProtocolHandler ["http-nio-8083"]
[mams-student][${env:SERVER_PORT}] 2021-05-05 13:39:35,229 INFO [main][DirectJDKLog.java:173] - Starting service [Tomcat]
[mams-student][${env:SERVER_PORT}] 2021-05-05 13:39:35,230 INFO [main][DirectJDKLog.java:173] - Starting Servlet engine: [Apache Tomcat/9.0.16]
[mams-student][${env:SERVER_PORT}] 2021-05-05 13:39:35,237 INFO [main][DirectJDKLog.java:173] - The APR based Apache Tomcat Native library which allows optimal performance in production environments was not found on the java.library.path: [D:\java\jdk1.8\bin;C:\WINDOWS\Sun\Java\bin;C:\WINDOWS\system32;C:\WINDOWS;C:\WINDOWS\system32;C:\WINDOWS;C:\WINDOWS\System32\Wbem;C:\WINDOWS\System32\WindowsPowerShell\v1.0\;C:\WINDOWS\System32\OpenSSH\;D:\mysql\mysql-8.0.15-winx64\mysql-8.0.15-winx64\bin;D:\java\jdk1.8\bin\;D:\java\jdk1.8\jre\bin\;C:\Users\tcp666\AppData\Local\Microsoft\WindowsApps;;.]
[mams-student][${env:SERVER_PORT}] 2021-05-05 13:39:35,327 INFO [main][DirectJDKLog.java:173] - Initializing Spring embedded WebApplicationContext
[mams-student][${env:SERVER_PORT}] 2021-05-05 13:39:35,328 INFO [main][ServletWebServerApplicationContext.java:296] - Root WebApplicationContext: initialization completed in 1236 ms
[mams-student][${env:SERVER_PORT}] 2021-05-05 13:39:36,044 INFO [main][ExecutorConfigurationSupport.java:171] - Initializing ExecutorService 'applicationTaskExecutor'
[mams-student][${env:SERVER_PORT}] 2021-05-05 13:39:36,124 INFO [main][WelcomePageHandlerMapping.java:56] - Adding welcome page: class path resource [static/index.html]
[mams-student][${env:SERVER_PORT}] 2021-05-05 13:39:36,317 INFO [main][EndpointLinksResolver.java:59] - Exposing 2 endpoint(s) beneath base path '/actuator'
[mams-student][${env:SERVER_PORT}] 2021-05-05 13:39:36,361 INFO [main][DirectJDKLog.java:173] - Starting ProtocolHandler ["http-nio-8083"]
[mams-student][${env:SERVER_PORT}] 2021-05-05 13:39:36,383 INFO [main][TomcatWebServer.java:204] - Tomcat started on port(s): 8083 (http) with context path ''
[mams-student][${env:SERVER_PORT}] 2021-05-05 13:39:36,386 INFO [main][StartupInfoLogger.java:59] - Started MamsStudentApplication in 2.837 seconds (JVM running for 4.081)
[mams-student][${env:SERVER_PORT}] 2021-05-05 13:39:36,950 INFO [RMI TCP Connection(1)-192.168.1.106][DirectJDKLog.java:173] - Initializing Spring DispatcherServlet 'dispatcherServlet'
[mams-student][${env:SERVER_PORT}] 2021-05-05 13:39:36,950 INFO [RMI TCP Connection(1)-192.168.1.106][FrameworkServlet.java:524] - Initializing Servlet 'dispatcherServlet'
[mams-student][${env:SERVER_PORT}] 2021-05-05 13:39:36,959 INFO [RMI TCP Connection(1)-192.168.1.106][FrameworkServlet.java:546] - Completed initialization in 8 ms
[mams-student][${env:SERVER_PORT}] 2021-05-05 13:39:37,283 INFO [RMI TCP Connection(3)-192.168.1.106][HikariDataSource.java:110] - HikariPool-1 - Starting...
[mams-student][${env:SERVER_PORT}] 2021-05-05 13:39:37,545 INFO [RMI TCP Connection(3)-192.168.1.106][HikariDataSource.java:123] - HikariPool-1 - Start completed.
[mams-student][${env:SERVER_PORT}] 2021-05-05 13:44:20,719 INFO [main][StartupInfoLogger.java:50] - Starting MamsStudentApplication on DESKTOP-U5SUJ4I with PID 20072 (D:\graduation\mams\mams-student\target\classes started by tcp666 in D:\graduation\mams)
[mams-student][${env:SERVER_PORT}] 2021-05-05 13:44:20,767 INFO [main][SpringApplication.java:675] - No active profile set, falling back to default profiles: default
[mams-student][${env:SERVER_PORT}] 2021-05-05 13:44:21,853 INFO [main][PostProcessorRegistrationDelegate.java:330] - Bean 'org.springframework.transaction.annotation.ProxyTransactionManagementConfiguration' of type [org.springframework.transaction.annotation.ProxyTransactionManagementConfiguration$$EnhancerBySpringCGLIB$$be99575] is not eligible for getting processed by all BeanPostProcessors (for example: not eligible for auto-proxying)
[mams-student][${env:SERVER_PORT}] 2021-05-05 13:44:22,108 INFO [main][TomcatWebServer.java:90] - Tomcat initialized with port(s): 8083 (http)
[mams-student][${env:SERVER_PORT}] 2021-05-05 13:44:22,123 INFO [main][DirectJDKLog.java:173] - Initializing ProtocolHandler ["http-nio-8083"]
[mams-student][${env:SERVER_PORT}] 2021-05-05 13:44:22,133 INFO [main][DirectJDKLog.java:173] - Starting service [Tomcat]
[mams-student][${env:SERVER_PORT}] 2021-05-05 13:44:22,134 INFO [main][DirectJDKLog.java:173] - Starting Servlet engine: [Apache Tomcat/9.0.16]
[mams-student][${env:SERVER_PORT}] 2021-05-05 13:44:22,142 INFO [main][DirectJDKLog.java:173] - The APR based Apache Tomcat Native library which allows optimal performance in production environments was not found on the java.library.path: [D:\java\jdk1.8\bin;C:\WINDOWS\Sun\Java\bin;C:\WINDOWS\system32;C:\WINDOWS;C:\WINDOWS\system32;C:\WINDOWS;C:\WINDOWS\System32\Wbem;C:\WINDOWS\System32\WindowsPowerShell\v1.0\;C:\WINDOWS\System32\OpenSSH\;D:\mysql\mysql-8.0.15-winx64\mysql-8.0.15-winx64\bin;D:\java\jdk1.8\bin\;D:\java\jdk1.8\jre\bin\;C:\Users\tcp666\AppData\Local\Microsoft\WindowsApps;;.]
[mams-student][${env:SERVER_PORT}] 2021-05-05 13:44:22,253 INFO [main][DirectJDKLog.java:173] - Initializing Spring embedded WebApplicationContext
[mams-student][${env:SERVER_PORT}] 2021-05-05 13:44:22,253 INFO [main][ServletWebServerApplicationContext.java:296] - Root WebApplicationContext: initialization completed in 1454 ms
[mams-student][${env:SERVER_PORT}] 2021-05-05 13:44:23,482 INFO [main][ExecutorConfigurationSupport.java:171] - Initializing ExecutorService 'applicationTaskExecutor'
[mams-student][${env:SERVER_PORT}] 2021-05-05 13:44:23,571 INFO [main][WelcomePageHandlerMapping.java:56] - Adding welcome page: class path resource [static/index.html]
[mams-student][${env:SERVER_PORT}] 2021-05-05 13:44:23,791 INFO [main][EndpointLinksResolver.java:59] - Exposing 2 endpoint(s) beneath base path '/actuator'
[mams-student][${env:SERVER_PORT}] 2021-05-05 13:44:23,837 INFO [main][DirectJDKLog.java:173] - Starting ProtocolHandler ["http-nio-8083"]
[mams-student][${env:SERVER_PORT}] 2021-05-05 13:44:23,858 INFO [main][TomcatWebServer.java:204] - Tomcat started on port(s): 8083 (http) with context path ''
[mams-student][${env:SERVER_PORT}] 2021-05-05 13:44:23,861 INFO [main][StartupInfoLogger.java:59] - Started MamsStudentApplication in 3.482 seconds (JVM running for 4.846)
[mams-student][${env:SERVER_PORT}] 2021-05-05 13:44:24,155 INFO [RMI TCP Connection(2)-192.168.1.106][DirectJDKLog.java:173] - Initializing Spring DispatcherServlet 'dispatcherServlet'
[mams-student][${env:SERVER_PORT}] 2021-05-05 13:44:24,155 INFO [RMI TCP Connection(1)-192.168.1.106][HikariDataSource.java:110] - HikariPool-1 - Starting...
[mams-student][${env:SERVER_PORT}] 2021-05-05 13:44:24,155 INFO [RMI TCP Connection(2)-192.168.1.106][FrameworkServlet.java:524] - Initializing Servlet 'dispatcherServlet'
[mams-student][${env:SERVER_PORT}] 2021-05-05 13:44:24,178 INFO [RMI TCP Connection(2)-192.168.1.106][FrameworkServlet.java:546] - Completed initialization in 22 ms
[mams-student][${env:SERVER_PORT}] 2021-05-05 13:44:24,529 INFO [RMI TCP Connection(1)-192.168.1.106][HikariDataSource.java:123] - HikariPool-1 - Start completed.
[mams-student][${env:SERVER_PORT}] 2021-05-05 13:45:41,323 INFO [main][StartupInfoLogger.java:50] - Starting MamsStudentApplication on DESKTOP-U5SUJ4I with PID 1168 (D:\graduation\mams\mams-student\target\classes started by tcp666 in D:\graduation\mams)
[mams-student][${env:SERVER_PORT}] 2021-05-05 13:45:41,376 INFO [main][SpringApplication.java:675] - No active profile set, falling back to default profiles: default
[mams-student][${env:SERVER_PORT}] 2021-05-05 13:45:42,381 INFO [main][PostProcessorRegistrationDelegate.java:330] - Bean 'org.springframework.transaction.annotation.ProxyTransactionManagementConfiguration' of type [org.springframework.transaction.annotation.ProxyTransactionManagementConfiguration$$EnhancerBySpringCGLIB$$77ed1540] is not eligible for getting processed by all BeanPostProcessors (for example: not eligible for auto-proxying)
[mams-student][${env:SERVER_PORT}] 2021-05-05 13:45:42,620 INFO [main][TomcatWebServer.java:90] - Tomcat initialized with port(s): 8083 (http)
[mams-student][${env:SERVER_PORT}] 2021-05-05 13:45:42,633 INFO [main][DirectJDKLog.java:173] - Initializing ProtocolHandler ["http-nio-8083"]
[mams-student][${env:SERVER_PORT}] 2021-05-05 13:45:42,642 INFO [main][DirectJDKLog.java:173] - Starting service [Tomcat]
[mams-student][${env:SERVER_PORT}] 2021-05-05 13:45:42,643 INFO [main][DirectJDKLog.java:173] - Starting Servlet engine: [Apache Tomcat/9.0.16]
[mams-student][${env:SERVER_PORT}] 2021-05-05 13:45:42,649 INFO [main][DirectJDKLog.java:173] - The APR based Apache Tomcat Native library which allows optimal performance in production environments was not found on the java.library.path: [D:\java\jdk1.8\bin;C:\WINDOWS\Sun\Java\bin;C:\WINDOWS\system32;C:\WINDOWS;C:\WINDOWS\system32;C:\WINDOWS;C:\WINDOWS\System32\Wbem;C:\WINDOWS\System32\WindowsPowerShell\v1.0\;C:\WINDOWS\System32\OpenSSH\;D:\mysql\mysql-8.0.15-winx64\mysql-8.0.15-winx64\bin;D:\java\jdk1.8\bin\;D:\java\jdk1.8\jre\bin\;C:\Users\tcp666\AppData\Local\Microsoft\WindowsApps;;.]
[mams-student][${env:SERVER_PORT}] 2021-05-05 13:45:42,745 INFO [main][DirectJDKLog.java:173] - Initializing Spring embedded WebApplicationContext
[mams-student][${env:SERVER_PORT}] 2021-05-05 13:45:42,746 INFO [main][ServletWebServerApplicationContext.java:296] - Root WebApplicationContext: initialization completed in 1327 ms
[mams-student][${env:SERVER_PORT}] 2021-05-05 13:45:43,617 INFO [main][ExecutorConfigurationSupport.java:171] - Initializing ExecutorService 'applicationTaskExecutor'
[mams-student][${env:SERVER_PORT}] 2021-05-05 13:45:43,696 INFO [main][WelcomePageHandlerMapping.java:56] - Adding welcome page: class path resource [static/index.html]
[mams-student][${env:SERVER_PORT}] 2021-05-05 13:45:43,902 INFO [main][EndpointLinksResolver.java:59] - Exposing 2 endpoint(s) beneath base path '/actuator'
[mams-student][${env:SERVER_PORT}] 2021-05-05 13:45:43,942 INFO [main][DirectJDKLog.java:173] - Starting ProtocolHandler ["http-nio-8083"]
[mams-student][${env:SERVER_PORT}] 2021-05-05 13:45:43,960 INFO [main][TomcatWebServer.java:204] - Tomcat started on port(s): 8083 (http) with context path ''
[mams-student][${env:SERVER_PORT}] 2021-05-05 13:45:43,962 INFO [main][StartupInfoLogger.java:59] - Started MamsStudentApplication in 3.116 seconds (JVM running for 4.76)
[mams-student][${env:SERVER_PORT}] 2021-05-05 13:45:44,400 INFO [RMI TCP Connection(1)-192.168.1.106][DirectJDKLog.java:173] - Initializing Spring DispatcherServlet 'dispatcherServlet'
[mams-student][${env:SERVER_PORT}] 2021-05-05 13:45:44,400 INFO [RMI TCP Connection(2)-192.168.1.106][HikariDataSource.java:110] - HikariPool-1 - Starting...
[mams-student][${env:SERVER_PORT}] 2021-05-05 13:45:44,401 INFO [RMI TCP Connection(1)-192.168.1.106][FrameworkServlet.java:524] - Initializing Servlet 'dispatcherServlet'
[mams-student][${env:SERVER_PORT}] 2021-05-05 13:45:44,409 INFO [RMI TCP Connection(1)-192.168.1.106][FrameworkServlet.java:546] - Completed initialization in 8 ms
[mams-student][${env:SERVER_PORT}] 2021-05-05 13:45:44,959 INFO [RMI TCP Connection(2)-192.168.1.106][HikariDataSource.java:123] - HikariPool-1 - Start completed.
[mams-student][${env:SERVER_PORT}] 2021-05-05 13:48:31,269 INFO [main][StartupInfoLogger.java:50] - Starting MamsStudentApplication on DESKTOP-U5SUJ4I with PID 17580 (D:\graduation\mams\mams-student\target\classes started by tcp666 in D:\graduation\mams)
[mams-student][${env:SERVER_PORT}] 2021-05-05 13:48:31,313 INFO [main][SpringApplication.java:675] - No active profile set, falling back to default profiles: default
[mams-student][${env:SERVER_PORT}] 2021-05-05 13:48:32,306 INFO [main][PostProcessorRegistrationDelegate.java:330] - Bean 'org.springframework.transaction.annotation.ProxyTransactionManagementConfiguration' of type [org.springframework.transaction.annotation.ProxyTransactionManagementConfiguration$$EnhancerBySpringCGLIB$$e6b9fa58] is not eligible for getting processed by all BeanPostProcessors (for example: not eligible for auto-proxying)
[mams-student][${env:SERVER_PORT}] 2021-05-05 13:48:32,544 INFO [main][TomcatWebServer.java:90] - Tomcat initialized with port(s): 8083 (http)
[mams-student][${env:SERVER_PORT}] 2021-05-05 13:48:32,553 INFO [main][DirectJDKLog.java:173] - Initializing ProtocolHandler ["http-nio-8083"]
[mams-student][${env:SERVER_PORT}] 2021-05-05 13:48:32,562 INFO [main][DirectJDKLog.java:173] - Starting service [Tomcat]
[mams-student][${env:SERVER_PORT}] 2021-05-05 13:48:32,562 INFO [main][DirectJDKLog.java:173] - Starting Servlet engine: [Apache Tomcat/9.0.16]
[mams-student][${env:SERVER_PORT}] 2021-05-05 13:48:32,568 INFO [main][DirectJDKLog.java:173] - The APR based Apache Tomcat Native library which allows optimal performance in production environments was not found on the java.library.path: [D:\java\jdk1.8\bin;C:\WINDOWS\Sun\Java\bin;C:\WINDOWS\system32;C:\WINDOWS;C:\WINDOWS\system32;C:\WINDOWS;C:\WINDOWS\System32\Wbem;C:\WINDOWS\System32\WindowsPowerShell\v1.0\;C:\WINDOWS\System32\OpenSSH\;D:\mysql\mysql-8.0.15-winx64\mysql-8.0.15-winx64\bin;D:\java\jdk1.8\bin\;D:\java\jdk1.8\jre\bin\;C:\Users\tcp666\AppData\Local\Microsoft\WindowsApps;;.]
[mams-student][${env:SERVER_PORT}] 2021-05-05 13:48:32,656 INFO [main][DirectJDKLog.java:173] - Initializing Spring embedded WebApplicationContext
[mams-student][${env:SERVER_PORT}] 2021-05-05 13:48:32,656 INFO [main][ServletWebServerApplicationContext.java:296] - Root WebApplicationContext: initialization completed in 1307 ms
[mams-student][${env:SERVER_PORT}] 2021-05-05 13:48:33,535 INFO [main][ExecutorConfigurationSupport.java:171] - Initializing ExecutorService 'applicationTaskExecutor'
[mams-student][${env:SERVER_PORT}] 2021-05-05 13:48:33,652 INFO [main][WelcomePageHandlerMapping.java:56] - Adding welcome page: class path resource [static/index.html]
[mams-student][${env:SERVER_PORT}] 2021-05-05 13:48:33,967 INFO [main][EndpointLinksResolver.java:59] - Exposing 2 endpoint(s) beneath base path '/actuator'
[mams-student][${env:SERVER_PORT}] 2021-05-05 13:48:34,044 INFO [main][DirectJDKLog.java:173] - Starting ProtocolHandler ["http-nio-8083"]
[mams-student][${env:SERVER_PORT}] 2021-05-05 13:48:34,079 INFO [main][TomcatWebServer.java:204] - Tomcat started on port(s): 8083 (http) with context path ''
[mams-student][${env:SERVER_PORT}] 2021-05-05 13:48:34,084 INFO [main][StartupInfoLogger.java:59] - Started MamsStudentApplication in 3.232 seconds (JVM running for 4.529)
[mams-student][${env:SERVER_PORT}] 2021-05-05 13:48:34,503 INFO [RMI TCP Connection(1)-192.168.1.106][DirectJDKLog.java:173] - Initializing Spring DispatcherServlet 'dispatcherServlet'
[mams-student][${env:SERVER_PORT}] 2021-05-05 13:48:34,504 INFO [RMI TCP Connection(1)-192.168.1.106][FrameworkServlet.java:524] - Initializing Servlet 'dispatcherServlet'
[mams-student][${env:SERVER_PORT}] 2021-05-05 13:48:34,520 INFO [RMI TCP Connection(1)-192.168.1.106][FrameworkServlet.java:546] - Completed initialization in 16 ms
[mams-student][${env:SERVER_PORT}] 2021-05-05 13:48:35,138 INFO [RMI TCP Connection(3)-192.168.1.106][HikariDataSource.java:110] - HikariPool-1 - Starting...
[mams-student][${env:SERVER_PORT}] 2021-05-05 13:48:35,469 INFO [RMI TCP Connection(3)-192.168.1.106][HikariDataSource.java:123] - HikariPool-1 - Start completed.
[mams-student][${env:SERVER_PORT}] 2021-05-05 13:54:29,796 INFO [main][StartupInfoLogger.java:50] - Starting MamsStudentApplication on DESKTOP-U5SUJ4I with PID 8720 (D:\graduation\mams\mams-student\target\classes started by tcp666 in D:\graduation\mams)
[mams-student][${env:SERVER_PORT}] 2021-05-05 13:54:29,840 INFO [main][SpringApplication.java:675] - No active profile set, falling back to default profiles: default
[mams-student][${env:SERVER_PORT}] 2021-05-05 13:54:30,766 INFO [main][PostProcessorRegistrationDelegate.java:330] - Bean 'org.springframework.transaction.annotation.ProxyTransactionManagementConfiguration' of type [org.springframework.transaction.annotation.ProxyTransactionManagementConfiguration$$EnhancerBySpringCGLIB$$92b9d0d4] is not eligible for getting processed by all BeanPostProcessors (for example: not eligible for auto-proxying)
[mams-student][${env:SERVER_PORT}] 2021-05-05 13:54:31,009 INFO [main][TomcatWebServer.java:90] - Tomcat initialized with port(s): 8083 (http)
[mams-student][${env:SERVER_PORT}] 2021-05-05 13:54:31,024 INFO [main][DirectJDKLog.java:173] - Initializing ProtocolHandler ["http-nio-8083"]
[mams-student][${env:SERVER_PORT}] 2021-05-05 13:54:31,034 INFO [main][DirectJDKLog.java:173] - Starting service [Tomcat]
[mams-student][${env:SERVER_PORT}] 2021-05-05 13:54:31,034 INFO [main][DirectJDKLog.java:173] - Starting Servlet engine: [Apache Tomcat/9.0.16]
[mams-student][${env:SERVER_PORT}] 2021-05-05 13:54:31,040 INFO [main][DirectJDKLog.java:173] - The APR based Apache Tomcat Native library which allows optimal performance in production environments was not found on the java.library.path: [D:\java\jdk1.8\bin;C:\WINDOWS\Sun\Java\bin;C:\WINDOWS\system32;C:\WINDOWS;C:\WINDOWS\system32;C:\WINDOWS;C:\WINDOWS\System32\Wbem;C:\WINDOWS\System32\WindowsPowerShell\v1.0\;C:\WINDOWS\System32\OpenSSH\;D:\mysql\mysql-8.0.15-winx64\mysql-8.0.15-winx64\bin;D:\java\jdk1.8\bin\;D:\java\jdk1.8\jre\bin\;C:\Users\tcp666\AppData\Local\Microsoft\WindowsApps;;.]
[mams-student][${env:SERVER_PORT}] 2021-05-05 13:54:31,130 INFO [main][DirectJDKLog.java:173] - Initializing Spring embedded WebApplicationContext
[mams-student][${env:SERVER_PORT}] 2021-05-05 13:54:31,130 INFO [main][ServletWebServerApplicationContext.java:296] - Root WebApplicationContext: initialization completed in 1254 ms
[mams-student][${env:SERVER_PORT}] 2021-05-05 13:54:31,846 INFO [main][ExecutorConfigurationSupport.java:171] - Initializing ExecutorService 'applicationTaskExecutor'
[mams-student][${env:SERVER_PORT}] 2021-05-05 13:54:31,924 INFO [main][WelcomePageHandlerMapping.java:56] - Adding welcome page: class path resource [static/index.html]
[mams-student][${env:SERVER_PORT}] 2021-05-05 13:54:32,119 INFO [main][EndpointLinksResolver.java:59] - Exposing 2 endpoint(s) beneath base path '/actuator'
[mams-student][${env:SERVER_PORT}] 2021-05-05 13:54:32,158 INFO [main][DirectJDKLog.java:173] - Starting ProtocolHandler ["http-nio-8083"]
[mams-student][${env:SERVER_PORT}] 2021-05-05 13:54:32,177 INFO [main][TomcatWebServer.java:204] - Tomcat started on port(s): 8083 (http) with context path ''
[mams-student][${env:SERVER_PORT}] 2021-05-05 13:54:32,179 INFO [main][StartupInfoLogger.java:59] - Started MamsStudentApplication in 2.843 seconds (JVM running for 3.997)
[mams-student][${env:SERVER_PORT}] 2021-05-05 13:54:32,507 INFO [RMI TCP Connection(2)-192.168.1.106][HikariDataSource.java:110] - HikariPool-1 - Starting...
[mams-student][${env:SERVER_PORT}] 2021-05-05 13:54:32,507 INFO [RMI TCP Connection(1)-192.168.1.106][DirectJDKLog.java:173] - Initializing Spring DispatcherServlet 'dispatcherServlet'
[mams-student][${env:SERVER_PORT}] 2021-05-05 13:54:32,508 INFO [RMI TCP Connection(1)-192.168.1.106][FrameworkServlet.java:524] - Initializing Servlet 'dispatcherServlet'
[mams-student][${env:SERVER_PORT}] 2021-05-05 13:54:32,515 INFO [RMI TCP Connection(1)-192.168.1.106][FrameworkServlet.java:546] - Completed initialization in 7 ms
[mams-student][${env:SERVER_PORT}] 2021-05-05 13:54:32,777 INFO [RMI TCP Connection(2)-192.168.1.106][HikariDataSource.java:123] - HikariPool-1 - Start completed.
[mams-student][${env:SERVER_PORT}] 2021-05-05 13:58:16,407 INFO [main][StartupInfoLogger.java:50] - Starting MamsStudentApplication on DESKTOP-U5SUJ4I with PID 14188 (D:\graduation\mams\mams-student\target\classes started by tcp666 in D:\graduation\mams)
[mams-student][${env:SERVER_PORT}] 2021-05-05 13:58:16,419 INFO [main][SpringApplication.java:675] - No active profile set, falling back to default profiles: default
[mams-student][${env:SERVER_PORT}] 2021-05-05 13:58:17,386 INFO [main][PostProcessorRegistrationDelegate.java:330] - Bean 'org.springframework.transaction.annotation.ProxyTransactionManagementConfiguration' of type [org.springframework.transaction.annotation.ProxyTransactionManagementConfiguration$$EnhancerBySpringCGLIB$$3b62cbcb] is not eligible for getting processed by all BeanPostProcessors (for example: not eligible for auto-proxying)
[mams-student][${env:SERVER_PORT}] 2021-05-05 13:58:17,631 INFO [main][TomcatWebServer.java:90] - Tomcat initialized with port(s): 8083 (http)
[mams-student][${env:SERVER_PORT}] 2021-05-05 13:58:17,651 INFO [main][DirectJDKLog.java:173] - Initializing ProtocolHandler ["http-nio-8083"]
[mams-student][${env:SERVER_PORT}] 2021-05-05 13:58:17,662 INFO [main][DirectJDKLog.java:173] - Starting service [Tomcat]
[mams-student][${env:SERVER_PORT}] 2021-05-05 13:58:17,663 INFO [main][DirectJDKLog.java:173] - Starting Servlet engine: [Apache Tomcat/9.0.16]
[mams-student][${env:SERVER_PORT}] 2021-05-05 13:58:17,669 INFO [main][DirectJDKLog.java:173] - The APR based Apache Tomcat Native library which allows optimal performance in production environments was not found on the java.library.path: [D:\java\jdk1.8\bin;C:\WINDOWS\Sun\Java\bin;C:\WINDOWS\system32;C:\WINDOWS;C:\WINDOWS\system32;C:\WINDOWS;C:\WINDOWS\System32\Wbem;C:\WINDOWS\System32\WindowsPowerShell\v1.0\;C:\WINDOWS\System32\OpenSSH\;D:\mysql\mysql-8.0.15-winx64\mysql-8.0.15-winx64\bin;D:\java\jdk1.8\bin\;D:\java\jdk1.8\jre\bin\;C:\Users\tcp666\AppData\Local\Microsoft\WindowsApps;;.]
[mams-student][${env:SERVER_PORT}] 2021-05-05 13:58:17,761 INFO [main][DirectJDKLog.java:173] - Initializing Spring embedded WebApplicationContext
[mams-student][${env:SERVER_PORT}] 2021-05-05 13:58:17,761 INFO [main][ServletWebServerApplicationContext.java:296] - Root WebApplicationContext: initialization completed in 1300 ms
[mams-student][${env:SERVER_PORT}] 2021-05-05 13:58:18,579 INFO [main][ExecutorConfigurationSupport.java:171] - Initializing ExecutorService 'applicationTaskExecutor'
[mams-student][${env:SERVER_PORT}] 2021-05-05 13:58:18,657 INFO [main][WelcomePageHandlerMapping.java:56] - Adding welcome page: class path resource [static/index.html]
[mams-student][${env:SERVER_PORT}] 2021-05-05 13:58:18,857 INFO [main][EndpointLinksResolver.java:59] - Exposing 2 endpoint(s) beneath base path '/actuator'
[mams-student][${env:SERVER_PORT}] 2021-05-05 13:58:18,900 INFO [main][DirectJDKLog.java:173] - Starting ProtocolHandler ["http-nio-8083"]
[mams-student][${env:SERVER_PORT}] 2021-05-05 13:58:18,919 INFO [main][TomcatWebServer.java:204] - Tomcat started on port(s): 8083 (http) with context path ''
[mams-student][${env:SERVER_PORT}] 2021-05-05 13:58:18,920 INFO [main][StartupInfoLogger.java:59] - Started MamsStudentApplication in 3.007 seconds (JVM running for 4.299)
[mams-student][${env:SERVER_PORT}] 2021-05-05 13:58:19,129 INFO [RMI TCP Connection(2)-192.168.1.106][HikariDataSource.java:110] - HikariPool-1 - Starting...
[mams-student][${env:SERVER_PORT}] 2021-05-05 13:58:19,129 INFO [RMI TCP Connection(1)-192.168.1.106][DirectJDKLog.java:173] - Initializing Spring DispatcherServlet 'dispatcherServlet'
[mams-student][${env:SERVER_PORT}] 2021-05-05 13:58:19,130 INFO [RMI TCP Connection(1)-192.168.1.106][FrameworkServlet.java:524] - Initializing Servlet 'dispatcherServlet'
[mams-student][${env:SERVER_PORT}] 2021-05-05 13:58:19,138 INFO [RMI TCP Connection(1)-192.168.1.106][FrameworkServlet.java:546] - Completed initialization in 8 ms
[mams-student][${env:SERVER_PORT}] 2021-05-05 13:58:19,399 INFO [RMI TCP Connection(2)-192.168.1.106][HikariDataSource.java:123] - HikariPool-1 - Start completed.
