[mams-student][${env:SERVER_PORT}] 2021-05-04 20:11:49,897 INFO [main][StartupInfoLogger.java:50] - Starting MamsStudentApplication on DESKTOP-U5SUJ4I with PID 18704 (D:\graduation\mams\mams-student\target\classes started by tcp666 in D:\graduation\mams)
[mams-student][${env:SERVER_PORT}] 2021-05-04 20:11:49,911 INFO [main][SpringApplication.java:675] - No active profile set, falling back to default profiles: default
[mams-student][${env:SERVER_PORT}] 2021-05-04 20:11:50,986 INFO [main][PostProcessorRegistrationDelegate.java:330] - Bean 'org.springframework.transaction.annotation.ProxyTransactionManagementConfiguration' of type [org.springframework.transaction.annotation.ProxyTransactionManagementConfiguration$$EnhancerBySpringCGLIB$$5c2f7f04] is not eligible for getting processed by all BeanPostProcessors (for example: not eligible for auto-proxying)
[mams-student][${env:SERVER_PORT}] 2021-05-04 20:11:51,256 INFO [main][TomcatWebServer.java:90] - Tomcat initialized with port(s): 8083 (http)
[mams-student][${env:SERVER_PORT}] 2021-05-04 20:11:51,269 INFO [main][DirectJDKLog.java:173] - Initializing ProtocolHandler ["http-nio-8083"]
[mams-student][${env:SERVER_PORT}] 2021-05-04 20:11:51,279 INFO [main][DirectJDKLog.java:173] - Starting service [Tomcat]
[mams-student][${env:SERVER_PORT}] 2021-05-04 20:11:51,280 INFO [main][DirectJDKLog.java:173] - Starting Servlet engine: [Apache Tomcat/9.0.16]
[mams-student][${env:SERVER_PORT}] 2021-05-04 20:11:51,287 INFO [main][DirectJDKLog.java:173] - The APR based Apache Tomcat Native library which allows optimal performance in production environments was not found on the java.library.path: [D:\java\jdk1.8\bin;C:\WINDOWS\Sun\Java\bin;C:\WINDOWS\system32;C:\WINDOWS;C:\WINDOWS\system32;C:\WINDOWS;C:\WINDOWS\System32\Wbem;C:\WINDOWS\System32\WindowsPowerShell\v1.0\;C:\WINDOWS\System32\OpenSSH\;D:\mysql\mysql-8.0.15-winx64\mysql-8.0.15-winx64\bin;D:\java\jdk1.8\bin\;D:\java\jdk1.8\jre\bin\;C:\Users\tcp666\AppData\Local\Microsoft\WindowsApps;;.]
[mams-student][${env:SERVER_PORT}] 2021-05-04 20:11:51,383 INFO [main][DirectJDKLog.java:173] - Initializing Spring embedded WebApplicationContext
[mams-student][${env:SERVER_PORT}] 2021-05-04 20:11:51,383 INFO [main][ServletWebServerApplicationContext.java:296] - Root WebApplicationContext: initialization completed in 1414 ms
[mams-student][${env:SERVER_PORT}] 2021-05-04 20:11:52,191 INFO [main][ExecutorConfigurationSupport.java:171] - Initializing ExecutorService 'applicationTaskExecutor'
[mams-student][${env:SERVER_PORT}] 2021-05-04 20:11:52,276 INFO [main][WelcomePageHandlerMapping.java:56] - Adding welcome page: class path resource [static/index.html]
[mams-student][${env:SERVER_PORT}] 2021-05-04 20:11:52,580 INFO [main][EndpointLinksResolver.java:59] - Exposing 2 endpoint(s) beneath base path '/actuator'
[mams-student][${env:SERVER_PORT}] 2021-05-04 20:11:52,651 INFO [main][DirectJDKLog.java:173] - Starting ProtocolHandler ["http-nio-8083"]
[mams-student][${env:SERVER_PORT}] 2021-05-04 20:11:52,675 INFO [main][TomcatWebServer.java:204] - Tomcat started on port(s): 8083 (http) with context path ''
[mams-student][${env:SERVER_PORT}] 2021-05-04 20:11:52,677 INFO [main][StartupInfoLogger.java:59] - Started MamsStudentApplication in 3.484 seconds (JVM running for 5.63)
[mams-student][${env:SERVER_PORT}] 2021-05-04 20:11:52,895 INFO [http-nio-8083-exec-1][DirectJDKLog.java:173] - Initializing Spring DispatcherServlet 'dispatcherServlet'
[mams-student][${env:SERVER_PORT}] 2021-05-04 20:11:52,896 INFO [http-nio-8083-exec-1][FrameworkServlet.java:524] - Initializing Servlet 'dispatcherServlet'
[mams-student][${env:SERVER_PORT}] 2021-05-04 20:11:52,903 INFO [http-nio-8083-exec-1][FrameworkServlet.java:546] - Completed initialization in 7 ms
[mams-student][${env:SERVER_PORT}] 2021-05-04 20:11:53,540 INFO [RMI TCP Connection(3)-192.168.1.106][HikariDataSource.java:110] - HikariPool-1 - Starting...
[mams-student][${env:SERVER_PORT}] 2021-05-04 20:11:53,894 INFO [RMI TCP Connection(3)-192.168.1.106][HikariDataSource.java:123] - HikariPool-1 - Start completed.
