[mams-student][${env:SERVER_PORT}] 2021-05-04 14:00:27,337 INFO [main][StartupInfoLogger.java:50] - Starting MamsStudentApplication on DESKTOP-U5SUJ4I with PID 18492 (D:\graduation\mams\mams-student\target\classes started by tcp666 in D:\graduation\mams)
[mams-student][${env:SERVER_PORT}] 2021-05-04 14:00:27,347 INFO [main][SpringApplication.java:675] - No active profile set, falling back to default profiles: default
[mams-student][${env:SERVER_PORT}] 2021-05-04 14:00:28,221 INFO [main][PostProcessorRegistrationDelegate.java:330] - Bean 'org.springframework.transaction.annotation.ProxyTransactionManagementConfiguration' of type [org.springframework.transaction.annotation.ProxyTransactionManagementConfiguration$$EnhancerBySpringCGLIB$$5cffb82c] is not eligible for getting processed by all BeanPostProcessors (for example: not eligible for auto-proxying)
[mams-student][${env:SERVER_PORT}] 2021-05-04 14:00:28,447 INFO [main][TomcatWebServer.java:90] - Tomcat initialized with port(s): 8083 (http)
[mams-student][${env:SERVER_PORT}] 2021-05-04 14:00:28,461 INFO [main][DirectJDKLog.java:173] - Initializing ProtocolHandler ["http-nio-8083"]
[mams-student][${env:SERVER_PORT}] 2021-05-04 14:00:28,469 INFO [main][DirectJDKLog.java:173] - Starting service [Tomcat]
[mams-student][${env:SERVER_PORT}] 2021-05-04 14:00:28,470 INFO [main][DirectJDKLog.java:173] - Starting Servlet engine: [Apache Tomcat/9.0.16]
[mams-student][${env:SERVER_PORT}] 2021-05-04 14:00:28,476 INFO [main][DirectJDKLog.java:173] - The APR based Apache Tomcat Native library which allows optimal performance in production environments was not found on the java.library.path: [D:\java\jdk1.8\bin;C:\WINDOWS\Sun\Java\bin;C:\WINDOWS\system32;C:\WINDOWS;C:\WINDOWS\system32;C:\WINDOWS;C:\WINDOWS\System32\Wbem;C:\WINDOWS\System32\WindowsPowerShell\v1.0\;C:\WINDOWS\System32\OpenSSH\;D:\mysql\mysql-8.0.15-winx64\mysql-8.0.15-winx64\bin;D:\java\jdk1.8\bin\;D:\java\jdk1.8\jre\bin\;C:\Users\tcp666\AppData\Local\Microsoft\WindowsApps;;.]
[mams-student][${env:SERVER_PORT}] 2021-05-04 14:00:28,559 INFO [main][DirectJDKLog.java:173] - Initializing Spring embedded WebApplicationContext
[mams-student][${env:SERVER_PORT}] 2021-05-04 14:00:28,559 INFO [main][ServletWebServerApplicationContext.java:296] - Root WebApplicationContext: initialization completed in 1173 ms
[mams-student][${env:SERVER_PORT}] 2021-05-04 14:00:29,239 INFO [main][ExecutorConfigurationSupport.java:171] - Initializing ExecutorService 'applicationTaskExecutor'
[mams-student][${env:SERVER_PORT}] 2021-05-04 14:00:29,317 INFO [main][WelcomePageHandlerMapping.java:56] - Adding welcome page: class path resource [static/index.html]
[mams-student][${env:SERVER_PORT}] 2021-05-04 14:00:29,508 INFO [main][EndpointLinksResolver.java:59] - Exposing 2 endpoint(s) beneath base path '/actuator'
[mams-student][${env:SERVER_PORT}] 2021-05-04 14:00:29,548 INFO [main][DirectJDKLog.java:173] - Starting ProtocolHandler ["http-nio-8083"]
[mams-student][${env:SERVER_PORT}] 2021-05-04 14:00:29,566 INFO [main][TomcatWebServer.java:204] - Tomcat started on port(s): 8083 (http) with context path ''
[mams-student][${env:SERVER_PORT}] 2021-05-04 14:00:29,569 INFO [main][StartupInfoLogger.java:59] - Started MamsStudentApplication in 2.671 seconds (JVM running for 3.68)
[mams-student][${env:SERVER_PORT}] 2021-05-04 14:00:29,928 INFO [RMI TCP Connection(1)-192.168.1.106][HikariDataSource.java:110] - HikariPool-1 - Starting...
[mams-student][${env:SERVER_PORT}] 2021-05-04 14:00:29,929 INFO [RMI TCP Connection(2)-192.168.1.106][DirectJDKLog.java:173] - Initializing Spring DispatcherServlet 'dispatcherServlet'
[mams-student][${env:SERVER_PORT}] 2021-05-04 14:00:29,929 INFO [RMI TCP Connection(2)-192.168.1.106][FrameworkServlet.java:524] - Initializing Servlet 'dispatcherServlet'
[mams-student][${env:SERVER_PORT}] 2021-05-04 14:00:29,935 INFO [RMI TCP Connection(2)-192.168.1.106][FrameworkServlet.java:546] - Completed initialization in 6 ms
[mams-student][${env:SERVER_PORT}] 2021-05-04 14:00:30,170 INFO [RMI TCP Connection(1)-192.168.1.106][HikariDataSource.java:123] - HikariPool-1 - Start completed.
[mams-student][${env:SERVER_PORT}] 2021-05-04 14:01:51,529 ERROR [http-nio-8083-exec-5][DirectJDKLog.java:175] - Servlet.service() for servlet [dispatcherServlet] in context with path [] threw exception [Request processing failed; nested exception is org.springframework.dao.DataIntegrityViolationException: 
### Error updating database.  Cause: java.sql.SQLIntegrityConstraintViolationException: Column 'requirement_id' cannot be null
### The error may exist in com/mams/mamsstudent/mapper/StudentApplicationMapper.java (best guess)
### The error may involve com.mams.mamsstudent.mapper.StudentApplicationMapper.save-Inline
### The error occurred while setting parameters
### SQL: insert into student_application values(?,?,?,?,?);
### Cause: java.sql.SQLIntegrityConstraintViolationException: Column 'requirement_id' cannot be null
; Column 'requirement_id' cannot be null; nested exception is java.sql.SQLIntegrityConstraintViolationException: Column 'requirement_id' cannot be null] with root cause
java.sql.SQLIntegrityConstraintViolationException: Column 'requirement_id' cannot be null
	at com.mysql.cj.jdbc.exceptions.SQLError.createSQLException(SQLError.java:117)
	at com.mysql.cj.jdbc.exceptions.SQLError.createSQLException(SQLError.java:97)
	at com.mysql.cj.jdbc.exceptions.SQLExceptionsMapping.translateException(SQLExceptionsMapping.java:122)
	at com.mysql.cj.jdbc.ClientPreparedStatement.executeInternal(ClientPreparedStatement.java:970)
	at com.mysql.cj.jdbc.ClientPreparedStatement.execute(ClientPreparedStatement.java:387)
	at com.zaxxer.hikari.pool.ProxyPreparedStatement.execute(ProxyPreparedStatement.java:44)
	at com.zaxxer.hikari.pool.HikariProxyPreparedStatement.execute(HikariProxyPreparedStatement.java)
	at org.apache.ibatis.executor.statement.PreparedStatementHandler.update(PreparedStatementHandler.java:47)
	at org.apache.ibatis.executor.statement.RoutingStatementHandler.update(RoutingStatementHandler.java:74)
	at org.apache.ibatis.executor.SimpleExecutor.doUpdate(SimpleExecutor.java:50)
	at org.apache.ibatis.executor.BaseExecutor.update(BaseExecutor.java:117)
	at org.apache.ibatis.executor.CachingExecutor.update(CachingExecutor.java:76)
	at org.apache.ibatis.session.defaults.DefaultSqlSession.update(DefaultSqlSession.java:197)
	at org.apache.ibatis.session.defaults.DefaultSqlSession.insert(DefaultSqlSession.java:184)
	at sun.reflect.NativeMethodAccessorImpl.invoke0(Native Method)
	at sun.reflect.NativeMethodAccessorImpl.invoke(NativeMethodAccessorImpl.java:62)
	at sun.reflect.DelegatingMethodAccessorImpl.invoke(DelegatingMethodAccessorImpl.java:43)
	at java.lang.reflect.Method.invoke(Method.java:498)
	at org.mybatis.spring.SqlSessionTemplate$SqlSessionInterceptor.invoke(SqlSessionTemplate.java:426)
	at com.sun.proxy.$Proxy97.insert(Unknown Source)
	at org.mybatis.spring.SqlSessionTemplate.insert(SqlSessionTemplate.java:271)
	at org.apache.ibatis.binding.MapperMethod.execute(MapperMethod.java:62)
	at org.apache.ibatis.binding.MapperProxy.invoke(MapperProxy.java:57)
	at com.sun.proxy.$Proxy106.save(Unknown Source)
	at com.mams.mamsstudent.controller.StudentUserController.saveApplication(StudentUserController.java:182)
	at sun.reflect.NativeMethodAccessorImpl.invoke0(Native Method)
	at sun.reflect.NativeMethodAccessorImpl.invoke(NativeMethodAccessorImpl.java:62)
	at sun.reflect.DelegatingMethodAccessorImpl.invoke(DelegatingMethodAccessorImpl.java:43)
	at java.lang.reflect.Method.invoke(Method.java:498)
	at org.springframework.web.method.support.InvocableHandlerMethod.doInvoke(InvocableHandlerMethod.java:189)
	at org.springframework.web.method.support.InvocableHandlerMethod.invokeForRequest(InvocableHandlerMethod.java:138)
	at org.springframework.web.servlet.mvc.method.annotation.ServletInvocableHandlerMethod.invokeAndHandle(ServletInvocableHandlerMethod.java:102)
	at org.springframework.web.servlet.mvc.method.annotation.RequestMappingHandlerAdapter.invokeHandlerMethod(RequestMappingHandlerAdapter.java:895)
	at org.springframework.web.servlet.mvc.method.annotation.RequestMappingHandlerAdapter.handleInternal(RequestMappingHandlerAdapter.java:800)
	at org.springframework.web.servlet.mvc.method.AbstractHandlerMethodAdapter.handle(AbstractHandlerMethodAdapter.java:87)
	at org.springframework.web.servlet.DispatcherServlet.doDispatch(DispatcherServlet.java:1038)
	at org.springframework.web.servlet.DispatcherServlet.doService(DispatcherServlet.java:942)
	at org.springframework.web.servlet.FrameworkServlet.processRequest(FrameworkServlet.java:1005)
	at org.springframework.web.servlet.FrameworkServlet.doPost(FrameworkServlet.java:908)
	at javax.servlet.http.HttpServlet.service(HttpServlet.java:660)
	at org.springframework.web.servlet.FrameworkServlet.service(FrameworkServlet.java:882)
	at javax.servlet.http.HttpServlet.service(HttpServlet.java:741)
	at org.apache.catalina.core.ApplicationFilterChain.internalDoFilter(ApplicationFilterChain.java:231)
	at org.apache.catalina.core.ApplicationFilterChain.doFilter(ApplicationFilterChain.java:166)
	at org.apache.tomcat.websocket.server.WsFilter.doFilter(WsFilter.java:53)
	at org.apache.catalina.core.ApplicationFilterChain.internalDoFilter(ApplicationFilterChain.java:193)
	at org.apache.catalina.core.ApplicationFilterChain.doFilter(ApplicationFilterChain.java:166)
	at org.springframework.boot.actuate.web.trace.servlet.HttpTraceFilter.doFilterInternal(HttpTraceFilter.java:90)
	at org.springframework.web.filter.OncePerRequestFilter.doFilter(OncePerRequestFilter.java:107)
	at org.apache.catalina.core.ApplicationFilterChain.internalDoFilter(ApplicationFilterChain.java:193)
	at org.apache.catalina.core.ApplicationFilterChain.doFilter(ApplicationFilterChain.java:166)
	at org.springframework.web.filter.RequestContextFilter.doFilterInternal(RequestContextFilter.java:99)
	at org.springframework.web.filter.OncePerRequestFilter.doFilter(OncePerRequestFilter.java:107)
	at org.apache.catalina.core.ApplicationFilterChain.internalDoFilter(ApplicationFilterChain.java:193)
	at org.apache.catalina.core.ApplicationFilterChain.doFilter(ApplicationFilterChain.java:166)
	at org.springframework.web.filter.FormContentFilter.doFilterInternal(FormContentFilter.java:92)
	at org.springframework.web.filter.OncePerRequestFilter.doFilter(OncePerRequestFilter.java:107)
	at org.apache.catalina.core.ApplicationFilterChain.internalDoFilter(ApplicationFilterChain.java:193)
	at org.apache.catalina.core.ApplicationFilterChain.doFilter(ApplicationFilterChain.java:166)
	at org.springframework.web.filter.HiddenHttpMethodFilter.doFilterInternal(HiddenHttpMethodFilter.java:93)
	at org.springframework.web.filter.OncePerRequestFilter.doFilter(OncePerRequestFilter.java:107)
	at org.apache.catalina.core.ApplicationFilterChain.internalDoFilter(ApplicationFilterChain.java:193)
	at org.apache.catalina.core.ApplicationFilterChain.doFilter(ApplicationFilterChain.java:166)
	at org.springframework.boot.actuate.metrics.web.servlet.WebMvcMetricsFilter.filterAndRecordMetrics(WebMvcMetricsFilter.java:117)
	at org.springframework.boot.actuate.metrics.web.servlet.WebMvcMetricsFilter.doFilterInternal(WebMvcMetricsFilter.java:106)
	at org.springframework.web.filter.OncePerRequestFilter.doFilter(OncePerRequestFilter.java:107)
	at org.apache.catalina.core.ApplicationFilterChain.internalDoFilter(ApplicationFilterChain.java:193)
	at org.apache.catalina.core.ApplicationFilterChain.doFilter(ApplicationFilterChain.java:166)
	at org.springframework.web.filter.CharacterEncodingFilter.doFilterInternal(CharacterEncodingFilter.java:200)
	at org.springframework.web.filter.OncePerRequestFilter.doFilter(OncePerRequestFilter.java:107)
	at org.apache.catalina.core.ApplicationFilterChain.internalDoFilter(ApplicationFilterChain.java:193)
	at org.apache.catalina.core.ApplicationFilterChain.doFilter(ApplicationFilterChain.java:166)
	at org.apache.catalina.core.StandardWrapperValve.invoke(StandardWrapperValve.java:200)
	at org.apache.catalina.core.StandardContextValve.invoke(StandardContextValve.java:96)
	at org.apache.catalina.authenticator.AuthenticatorBase.invoke(AuthenticatorBase.java:490)
	at org.apache.catalina.core.StandardHostValve.invoke(StandardHostValve.java:139)
	at org.apache.catalina.valves.ErrorReportValve.invoke(ErrorReportValve.java:92)
	at org.apache.catalina.core.StandardEngineValve.invoke(StandardEngineValve.java:74)
	at org.apache.catalina.connector.CoyoteAdapter.service(CoyoteAdapter.java:343)
	at org.apache.coyote.http11.Http11Processor.service(Http11Processor.java:408)
	at org.apache.coyote.AbstractProcessorLight.process(AbstractProcessorLight.java:66)
	at org.apache.coyote.AbstractProtocol$ConnectionHandler.process(AbstractProtocol.java:834)
	at org.apache.tomcat.util.net.NioEndpoint$SocketProcessor.doRun(NioEndpoint.java:1415)
	at org.apache.tomcat.util.net.SocketProcessorBase.run(SocketProcessorBase.java:49)
	at java.util.concurrent.ThreadPoolExecutor.runWorker(ThreadPoolExecutor.java:1142)
	at java.util.concurrent.ThreadPoolExecutor$Worker.run(ThreadPoolExecutor.java:617)
	at org.apache.tomcat.util.threads.TaskThread$WrappingRunnable.run(TaskThread.java:61)
	at java.lang.Thread.run(Thread.java:745)
[mams-student][${env:SERVER_PORT}] 2021-05-04 14:46:48,029 INFO [main][StartupInfoLogger.java:50] - Starting MamsStudentApplication on DESKTOP-U5SUJ4I with PID 2768 (D:\graduation\mams\mams-student\target\classes started by tcp666 in D:\graduation\mams)
[mams-student][${env:SERVER_PORT}] 2021-05-04 14:46:48,088 INFO [main][SpringApplication.java:675] - No active profile set, falling back to default profiles: default
[mams-student][${env:SERVER_PORT}] 2021-05-04 14:46:49,113 INFO [main][PostProcessorRegistrationDelegate.java:330] - Bean 'org.springframework.transaction.annotation.ProxyTransactionManagementConfiguration' of type [org.springframework.transaction.annotation.ProxyTransactionManagementConfiguration$$EnhancerBySpringCGLIB$$61e22ad6] is not eligible for getting processed by all BeanPostProcessors (for example: not eligible for auto-proxying)
[mams-student][${env:SERVER_PORT}] 2021-05-04 14:46:49,425 INFO [main][TomcatWebServer.java:90] - Tomcat initialized with port(s): 8083 (http)
[mams-student][${env:SERVER_PORT}] 2021-05-04 14:46:49,437 INFO [main][DirectJDKLog.java:173] - Initializing ProtocolHandler ["http-nio-8083"]
[mams-student][${env:SERVER_PORT}] 2021-05-04 14:46:49,449 INFO [main][DirectJDKLog.java:173] - Starting service [Tomcat]
[mams-student][${env:SERVER_PORT}] 2021-05-04 14:46:49,449 INFO [main][DirectJDKLog.java:173] - Starting Servlet engine: [Apache Tomcat/9.0.16]
[mams-student][${env:SERVER_PORT}] 2021-05-04 14:46:49,456 INFO [main][DirectJDKLog.java:173] - The APR based Apache Tomcat Native library which allows optimal performance in production environments was not found on the java.library.path: [D:\java\jdk1.8\bin;C:\WINDOWS\Sun\Java\bin;C:\WINDOWS\system32;C:\WINDOWS;C:\WINDOWS\system32;C:\WINDOWS;C:\WINDOWS\System32\Wbem;C:\WINDOWS\System32\WindowsPowerShell\v1.0\;C:\WINDOWS\System32\OpenSSH\;D:\mysql\mysql-8.0.15-winx64\mysql-8.0.15-winx64\bin;D:\java\jdk1.8\bin\;D:\java\jdk1.8\jre\bin\;C:\Users\tcp666\AppData\Local\Microsoft\WindowsApps;;.]
[mams-student][${env:SERVER_PORT}] 2021-05-04 14:46:49,555 INFO [main][DirectJDKLog.java:173] - Initializing Spring embedded WebApplicationContext
[mams-student][${env:SERVER_PORT}] 2021-05-04 14:46:49,556 INFO [main][ServletWebServerApplicationContext.java:296] - Root WebApplicationContext: initialization completed in 1418 ms
[mams-student][${env:SERVER_PORT}] 2021-05-04 14:46:50,479 INFO [main][ExecutorConfigurationSupport.java:171] - Initializing ExecutorService 'applicationTaskExecutor'
[mams-student][${env:SERVER_PORT}] 2021-05-04 14:46:50,525 WARN [main][AbstractApplicationContext.java:557] - Exception encountered during context initialization - cancelling refresh attempt: org.springframework.beans.factory.BeanCreationException: Error creating bean with name 'requestMappingHandlerMapping' defined in class path resource [org/springframework/boot/autoconfigure/web/servlet/WebMvcAutoConfiguration$EnableWebMvcConfiguration.class]: Invocation of init method failed; nested exception is java.lang.IllegalStateException: Ambiguous mapping. Cannot map 'studentUserController' method 
public com.mams.mamscommon.utils.Result<java.lang.Integer> com.mams.mamsstudent.controller.StudentUserController.saveApplication(com.mams.mamsstudent.entity.StudentApplication)
to { /student/saveApplication}: There is already 'studentUserController' bean method
public com.mams.mamscommon.utils.Result<java.util.Map<java.lang.String, java.lang.Object>> com.mams.mamsstudent.controller.StudentUserController.getAllStudentInfos(com.mams.mamsstudent.entity.StudentRealNameInfo) mapped.
[mams-student][${env:SERVER_PORT}] 2021-05-04 14:46:50,526 INFO [main][ExecutorConfigurationSupport.java:208] - Shutting down ExecutorService 'applicationTaskExecutor'
[mams-student][${env:SERVER_PORT}] 2021-05-04 14:46:50,529 INFO [main][DirectJDKLog.java:173] - Stopping service [Tomcat]
[mams-student][${env:SERVER_PORT}] 2021-05-04 14:46:50,692 INFO [main][ConditionEvaluationReportLoggingListener.java:142] - 

Error starting ApplicationContext. To display the conditions report re-run your application with 'debug' enabled.
[mams-student][${env:SERVER_PORT}] 2021-05-04 14:46:50,711 ERROR [main][SpringApplication.java:858] - Application run failed
org.springframework.beans.factory.BeanCreationException: Error creating bean with name 'requestMappingHandlerMapping' defined in class path resource [org/springframework/boot/autoconfigure/web/servlet/WebMvcAutoConfiguration$EnableWebMvcConfiguration.class]: Invocation of init method failed; nested exception is java.lang.IllegalStateException: Ambiguous mapping. Cannot map 'studentUserController' method 
public com.mams.mamscommon.utils.Result<java.lang.Integer> com.mams.mamsstudent.controller.StudentUserController.saveApplication(com.mams.mamsstudent.entity.StudentApplication)
to { /student/saveApplication}: There is already 'studentUserController' bean method
public com.mams.mamscommon.utils.Result<java.util.Map<java.lang.String, java.lang.Object>> com.mams.mamsstudent.controller.StudentUserController.getAllStudentInfos(com.mams.mamsstudent.entity.StudentRealNameInfo) mapped.
	at org.springframework.beans.factory.support.AbstractAutowireCapableBeanFactory.initializeBean(AbstractAutowireCapableBeanFactory.java:1762)
	at org.springframework.beans.factory.support.AbstractAutowireCapableBeanFactory.doCreateBean(AbstractAutowireCapableBeanFactory.java:593)
	at org.springframework.beans.factory.support.AbstractAutowireCapableBeanFactory.createBean(AbstractAutowireCapableBeanFactory.java:515)
	at org.springframework.beans.factory.support.AbstractBeanFactory.lambda$doGetBean$0(AbstractBeanFactory.java:320)
	at org.springframework.beans.factory.support.DefaultSingletonBeanRegistry.getSingleton(DefaultSingletonBeanRegistry.java:222)
	at org.springframework.beans.factory.support.AbstractBeanFactory.doGetBean(AbstractBeanFactory.java:318)
	at org.springframework.beans.factory.support.AbstractBeanFactory.getBean(AbstractBeanFactory.java:199)
	at org.springframework.beans.factory.support.DefaultListableBeanFactory.preInstantiateSingletons(DefaultListableBeanFactory.java:849)
	at org.springframework.context.support.AbstractApplicationContext.finishBeanFactoryInitialization(AbstractApplicationContext.java:877)
	at org.springframework.context.support.AbstractApplicationContext.refresh(AbstractApplicationContext.java:549)
	at org.springframework.boot.web.servlet.context.ServletWebServerApplicationContext.refresh(ServletWebServerApplicationContext.java:142)
	at org.springframework.boot.SpringApplication.refresh(SpringApplication.java:775)
	at org.springframework.boot.SpringApplication.refreshContext(SpringApplication.java:397)
	at org.springframework.boot.SpringApplication.run(SpringApplication.java:316)
	at org.springframework.boot.SpringApplication.run(SpringApplication.java:1260)
	at org.springframework.boot.SpringApplication.run(SpringApplication.java:1248)
	at com.mams.mamsstudent.MamsStudentApplication.main(MamsStudentApplication.java:17)
Caused by: java.lang.IllegalStateException: Ambiguous mapping. Cannot map 'studentUserController' method 
public com.mams.mamscommon.utils.Result<java.lang.Integer> com.mams.mamsstudent.controller.StudentUserController.saveApplication(com.mams.mamsstudent.entity.StudentApplication)
to { /student/saveApplication}: There is already 'studentUserController' bean method
public com.mams.mamscommon.utils.Result<java.util.Map<java.lang.String, java.lang.Object>> com.mams.mamsstudent.controller.StudentUserController.getAllStudentInfos(com.mams.mamsstudent.entity.StudentRealNameInfo) mapped.
	at org.springframework.web.servlet.handler.AbstractHandlerMethodMapping$MappingRegistry.assertUniqueMethodMapping(AbstractHandlerMethodMapping.java:618)
	at org.springframework.web.servlet.handler.AbstractHandlerMethodMapping$MappingRegistry.register(AbstractHandlerMethodMapping.java:586)
	at org.springframework.web.servlet.handler.AbstractHandlerMethodMapping.registerHandlerMethod(AbstractHandlerMethodMapping.java:312)
	at org.springframework.web.servlet.handler.AbstractHandlerMethodMapping.lambda$detectHandlerMethods$1(AbstractHandlerMethodMapping.java:282)
	at java.util.LinkedHashMap.forEach(LinkedHashMap.java:684)
	at org.springframework.web.servlet.handler.AbstractHandlerMethodMapping.detectHandlerMethods(AbstractHandlerMethodMapping.java:280)
	at org.springframework.web.servlet.handler.AbstractHandlerMethodMapping.processCandidateBean(AbstractHandlerMethodMapping.java:252)
	at org.springframework.web.servlet.handler.AbstractHandlerMethodMapping.initHandlerMethods(AbstractHandlerMethodMapping.java:211)
	at org.springframework.web.servlet.handler.AbstractHandlerMethodMapping.afterPropertiesSet(AbstractHandlerMethodMapping.java:199)
	at org.springframework.web.servlet.mvc.method.annotation.RequestMappingHandlerMapping.afterPropertiesSet(RequestMappingHandlerMapping.java:164)
	at org.springframework.beans.factory.support.AbstractAutowireCapableBeanFactory.invokeInitMethods(AbstractAutowireCapableBeanFactory.java:1821)
	at org.springframework.beans.factory.support.AbstractAutowireCapableBeanFactory.initializeBean(AbstractAutowireCapableBeanFactory.java:1758)
	... 16 more
[mams-student][${env:SERVER_PORT}] 2021-05-04 14:47:30,058 INFO [main][StartupInfoLogger.java:50] - Starting MamsStudentApplication on DESKTOP-U5SUJ4I with PID 9048 (D:\graduation\mams\mams-student\target\classes started by tcp666 in D:\graduation\mams)
[mams-student][${env:SERVER_PORT}] 2021-05-04 14:47:30,072 INFO [main][SpringApplication.java:675] - No active profile set, falling back to default profiles: default
[mams-student][${env:SERVER_PORT}] 2021-05-04 14:47:31,152 INFO [main][PostProcessorRegistrationDelegate.java:330] - Bean 'org.springframework.transaction.annotation.ProxyTransactionManagementConfiguration' of type [org.springframework.transaction.annotation.ProxyTransactionManagementConfiguration$$EnhancerBySpringCGLIB$$f24cce4] is not eligible for getting processed by all BeanPostProcessors (for example: not eligible for auto-proxying)
[mams-student][${env:SERVER_PORT}] 2021-05-04 14:47:31,396 INFO [main][TomcatWebServer.java:90] - Tomcat initialized with port(s): 8083 (http)
[mams-student][${env:SERVER_PORT}] 2021-05-04 14:47:31,410 INFO [main][DirectJDKLog.java:173] - Initializing ProtocolHandler ["http-nio-8083"]
[mams-student][${env:SERVER_PORT}] 2021-05-04 14:47:31,419 INFO [main][DirectJDKLog.java:173] - Starting service [Tomcat]
[mams-student][${env:SERVER_PORT}] 2021-05-04 14:47:31,420 INFO [main][DirectJDKLog.java:173] - Starting Servlet engine: [Apache Tomcat/9.0.16]
[mams-student][${env:SERVER_PORT}] 2021-05-04 14:47:31,427 INFO [main][DirectJDKLog.java:173] - The APR based Apache Tomcat Native library which allows optimal performance in production environments was not found on the java.library.path: [D:\java\jdk1.8\bin;C:\WINDOWS\Sun\Java\bin;C:\WINDOWS\system32;C:\WINDOWS;C:\WINDOWS\system32;C:\WINDOWS;C:\WINDOWS\System32\Wbem;C:\WINDOWS\System32\WindowsPowerShell\v1.0\;C:\WINDOWS\System32\OpenSSH\;D:\mysql\mysql-8.0.15-winx64\mysql-8.0.15-winx64\bin;D:\java\jdk1.8\bin\;D:\java\jdk1.8\jre\bin\;C:\Users\tcp666\AppData\Local\Microsoft\WindowsApps;;.]
[mams-student][${env:SERVER_PORT}] 2021-05-04 14:47:31,526 INFO [main][DirectJDKLog.java:173] - Initializing Spring embedded WebApplicationContext
[mams-student][${env:SERVER_PORT}] 2021-05-04 14:47:31,526 INFO [main][ServletWebServerApplicationContext.java:296] - Root WebApplicationContext: initialization completed in 1354 ms
[mams-student][${env:SERVER_PORT}] 2021-05-04 14:47:32,254 INFO [main][ExecutorConfigurationSupport.java:171] - Initializing ExecutorService 'applicationTaskExecutor'
[mams-student][${env:SERVER_PORT}] 2021-05-04 14:47:32,299 WARN [main][AbstractApplicationContext.java:557] - Exception encountered during context initialization - cancelling refresh attempt: org.springframework.beans.factory.BeanCreationException: Error creating bean with name 'requestMappingHandlerMapping' defined in class path resource [org/springframework/boot/autoconfigure/web/servlet/WebMvcAutoConfiguration$EnableWebMvcConfiguration.class]: Invocation of init method failed; nested exception is java.lang.IllegalStateException: Ambiguous mapping. Cannot map 'studentUserController' method 
public com.mams.mamscommon.utils.Result<java.lang.Integer> com.mams.mamsstudent.controller.StudentUserController.saveApplication(com.mams.mamsstudent.entity.StudentApplication)
to { /student/saveApplication}: There is already 'studentUserController' bean method
public com.mams.mamscommon.utils.Result<java.util.Map<java.lang.String, java.lang.Object>> com.mams.mamsstudent.controller.StudentUserController.getAllStudentInfos(com.mams.mamsstudent.entity.StudentRealNameInfo) mapped.
[mams-student][${env:SERVER_PORT}] 2021-05-04 14:47:32,300 INFO [main][ExecutorConfigurationSupport.java:208] - Shutting down ExecutorService 'applicationTaskExecutor'
[mams-student][${env:SERVER_PORT}] 2021-05-04 14:47:32,303 INFO [main][DirectJDKLog.java:173] - Stopping service [Tomcat]
[mams-student][${env:SERVER_PORT}] 2021-05-04 14:47:32,315 INFO [main][ConditionEvaluationReportLoggingListener.java:142] - 

Error starting ApplicationContext. To display the conditions report re-run your application with 'debug' enabled.
[mams-student][${env:SERVER_PORT}] 2021-05-04 14:47:32,320 ERROR [main][SpringApplication.java:858] - Application run failed
org.springframework.beans.factory.BeanCreationException: Error creating bean with name 'requestMappingHandlerMapping' defined in class path resource [org/springframework/boot/autoconfigure/web/servlet/WebMvcAutoConfiguration$EnableWebMvcConfiguration.class]: Invocation of init method failed; nested exception is java.lang.IllegalStateException: Ambiguous mapping. Cannot map 'studentUserController' method 
public com.mams.mamscommon.utils.Result<java.lang.Integer> com.mams.mamsstudent.controller.StudentUserController.saveApplication(com.mams.mamsstudent.entity.StudentApplication)
to { /student/saveApplication}: There is already 'studentUserController' bean method
public com.mams.mamscommon.utils.Result<java.util.Map<java.lang.String, java.lang.Object>> com.mams.mamsstudent.controller.StudentUserController.getAllStudentInfos(com.mams.mamsstudent.entity.StudentRealNameInfo) mapped.
	at org.springframework.beans.factory.support.AbstractAutowireCapableBeanFactory.initializeBean(AbstractAutowireCapableBeanFactory.java:1762)
	at org.springframework.beans.factory.support.AbstractAutowireCapableBeanFactory.doCreateBean(AbstractAutowireCapableBeanFactory.java:593)
	at org.springframework.beans.factory.support.AbstractAutowireCapableBeanFactory.createBean(AbstractAutowireCapableBeanFactory.java:515)
	at org.springframework.beans.factory.support.AbstractBeanFactory.lambda$doGetBean$0(AbstractBeanFactory.java:320)
	at org.springframework.beans.factory.support.DefaultSingletonBeanRegistry.getSingleton(DefaultSingletonBeanRegistry.java:222)
	at org.springframework.beans.factory.support.AbstractBeanFactory.doGetBean(AbstractBeanFactory.java:318)
	at org.springframework.beans.factory.support.AbstractBeanFactory.getBean(AbstractBeanFactory.java:199)
	at org.springframework.beans.factory.support.DefaultListableBeanFactory.preInstantiateSingletons(DefaultListableBeanFactory.java:849)
	at org.springframework.context.support.AbstractApplicationContext.finishBeanFactoryInitialization(AbstractApplicationContext.java:877)
	at org.springframework.context.support.AbstractApplicationContext.refresh(AbstractApplicationContext.java:549)
	at org.springframework.boot.web.servlet.context.ServletWebServerApplicationContext.refresh(ServletWebServerApplicationContext.java:142)
	at org.springframework.boot.SpringApplication.refresh(SpringApplication.java:775)
	at org.springframework.boot.SpringApplication.refreshContext(SpringApplication.java:397)
	at org.springframework.boot.SpringApplication.run(SpringApplication.java:316)
	at org.springframework.boot.SpringApplication.run(SpringApplication.java:1260)
	at org.springframework.boot.SpringApplication.run(SpringApplication.java:1248)
	at com.mams.mamsstudent.MamsStudentApplication.main(MamsStudentApplication.java:17)
Caused by: java.lang.IllegalStateException: Ambiguous mapping. Cannot map 'studentUserController' method 
public com.mams.mamscommon.utils.Result<java.lang.Integer> com.mams.mamsstudent.controller.StudentUserController.saveApplication(com.mams.mamsstudent.entity.StudentApplication)
to { /student/saveApplication}: There is already 'studentUserController' bean method
public com.mams.mamscommon.utils.Result<java.util.Map<java.lang.String, java.lang.Object>> com.mams.mamsstudent.controller.StudentUserController.getAllStudentInfos(com.mams.mamsstudent.entity.StudentRealNameInfo) mapped.
	at org.springframework.web.servlet.handler.AbstractHandlerMethodMapping$MappingRegistry.assertUniqueMethodMapping(AbstractHandlerMethodMapping.java:618)
	at org.springframework.web.servlet.handler.AbstractHandlerMethodMapping$MappingRegistry.register(AbstractHandlerMethodMapping.java:586)
	at org.springframework.web.servlet.handler.AbstractHandlerMethodMapping.registerHandlerMethod(AbstractHandlerMethodMapping.java:312)
	at org.springframework.web.servlet.handler.AbstractHandlerMethodMapping.lambda$detectHandlerMethods$1(AbstractHandlerMethodMapping.java:282)
	at java.util.LinkedHashMap.forEach(LinkedHashMap.java:684)
	at org.springframework.web.servlet.handler.AbstractHandlerMethodMapping.detectHandlerMethods(AbstractHandlerMethodMapping.java:280)
	at org.springframework.web.servlet.handler.AbstractHandlerMethodMapping.processCandidateBean(AbstractHandlerMethodMapping.java:252)
	at org.springframework.web.servlet.handler.AbstractHandlerMethodMapping.initHandlerMethods(AbstractHandlerMethodMapping.java:211)
	at org.springframework.web.servlet.handler.AbstractHandlerMethodMapping.afterPropertiesSet(AbstractHandlerMethodMapping.java:199)
	at org.springframework.web.servlet.mvc.method.annotation.RequestMappingHandlerMapping.afterPropertiesSet(RequestMappingHandlerMapping.java:164)
	at org.springframework.beans.factory.support.AbstractAutowireCapableBeanFactory.invokeInitMethods(AbstractAutowireCapableBeanFactory.java:1821)
	at org.springframework.beans.factory.support.AbstractAutowireCapableBeanFactory.initializeBean(AbstractAutowireCapableBeanFactory.java:1758)
	... 16 more
[mams-student][${env:SERVER_PORT}] 2021-05-04 14:48:51,265 INFO [main][StartupInfoLogger.java:50] - Starting MamsStudentApplication on DESKTOP-U5SUJ4I with PID 21320 (D:\graduation\mams\mams-student\target\classes started by tcp666 in D:\graduation\mams)
[mams-student][${env:SERVER_PORT}] 2021-05-04 14:48:51,274 INFO [main][SpringApplication.java:675] - No active profile set, falling back to default profiles: default
[mams-student][${env:SERVER_PORT}] 2021-05-04 14:48:52,157 INFO [main][PostProcessorRegistrationDelegate.java:330] - Bean 'org.springframework.transaction.annotation.ProxyTransactionManagementConfiguration' of type [org.springframework.transaction.annotation.ProxyTransactionManagementConfiguration$$EnhancerBySpringCGLIB$$143572e6] is not eligible for getting processed by all BeanPostProcessors (for example: not eligible for auto-proxying)
[mams-student][${env:SERVER_PORT}] 2021-05-04 14:48:52,388 INFO [main][TomcatWebServer.java:90] - Tomcat initialized with port(s): 8083 (http)
[mams-student][${env:SERVER_PORT}] 2021-05-04 14:48:52,402 INFO [main][DirectJDKLog.java:173] - Initializing ProtocolHandler ["http-nio-8083"]
[mams-student][${env:SERVER_PORT}] 2021-05-04 14:48:52,414 INFO [main][DirectJDKLog.java:173] - Starting service [Tomcat]
[mams-student][${env:SERVER_PORT}] 2021-05-04 14:48:52,415 INFO [main][DirectJDKLog.java:173] - Starting Servlet engine: [Apache Tomcat/9.0.16]
[mams-student][${env:SERVER_PORT}] 2021-05-04 14:48:52,421 INFO [main][DirectJDKLog.java:173] - The APR based Apache Tomcat Native library which allows optimal performance in production environments was not found on the java.library.path: [D:\java\jdk1.8\bin;C:\WINDOWS\Sun\Java\bin;C:\WINDOWS\system32;C:\WINDOWS;C:\WINDOWS\system32;C:\WINDOWS;C:\WINDOWS\System32\Wbem;C:\WINDOWS\System32\WindowsPowerShell\v1.0\;C:\WINDOWS\System32\OpenSSH\;D:\mysql\mysql-8.0.15-winx64\mysql-8.0.15-winx64\bin;D:\java\jdk1.8\bin\;D:\java\jdk1.8\jre\bin\;C:\Users\tcp666\AppData\Local\Microsoft\WindowsApps;;.]
[mams-student][${env:SERVER_PORT}] 2021-05-04 14:48:52,510 INFO [main][DirectJDKLog.java:173] - Initializing Spring embedded WebApplicationContext
[mams-student][${env:SERVER_PORT}] 2021-05-04 14:48:52,511 INFO [main][ServletWebServerApplicationContext.java:296] - Root WebApplicationContext: initialization completed in 1205 ms
[mams-student][${env:SERVER_PORT}] 2021-05-04 14:48:53,230 INFO [main][ExecutorConfigurationSupport.java:171] - Initializing ExecutorService 'applicationTaskExecutor'
[mams-student][${env:SERVER_PORT}] 2021-05-04 14:48:53,277 WARN [main][AbstractApplicationContext.java:557] - Exception encountered during context initialization - cancelling refresh attempt: org.springframework.beans.factory.BeanCreationException: Error creating bean with name 'requestMappingHandlerMapping' defined in class path resource [org/springframework/boot/autoconfigure/web/servlet/WebMvcAutoConfiguration$EnableWebMvcConfiguration.class]: Invocation of init method failed; nested exception is java.lang.IllegalStateException: Ambiguous mapping. Cannot map 'studentUserController' method 
public com.mams.mamscommon.utils.Result<java.lang.Integer> com.mams.mamsstudent.controller.StudentUserController.saveApplication(com.mams.mamsstudent.entity.StudentApplication)
to { /student/saveApplication}: There is already 'studentUserController' bean method
public com.mams.mamscommon.utils.Result<java.util.Map<java.lang.String, java.lang.Object>> com.mams.mamsstudent.controller.StudentUserController.getAllStudentInfos(com.mams.mamsstudent.entity.StudentRealNameInfo) mapped.
[mams-student][${env:SERVER_PORT}] 2021-05-04 14:48:53,278 INFO [main][ExecutorConfigurationSupport.java:208] - Shutting down ExecutorService 'applicationTaskExecutor'
[mams-student][${env:SERVER_PORT}] 2021-05-04 14:48:53,283 INFO [main][DirectJDKLog.java:173] - Stopping service [Tomcat]
[mams-student][${env:SERVER_PORT}] 2021-05-04 14:48:53,298 INFO [main][ConditionEvaluationReportLoggingListener.java:142] - 

Error starting ApplicationContext. To display the conditions report re-run your application with 'debug' enabled.
[mams-student][${env:SERVER_PORT}] 2021-05-04 14:48:53,306 ERROR [main][SpringApplication.java:858] - Application run failed
org.springframework.beans.factory.BeanCreationException: Error creating bean with name 'requestMappingHandlerMapping' defined in class path resource [org/springframework/boot/autoconfigure/web/servlet/WebMvcAutoConfiguration$EnableWebMvcConfiguration.class]: Invocation of init method failed; nested exception is java.lang.IllegalStateException: Ambiguous mapping. Cannot map 'studentUserController' method 
public com.mams.mamscommon.utils.Result<java.lang.Integer> com.mams.mamsstudent.controller.StudentUserController.saveApplication(com.mams.mamsstudent.entity.StudentApplication)
to { /student/saveApplication}: There is already 'studentUserController' bean method
public com.mams.mamscommon.utils.Result<java.util.Map<java.lang.String, java.lang.Object>> com.mams.mamsstudent.controller.StudentUserController.getAllStudentInfos(com.mams.mamsstudent.entity.StudentRealNameInfo) mapped.
	at org.springframework.beans.factory.support.AbstractAutowireCapableBeanFactory.initializeBean(AbstractAutowireCapableBeanFactory.java:1762)
	at org.springframework.beans.factory.support.AbstractAutowireCapableBeanFactory.doCreateBean(AbstractAutowireCapableBeanFactory.java:593)
	at org.springframework.beans.factory.support.AbstractAutowireCapableBeanFactory.createBean(AbstractAutowireCapableBeanFactory.java:515)
	at org.springframework.beans.factory.support.AbstractBeanFactory.lambda$doGetBean$0(AbstractBeanFactory.java:320)
	at org.springframework.beans.factory.support.DefaultSingletonBeanRegistry.getSingleton(DefaultSingletonBeanRegistry.java:222)
	at org.springframework.beans.factory.support.AbstractBeanFactory.doGetBean(AbstractBeanFactory.java:318)
	at org.springframework.beans.factory.support.AbstractBeanFactory.getBean(AbstractBeanFactory.java:199)
	at org.springframework.beans.factory.support.DefaultListableBeanFactory.preInstantiateSingletons(DefaultListableBeanFactory.java:849)
	at org.springframework.context.support.AbstractApplicationContext.finishBeanFactoryInitialization(AbstractApplicationContext.java:877)
	at org.springframework.context.support.AbstractApplicationContext.refresh(AbstractApplicationContext.java:549)
	at org.springframework.boot.web.servlet.context.ServletWebServerApplicationContext.refresh(ServletWebServerApplicationContext.java:142)
	at org.springframework.boot.SpringApplication.refresh(SpringApplication.java:775)
	at org.springframework.boot.SpringApplication.refreshContext(SpringApplication.java:397)
	at org.springframework.boot.SpringApplication.run(SpringApplication.java:316)
	at org.springframework.boot.SpringApplication.run(SpringApplication.java:1260)
	at org.springframework.boot.SpringApplication.run(SpringApplication.java:1248)
	at com.mams.mamsstudent.MamsStudentApplication.main(MamsStudentApplication.java:17)
Caused by: java.lang.IllegalStateException: Ambiguous mapping. Cannot map 'studentUserController' method 
public com.mams.mamscommon.utils.Result<java.lang.Integer> com.mams.mamsstudent.controller.StudentUserController.saveApplication(com.mams.mamsstudent.entity.StudentApplication)
to { /student/saveApplication}: There is already 'studentUserController' bean method
public com.mams.mamscommon.utils.Result<java.util.Map<java.lang.String, java.lang.Object>> com.mams.mamsstudent.controller.StudentUserController.getAllStudentInfos(com.mams.mamsstudent.entity.StudentRealNameInfo) mapped.
	at org.springframework.web.servlet.handler.AbstractHandlerMethodMapping$MappingRegistry.assertUniqueMethodMapping(AbstractHandlerMethodMapping.java:618)
	at org.springframework.web.servlet.handler.AbstractHandlerMethodMapping$MappingRegistry.register(AbstractHandlerMethodMapping.java:586)
	at org.springframework.web.servlet.handler.AbstractHandlerMethodMapping.registerHandlerMethod(AbstractHandlerMethodMapping.java:312)
	at org.springframework.web.servlet.handler.AbstractHandlerMethodMapping.lambda$detectHandlerMethods$1(AbstractHandlerMethodMapping.java:282)
	at java.util.LinkedHashMap.forEach(LinkedHashMap.java:684)
	at org.springframework.web.servlet.handler.AbstractHandlerMethodMapping.detectHandlerMethods(AbstractHandlerMethodMapping.java:280)
	at org.springframework.web.servlet.handler.AbstractHandlerMethodMapping.processCandidateBean(AbstractHandlerMethodMapping.java:252)
	at org.springframework.web.servlet.handler.AbstractHandlerMethodMapping.initHandlerMethods(AbstractHandlerMethodMapping.java:211)
	at org.springframework.web.servlet.handler.AbstractHandlerMethodMapping.afterPropertiesSet(AbstractHandlerMethodMapping.java:199)
	at org.springframework.web.servlet.mvc.method.annotation.RequestMappingHandlerMapping.afterPropertiesSet(RequestMappingHandlerMapping.java:164)
	at org.springframework.beans.factory.support.AbstractAutowireCapableBeanFactory.invokeInitMethods(AbstractAutowireCapableBeanFactory.java:1821)
	at org.springframework.beans.factory.support.AbstractAutowireCapableBeanFactory.initializeBean(AbstractAutowireCapableBeanFactory.java:1758)
	... 16 more
[mams-student][${env:SERVER_PORT}] 2021-05-04 14:50:55,406 INFO [main][StartupInfoLogger.java:50] - Starting MamsStudentApplication on DESKTOP-U5SUJ4I with PID 22048 (D:\graduation\mams\mams-student\target\classes started by tcp666 in D:\graduation\mams)
[mams-student][${env:SERVER_PORT}] 2021-05-04 14:50:55,452 INFO [main][SpringApplication.java:675] - No active profile set, falling back to default profiles: default
[mams-student][${env:SERVER_PORT}] 2021-05-04 14:50:56,348 INFO [main][PostProcessorRegistrationDelegate.java:330] - Bean 'org.springframework.transaction.annotation.ProxyTransactionManagementConfiguration' of type [org.springframework.transaction.annotation.ProxyTransactionManagementConfiguration$$EnhancerBySpringCGLIB$$cd37226b] is not eligible for getting processed by all BeanPostProcessors (for example: not eligible for auto-proxying)
[mams-student][${env:SERVER_PORT}] 2021-05-04 14:50:56,580 INFO [main][TomcatWebServer.java:90] - Tomcat initialized with port(s): 8083 (http)
[mams-student][${env:SERVER_PORT}] 2021-05-04 14:50:56,595 INFO [main][DirectJDKLog.java:173] - Initializing ProtocolHandler ["http-nio-8083"]
[mams-student][${env:SERVER_PORT}] 2021-05-04 14:50:56,604 INFO [main][DirectJDKLog.java:173] - Starting service [Tomcat]
[mams-student][${env:SERVER_PORT}] 2021-05-04 14:50:56,605 INFO [main][DirectJDKLog.java:173] - Starting Servlet engine: [Apache Tomcat/9.0.16]
[mams-student][${env:SERVER_PORT}] 2021-05-04 14:50:56,611 INFO [main][DirectJDKLog.java:173] - The APR based Apache Tomcat Native library which allows optimal performance in production environments was not found on the java.library.path: [D:\java\jdk1.8\bin;C:\WINDOWS\Sun\Java\bin;C:\WINDOWS\system32;C:\WINDOWS;C:\WINDOWS\system32;C:\WINDOWS;C:\WINDOWS\System32\Wbem;C:\WINDOWS\System32\WindowsPowerShell\v1.0\;C:\WINDOWS\System32\OpenSSH\;D:\mysql\mysql-8.0.15-winx64\mysql-8.0.15-winx64\bin;D:\java\jdk1.8\bin\;D:\java\jdk1.8\jre\bin\;C:\Users\tcp666\AppData\Local\Microsoft\WindowsApps;;.]
[mams-student][${env:SERVER_PORT}] 2021-05-04 14:50:56,703 INFO [main][DirectJDKLog.java:173] - Initializing Spring embedded WebApplicationContext
[mams-student][${env:SERVER_PORT}] 2021-05-04 14:50:56,704 INFO [main][ServletWebServerApplicationContext.java:296] - Root WebApplicationContext: initialization completed in 1213 ms
[mams-student][${env:SERVER_PORT}] 2021-05-04 14:50:57,459 INFO [main][ExecutorConfigurationSupport.java:171] - Initializing ExecutorService 'applicationTaskExecutor'
[mams-student][${env:SERVER_PORT}] 2021-05-04 14:50:57,541 INFO [main][WelcomePageHandlerMapping.java:56] - Adding welcome page: class path resource [static/index.html]
[mams-student][${env:SERVER_PORT}] 2021-05-04 14:50:57,737 INFO [main][EndpointLinksResolver.java:59] - Exposing 2 endpoint(s) beneath base path '/actuator'
[mams-student][${env:SERVER_PORT}] 2021-05-04 14:50:57,776 INFO [main][DirectJDKLog.java:173] - Starting ProtocolHandler ["http-nio-8083"]
[mams-student][${env:SERVER_PORT}] 2021-05-04 14:50:57,794 INFO [main][TomcatWebServer.java:204] - Tomcat started on port(s): 8083 (http) with context path ''
[mams-student][${env:SERVER_PORT}] 2021-05-04 14:50:57,797 INFO [main][StartupInfoLogger.java:59] - Started MamsStudentApplication in 2.824 seconds (JVM running for 4.027)
[mams-student][${env:SERVER_PORT}] 2021-05-04 14:50:58,584 INFO [RMI TCP Connection(3)-192.168.1.106][DirectJDKLog.java:173] - Initializing Spring DispatcherServlet 'dispatcherServlet'
[mams-student][${env:SERVER_PORT}] 2021-05-04 14:50:58,584 INFO [RMI TCP Connection(3)-192.168.1.106][FrameworkServlet.java:524] - Initializing Servlet 'dispatcherServlet'
[mams-student][${env:SERVER_PORT}] 2021-05-04 14:50:58,584 INFO [RMI TCP Connection(2)-192.168.1.106][HikariDataSource.java:110] - HikariPool-1 - Starting...
[mams-student][${env:SERVER_PORT}] 2021-05-04 14:50:58,592 INFO [RMI TCP Connection(3)-192.168.1.106][FrameworkServlet.java:546] - Completed initialization in 8 ms
[mams-student][${env:SERVER_PORT}] 2021-05-04 14:50:58,924 INFO [RMI TCP Connection(2)-192.168.1.106][HikariDataSource.java:123] - HikariPool-1 - Start completed.
[mams-student][${env:SERVER_PORT}] 2021-05-04 14:52:19,137 INFO [main][StartupInfoLogger.java:50] - Starting MamsStudentApplication on DESKTOP-U5SUJ4I with PID 12872 (D:\graduation\mams\mams-student\target\classes started by tcp666 in D:\graduation\mams)
[mams-student][${env:SERVER_PORT}] 2021-05-04 14:52:19,191 INFO [main][SpringApplication.java:675] - No active profile set, falling back to default profiles: default
[mams-student][${env:SERVER_PORT}] 2021-05-04 14:52:20,134 INFO [main][PostProcessorRegistrationDelegate.java:330] - Bean 'org.springframework.transaction.annotation.ProxyTransactionManagementConfiguration' of type [org.springframework.transaction.annotation.ProxyTransactionManagementConfiguration$$EnhancerBySpringCGLIB$$7eeb0fbf] is not eligible for getting processed by all BeanPostProcessors (for example: not eligible for auto-proxying)
[mams-student][${env:SERVER_PORT}] 2021-05-04 14:52:20,370 INFO [main][TomcatWebServer.java:90] - Tomcat initialized with port(s): 8083 (http)
[mams-student][${env:SERVER_PORT}] 2021-05-04 14:52:20,382 INFO [main][DirectJDKLog.java:173] - Initializing ProtocolHandler ["http-nio-8083"]
[mams-student][${env:SERVER_PORT}] 2021-05-04 14:52:20,391 INFO [main][DirectJDKLog.java:173] - Starting service [Tomcat]
[mams-student][${env:SERVER_PORT}] 2021-05-04 14:52:20,392 INFO [main][DirectJDKLog.java:173] - Starting Servlet engine: [Apache Tomcat/9.0.16]
[mams-student][${env:SERVER_PORT}] 2021-05-04 14:52:20,402 INFO [main][DirectJDKLog.java:173] - The APR based Apache Tomcat Native library which allows optimal performance in production environments was not found on the java.library.path: [D:\java\jdk1.8\bin;C:\WINDOWS\Sun\Java\bin;C:\WINDOWS\system32;C:\WINDOWS;C:\WINDOWS\system32;C:\WINDOWS;C:\WINDOWS\System32\Wbem;C:\WINDOWS\System32\WindowsPowerShell\v1.0\;C:\WINDOWS\System32\OpenSSH\;D:\mysql\mysql-8.0.15-winx64\mysql-8.0.15-winx64\bin;D:\java\jdk1.8\bin\;D:\java\jdk1.8\jre\bin\;C:\Users\tcp666\AppData\Local\Microsoft\WindowsApps;;.]
[mams-student][${env:SERVER_PORT}] 2021-05-04 14:52:20,494 INFO [main][DirectJDKLog.java:173] - Initializing Spring embedded WebApplicationContext
[mams-student][${env:SERVER_PORT}] 2021-05-04 14:52:20,495 INFO [main][ServletWebServerApplicationContext.java:296] - Root WebApplicationContext: initialization completed in 1263 ms
[mams-student][${env:SERVER_PORT}] 2021-05-04 14:52:21,184 INFO [main][ExecutorConfigurationSupport.java:171] - Initializing ExecutorService 'applicationTaskExecutor'
[mams-student][${env:SERVER_PORT}] 2021-05-04 14:52:21,261 INFO [main][WelcomePageHandlerMapping.java:56] - Adding welcome page: class path resource [static/index.html]
[mams-student][${env:SERVER_PORT}] 2021-05-04 14:52:21,464 INFO [main][EndpointLinksResolver.java:59] - Exposing 2 endpoint(s) beneath base path '/actuator'
[mams-student][${env:SERVER_PORT}] 2021-05-04 14:52:21,506 INFO [main][DirectJDKLog.java:173] - Starting ProtocolHandler ["http-nio-8083"]
[mams-student][${env:SERVER_PORT}] 2021-05-04 14:52:21,525 INFO [main][TomcatWebServer.java:204] - Tomcat started on port(s): 8083 (http) with context path ''
[mams-student][${env:SERVER_PORT}] 2021-05-04 14:52:21,528 INFO [main][StartupInfoLogger.java:59] - Started MamsStudentApplication in 2.804 seconds (JVM running for 4.249)
[mams-student][${env:SERVER_PORT}] 2021-05-04 14:52:21,932 INFO [RMI TCP Connection(2)-192.168.1.106][HikariDataSource.java:110] - HikariPool-1 - Starting...
[mams-student][${env:SERVER_PORT}] 2021-05-04 14:52:21,932 INFO [RMI TCP Connection(1)-192.168.1.106][DirectJDKLog.java:173] - Initializing Spring DispatcherServlet 'dispatcherServlet'
[mams-student][${env:SERVER_PORT}] 2021-05-04 14:52:21,932 INFO [RMI TCP Connection(1)-192.168.1.106][FrameworkServlet.java:524] - Initializing Servlet 'dispatcherServlet'
[mams-student][${env:SERVER_PORT}] 2021-05-04 14:52:21,939 INFO [RMI TCP Connection(1)-192.168.1.106][FrameworkServlet.java:546] - Completed initialization in 7 ms
[mams-student][${env:SERVER_PORT}] 2021-05-04 14:52:22,219 INFO [RMI TCP Connection(2)-192.168.1.106][HikariDataSource.java:123] - HikariPool-1 - Start completed.
[mams-student][${env:SERVER_PORT}] 2021-05-04 14:53:59,634 INFO [main][StartupInfoLogger.java:50] - Starting MamsStudentApplication on DESKTOP-U5SUJ4I with PID 13180 (D:\graduation\mams\mams-student\target\classes started by tcp666 in D:\graduation\mams)
[mams-student][${env:SERVER_PORT}] 2021-05-04 14:53:59,644 INFO [main][SpringApplication.java:675] - No active profile set, falling back to default profiles: default
[mams-student][${env:SERVER_PORT}] 2021-05-04 14:54:00,753 INFO [main][PostProcessorRegistrationDelegate.java:330] - Bean 'org.springframework.transaction.annotation.ProxyTransactionManagementConfiguration' of type [org.springframework.transaction.annotation.ProxyTransactionManagementConfiguration$$EnhancerBySpringCGLIB$$8cfe5176] is not eligible for getting processed by all BeanPostProcessors (for example: not eligible for auto-proxying)
[mams-student][${env:SERVER_PORT}] 2021-05-04 14:54:00,985 INFO [main][TomcatWebServer.java:90] - Tomcat initialized with port(s): 8083 (http)
[mams-student][${env:SERVER_PORT}] 2021-05-04 14:54:01,001 INFO [main][DirectJDKLog.java:173] - Initializing ProtocolHandler ["http-nio-8083"]
[mams-student][${env:SERVER_PORT}] 2021-05-04 14:54:01,013 INFO [main][DirectJDKLog.java:173] - Starting service [Tomcat]
[mams-student][${env:SERVER_PORT}] 2021-05-04 14:54:01,014 INFO [main][DirectJDKLog.java:173] - Starting Servlet engine: [Apache Tomcat/9.0.16]
[mams-student][${env:SERVER_PORT}] 2021-05-04 14:54:01,021 INFO [main][DirectJDKLog.java:173] - The APR based Apache Tomcat Native library which allows optimal performance in production environments was not found on the java.library.path: [D:\java\jdk1.8\bin;C:\WINDOWS\Sun\Java\bin;C:\WINDOWS\system32;C:\WINDOWS;C:\WINDOWS\system32;C:\WINDOWS;C:\WINDOWS\System32\Wbem;C:\WINDOWS\System32\WindowsPowerShell\v1.0\;C:\WINDOWS\System32\OpenSSH\;D:\mysql\mysql-8.0.15-winx64\mysql-8.0.15-winx64\bin;D:\java\jdk1.8\bin\;D:\java\jdk1.8\jre\bin\;C:\Users\tcp666\AppData\Local\Microsoft\WindowsApps;;.]
[mams-student][${env:SERVER_PORT}] 2021-05-04 14:54:01,121 INFO [main][DirectJDKLog.java:173] - Initializing Spring embedded WebApplicationContext
[mams-student][${env:SERVER_PORT}] 2021-05-04 14:54:01,122 INFO [main][ServletWebServerApplicationContext.java:296] - Root WebApplicationContext: initialization completed in 1438 ms
[mams-student][${env:SERVER_PORT}] 2021-05-04 14:54:01,835 INFO [main][ExecutorConfigurationSupport.java:171] - Initializing ExecutorService 'applicationTaskExecutor'
[mams-student][${env:SERVER_PORT}] 2021-05-04 14:54:01,924 INFO [main][WelcomePageHandlerMapping.java:56] - Adding welcome page: class path resource [static/index.html]
[mams-student][${env:SERVER_PORT}] 2021-05-04 14:54:02,137 INFO [main][EndpointLinksResolver.java:59] - Exposing 2 endpoint(s) beneath base path '/actuator'
[mams-student][${env:SERVER_PORT}] 2021-05-04 14:54:02,195 INFO [main][DirectJDKLog.java:173] - Starting ProtocolHandler ["http-nio-8083"]
[mams-student][${env:SERVER_PORT}] 2021-05-04 14:54:02,217 INFO [main][TomcatWebServer.java:204] - Tomcat started on port(s): 8083 (http) with context path ''
[mams-student][${env:SERVER_PORT}] 2021-05-04 14:54:02,221 INFO [main][StartupInfoLogger.java:59] - Started MamsStudentApplication in 3.011 seconds (JVM running for 4.32)
[mams-student][${env:SERVER_PORT}] 2021-05-04 14:54:02,380 INFO [RMI TCP Connection(1)-192.168.1.106][HikariDataSource.java:110] - HikariPool-1 - Starting...
[mams-student][${env:SERVER_PORT}] 2021-05-04 14:54:02,648 INFO [RMI TCP Connection(1)-192.168.1.106][HikariDataSource.java:123] - HikariPool-1 - Start completed.
[mams-student][${env:SERVER_PORT}] 2021-05-04 14:54:02,766 INFO [RMI TCP Connection(3)-192.168.1.106][DirectJDKLog.java:173] - Initializing Spring DispatcherServlet 'dispatcherServlet'
[mams-student][${env:SERVER_PORT}] 2021-05-04 14:54:02,767 INFO [RMI TCP Connection(3)-192.168.1.106][FrameworkServlet.java:524] - Initializing Servlet 'dispatcherServlet'
[mams-student][${env:SERVER_PORT}] 2021-05-04 14:54:02,791 INFO [RMI TCP Connection(3)-192.168.1.106][FrameworkServlet.java:546] - Completed initialization in 24 ms
[mams-student][${env:SERVER_PORT}] 2021-05-04 14:58:51,861 INFO [main][StartupInfoLogger.java:50] - Starting MamsStudentApplication on DESKTOP-U5SUJ4I with PID 2272 (D:\graduation\mams\mams-student\target\classes started by tcp666 in D:\graduation\mams)
[mams-student][${env:SERVER_PORT}] 2021-05-04 14:58:51,869 INFO [main][SpringApplication.java:675] - No active profile set, falling back to default profiles: default
[mams-student][${env:SERVER_PORT}] 2021-05-04 14:58:52,930 INFO [main][PostProcessorRegistrationDelegate.java:330] - Bean 'org.springframework.transaction.annotation.ProxyTransactionManagementConfiguration' of type [org.springframework.transaction.annotation.ProxyTransactionManagementConfiguration$$EnhancerBySpringCGLIB$$f5dbd706] is not eligible for getting processed by all BeanPostProcessors (for example: not eligible for auto-proxying)
[mams-student][${env:SERVER_PORT}] 2021-05-04 14:58:53,194 INFO [main][TomcatWebServer.java:90] - Tomcat initialized with port(s): 8083 (http)
[mams-student][${env:SERVER_PORT}] 2021-05-04 14:58:53,212 INFO [main][DirectJDKLog.java:173] - Initializing ProtocolHandler ["http-nio-8083"]
[mams-student][${env:SERVER_PORT}] 2021-05-04 14:58:53,223 INFO [main][DirectJDKLog.java:173] - Starting service [Tomcat]
[mams-student][${env:SERVER_PORT}] 2021-05-04 14:58:53,223 INFO [main][DirectJDKLog.java:173] - Starting Servlet engine: [Apache Tomcat/9.0.16]
[mams-student][${env:SERVER_PORT}] 2021-05-04 14:58:53,234 INFO [main][DirectJDKLog.java:173] - The APR based Apache Tomcat Native library which allows optimal performance in production environments was not found on the java.library.path: [D:\java\jdk1.8\bin;C:\WINDOWS\Sun\Java\bin;C:\WINDOWS\system32;C:\WINDOWS;C:\WINDOWS\system32;C:\WINDOWS;C:\WINDOWS\System32\Wbem;C:\WINDOWS\System32\WindowsPowerShell\v1.0\;C:\WINDOWS\System32\OpenSSH\;D:\mysql\mysql-8.0.15-winx64\mysql-8.0.15-winx64\bin;D:\java\jdk1.8\bin\;D:\java\jdk1.8\jre\bin\;C:\Users\tcp666\AppData\Local\Microsoft\WindowsApps;;.]
[mams-student][${env:SERVER_PORT}] 2021-05-04 14:58:53,332 INFO [main][DirectJDKLog.java:173] - Initializing Spring embedded WebApplicationContext
[mams-student][${env:SERVER_PORT}] 2021-05-04 14:58:53,332 INFO [main][ServletWebServerApplicationContext.java:296] - Root WebApplicationContext: initialization completed in 1426 ms
[mams-student][${env:SERVER_PORT}] 2021-05-04 14:58:54,105 INFO [main][ExecutorConfigurationSupport.java:171] - Initializing ExecutorService 'applicationTaskExecutor'
[mams-student][${env:SERVER_PORT}] 2021-05-04 14:58:54,190 INFO [main][WelcomePageHandlerMapping.java:56] - Adding welcome page: class path resource [static/index.html]
[mams-student][${env:SERVER_PORT}] 2021-05-04 14:58:54,412 INFO [main][EndpointLinksResolver.java:59] - Exposing 2 endpoint(s) beneath base path '/actuator'
[mams-student][${env:SERVER_PORT}] 2021-05-04 14:58:54,455 INFO [main][DirectJDKLog.java:173] - Starting ProtocolHandler ["http-nio-8083"]
[mams-student][${env:SERVER_PORT}] 2021-05-04 14:58:54,476 INFO [main][TomcatWebServer.java:204] - Tomcat started on port(s): 8083 (http) with context path ''
[mams-student][${env:SERVER_PORT}] 2021-05-04 14:58:54,478 INFO [main][StartupInfoLogger.java:59] - Started MamsStudentApplication in 3.128 seconds (JVM running for 4.744)
[mams-student][${env:SERVER_PORT}] 2021-05-04 14:58:54,637 INFO [http-nio-8083-exec-1][DirectJDKLog.java:173] - Initializing Spring DispatcherServlet 'dispatcherServlet'
[mams-student][${env:SERVER_PORT}] 2021-05-04 14:58:54,637 INFO [http-nio-8083-exec-1][FrameworkServlet.java:524] - Initializing Servlet 'dispatcherServlet'
[mams-student][${env:SERVER_PORT}] 2021-05-04 14:58:54,642 INFO [http-nio-8083-exec-1][FrameworkServlet.java:546] - Completed initialization in 5 ms
[mams-student][${env:SERVER_PORT}] 2021-05-04 14:58:54,972 INFO [http-nio-8083-exec-4][HikariDataSource.java:110] - HikariPool-1 - Starting...
[mams-student][${env:SERVER_PORT}] 2021-05-04 14:58:55,261 INFO [http-nio-8083-exec-4][HikariDataSource.java:123] - HikariPool-1 - Start completed.
