[mams-common][${env:SERVER_PORT}] 2021-05-19 13:43:01,102 INFO [main][StartupInfoLogger.java:50] - Starting MamsCommonApplication on DESKTOP-U5SUJ4I with PID 18028 (D:\graduation\mams\mams-common\target\classes started by tcp666 in D:\graduation\mams)
[mams-common][${env:SERVER_PORT}] 2021-05-19 13:43:01,113 INFO [main][SpringApplication.java:675] - No active profile set, falling back to default profiles: default
[mams-common][${env:SERVER_PORT}] 2021-05-19 13:43:02,124 INFO [main][PostProcessorRegistrationDelegate.java:330] - Bean 'org.springframework.transaction.annotation.ProxyTransactionManagementConfiguration' of type [org.springframework.transaction.annotation.ProxyTransactionManagementConfiguration$$EnhancerBySpringCGLIB$$88f3a14d] is not eligible for getting processed by all BeanPostProcessors (for example: not eligible for auto-proxying)
[mams-common][${env:SERVER_PORT}] 2021-05-19 13:43:02,431 INFO [main][TomcatWebServer.java:90] - Tomcat initialized with port(s): 8081 (http)
[mams-common][${env:SERVER_PORT}] 2021-05-19 13:43:02,448 INFO [main][DirectJDKLog.java:173] - Initializing ProtocolHandler ["http-nio-8081"]
[mams-common][${env:SERVER_PORT}] 2021-05-19 13:43:02,459 INFO [main][DirectJDKLog.java:173] - Starting service [Tomcat]
[mams-common][${env:SERVER_PORT}] 2021-05-19 13:43:02,460 INFO [main][DirectJDKLog.java:173] - Starting Servlet engine: [Apache Tomcat/9.0.16]
[mams-common][${env:SERVER_PORT}] 2021-05-19 13:43:02,466 INFO [main][DirectJDKLog.java:173] - The APR based Apache Tomcat Native library which allows optimal performance in production environments was not found on the java.library.path: [D:\java\jdk1.8\bin;C:\WINDOWS\Sun\Java\bin;C:\WINDOWS\system32;C:\WINDOWS;C:\WINDOWS\system32;C:\WINDOWS;C:\WINDOWS\System32\Wbem;C:\WINDOWS\System32\WindowsPowerShell\v1.0\;C:\WINDOWS\System32\OpenSSH\;D:\mysql\mysql-8.0.15-winx64\mysql-8.0.15-winx64\bin;D:\java\jdk1.8\bin\;D:\java\jdk1.8\jre\bin\;C:\Users\tcp666\AppData\Local\Microsoft\WindowsApps;;.]
[mams-common][${env:SERVER_PORT}] 2021-05-19 13:43:02,568 INFO [main][DirectJDKLog.java:173] - Initializing Spring embedded WebApplicationContext
[mams-common][${env:SERVER_PORT}] 2021-05-19 13:43:02,569 INFO [main][ServletWebServerApplicationContext.java:296] - Root WebApplicationContext: initialization completed in 1421 ms
[mams-common][${env:SERVER_PORT}] 2021-05-19 13:43:03,302 INFO [main][ExecutorConfigurationSupport.java:171] - Initializing ExecutorService 'applicationTaskExecutor'
[mams-common][${env:SERVER_PORT}] 2021-05-19 13:43:03,406 INFO [main][WelcomePageHandlerMapping.java:56] - Adding welcome page: class path resource [static/index.html]
[mams-common][${env:SERVER_PORT}] 2021-05-19 13:43:03,641 INFO [main][EndpointLinksResolver.java:59] - Exposing 2 endpoint(s) beneath base path '/actuator'
[mams-common][${env:SERVER_PORT}] 2021-05-19 13:43:03,707 INFO [main][DirectJDKLog.java:173] - Starting ProtocolHandler ["http-nio-8081"]
[mams-common][${env:SERVER_PORT}] 2021-05-19 13:43:03,728 INFO [main][TomcatWebServer.java:204] - Tomcat started on port(s): 8081 (http) with context path ''
[mams-common][${env:SERVER_PORT}] 2021-05-19 13:43:03,730 INFO [main][StartupInfoLogger.java:59] - Started MamsCommonApplication in 3.326 seconds (JVM running for 4.663)
[mams-common][${env:SERVER_PORT}] 2021-05-19 13:43:03,862 INFO [http-nio-8081-exec-2][DirectJDKLog.java:173] - Initializing Spring DispatcherServlet 'dispatcherServlet'
[mams-common][${env:SERVER_PORT}] 2021-05-19 13:43:03,862 INFO [http-nio-8081-exec-2][FrameworkServlet.java:524] - Initializing Servlet 'dispatcherServlet'
[mams-common][${env:SERVER_PORT}] 2021-05-19 13:43:03,870 INFO [http-nio-8081-exec-2][FrameworkServlet.java:546] - Completed initialization in 8 ms
[mams-common][${env:SERVER_PORT}] 2021-05-19 13:43:04,158 INFO [RMI TCP Connection(2)-192.168.1.106][HikariDataSource.java:110] - HikariPool-1 - Starting...
[mams-common][${env:SERVER_PORT}] 2021-05-19 13:43:04,482 INFO [RMI TCP Connection(2)-192.168.1.106][HikariDataSource.java:123] - HikariPool-1 - Start completed.
[mams-common][${env:SERVER_PORT}] 2021-05-19 13:45:23,033 INFO [main][StartupInfoLogger.java:50] - Starting MamsCommonApplication on DESKTOP-U5SUJ4I with PID 5736 (D:\graduation\mams\mams-common\target\classes started by tcp666 in D:\graduation\mams)
[mams-common][${env:SERVER_PORT}] 2021-05-19 13:45:23,081 INFO [main][SpringApplication.java:675] - No active profile set, falling back to default profiles: default
[mams-common][${env:SERVER_PORT}] 2021-05-19 13:45:24,387 INFO [main][PostProcessorRegistrationDelegate.java:330] - Bean 'org.springframework.transaction.annotation.ProxyTransactionManagementConfiguration' of type [org.springframework.transaction.annotation.ProxyTransactionManagementConfiguration$$EnhancerBySpringCGLIB$$98141af8] is not eligible for getting processed by all BeanPostProcessors (for example: not eligible for auto-proxying)
[mams-common][${env:SERVER_PORT}] 2021-05-19 13:45:24,749 INFO [main][TomcatWebServer.java:90] - Tomcat initialized with port(s): 8081 (http)
[mams-common][${env:SERVER_PORT}] 2021-05-19 13:45:24,764 INFO [main][DirectJDKLog.java:173] - Initializing ProtocolHandler ["http-nio-8081"]
[mams-common][${env:SERVER_PORT}] 2021-05-19 13:45:24,781 INFO [main][DirectJDKLog.java:173] - Starting service [Tomcat]
[mams-common][${env:SERVER_PORT}] 2021-05-19 13:45:24,782 INFO [main][DirectJDKLog.java:173] - Starting Servlet engine: [Apache Tomcat/9.0.16]
[mams-common][${env:SERVER_PORT}] 2021-05-19 13:45:24,792 INFO [main][DirectJDKLog.java:173] - The APR based Apache Tomcat Native library which allows optimal performance in production environments was not found on the java.library.path: [D:\java\jdk1.8\bin;C:\WINDOWS\Sun\Java\bin;C:\WINDOWS\system32;C:\WINDOWS;C:\WINDOWS\system32;C:\WINDOWS;C:\WINDOWS\System32\Wbem;C:\WINDOWS\System32\WindowsPowerShell\v1.0\;C:\WINDOWS\System32\OpenSSH\;D:\mysql\mysql-8.0.15-winx64\mysql-8.0.15-winx64\bin;D:\java\jdk1.8\bin\;D:\java\jdk1.8\jre\bin\;C:\Users\tcp666\AppData\Local\Microsoft\WindowsApps;;.]
[mams-common][${env:SERVER_PORT}] 2021-05-19 13:45:24,928 INFO [main][DirectJDKLog.java:173] - Initializing Spring embedded WebApplicationContext
[mams-common][${env:SERVER_PORT}] 2021-05-19 13:45:24,928 INFO [main][ServletWebServerApplicationContext.java:296] - Root WebApplicationContext: initialization completed in 1792 ms
[mams-common][${env:SERVER_PORT}] 2021-05-19 13:45:25,758 INFO [main][ExecutorConfigurationSupport.java:171] - Initializing ExecutorService 'applicationTaskExecutor'
[mams-common][${env:SERVER_PORT}] 2021-05-19 13:45:25,846 INFO [main][WelcomePageHandlerMapping.java:56] - Adding welcome page: class path resource [static/index.html]
[mams-common][${env:SERVER_PORT}] 2021-05-19 13:45:26,078 INFO [main][EndpointLinksResolver.java:59] - Exposing 2 endpoint(s) beneath base path '/actuator'
[mams-common][${env:SERVER_PORT}] 2021-05-19 13:45:26,123 INFO [main][DirectJDKLog.java:173] - Starting ProtocolHandler ["http-nio-8081"]
[mams-common][${env:SERVER_PORT}] 2021-05-19 13:45:26,145 INFO [main][TomcatWebServer.java:204] - Tomcat started on port(s): 8081 (http) with context path ''
[mams-common][${env:SERVER_PORT}] 2021-05-19 13:45:26,147 INFO [main][StartupInfoLogger.java:59] - Started MamsCommonApplication in 3.569 seconds (JVM running for 5.11)
[mams-common][${env:SERVER_PORT}] 2021-05-19 13:45:26,410 INFO [RMI TCP Connection(2)-192.168.1.106][HikariDataSource.java:110] - HikariPool-1 - Starting...
[mams-common][${env:SERVER_PORT}] 2021-05-19 13:45:26,410 INFO [RMI TCP Connection(1)-192.168.1.106][DirectJDKLog.java:173] - Initializing Spring DispatcherServlet 'dispatcherServlet'
[mams-common][${env:SERVER_PORT}] 2021-05-19 13:45:26,410 INFO [RMI TCP Connection(1)-192.168.1.106][FrameworkServlet.java:524] - Initializing Servlet 'dispatcherServlet'
[mams-common][${env:SERVER_PORT}] 2021-05-19 13:45:26,418 INFO [RMI TCP Connection(1)-192.168.1.106][FrameworkServlet.java:546] - Completed initialization in 8 ms
[mams-common][${env:SERVER_PORT}] 2021-05-19 13:45:26,765 INFO [RMI TCP Connection(2)-192.168.1.106][HikariDataSource.java:123] - HikariPool-1 - Start completed.
