[mams-common][${env:SERVER_PORT}] 2021-05-06 17:13:07,099 INFO [main][StartupInfoLogger.java:50] - Starting MamsCommonApplication on DESKTOP-U5SUJ4I with PID 18308 (D:\graduation\mams\mams-common\target\classes started by tcp666 in D:\graduation\mams)
[mams-common][${env:SERVER_PORT}] 2021-05-06 17:13:07,111 INFO [main][SpringApplication.java:675] - No active profile set, falling back to default profiles: default
[mams-common][${env:SERVER_PORT}] 2021-05-06 17:13:08,187 INFO [main][PostProcessorRegistrationDelegate.java:330] - Bean 'org.springframework.transaction.annotation.ProxyTransactionManagementConfiguration' of type [org.springframework.transaction.annotation.ProxyTransactionManagementConfiguration$$EnhancerBySpringCGLIB$$e9bbb170] is not eligible for getting processed by all BeanPostProcessors (for example: not eligible for auto-proxying)
[mams-common][${env:SERVER_PORT}] 2021-05-06 17:13:08,423 INFO [main][TomcatWebServer.java:90] - Tomcat initialized with port(s): 8081 (http)
[mams-common][${env:SERVER_PORT}] 2021-05-06 17:13:08,437 INFO [main][DirectJDKLog.java:173] - Initializing ProtocolHandler ["http-nio-8081"]
[mams-common][${env:SERVER_PORT}] 2021-05-06 17:13:08,445 INFO [main][DirectJDKLog.java:173] - Starting service [Tomcat]
[mams-common][${env:SERVER_PORT}] 2021-05-06 17:13:08,445 INFO [main][DirectJDKLog.java:173] - Starting Servlet engine: [Apache Tomcat/9.0.16]
[mams-common][${env:SERVER_PORT}] 2021-05-06 17:13:08,453 INFO [main][DirectJDKLog.java:173] - The APR based Apache Tomcat Native library which allows optimal performance in production environments was not found on the java.library.path: [D:\java\jdk1.8\bin;C:\WINDOWS\Sun\Java\bin;C:\WINDOWS\system32;C:\WINDOWS;C:\WINDOWS\system32;C:\WINDOWS;C:\WINDOWS\System32\Wbem;C:\WINDOWS\System32\WindowsPowerShell\v1.0\;C:\WINDOWS\System32\OpenSSH\;D:\mysql\mysql-8.0.15-winx64\mysql-8.0.15-winx64\bin;D:\java\jdk1.8\bin\;D:\java\jdk1.8\jre\bin\;C:\Users\tcp666\AppData\Local\Microsoft\WindowsApps;;.]
[mams-common][${env:SERVER_PORT}] 2021-05-06 17:13:08,546 INFO [main][DirectJDKLog.java:173] - Initializing Spring embedded WebApplicationContext
[mams-common][${env:SERVER_PORT}] 2021-05-06 17:13:08,546 INFO [main][ServletWebServerApplicationContext.java:296] - Root WebApplicationContext: initialization completed in 1388 ms
[mams-common][${env:SERVER_PORT}] 2021-05-06 17:13:09,250 INFO [main][ExecutorConfigurationSupport.java:171] - Initializing ExecutorService 'applicationTaskExecutor'
[mams-common][${env:SERVER_PORT}] 2021-05-06 17:13:09,332 INFO [main][WelcomePageHandlerMapping.java:56] - Adding welcome page: class path resource [static/index.html]
[mams-common][${env:SERVER_PORT}] 2021-05-06 17:13:09,550 INFO [main][EndpointLinksResolver.java:59] - Exposing 2 endpoint(s) beneath base path '/actuator'
[mams-common][${env:SERVER_PORT}] 2021-05-06 17:13:09,599 INFO [main][DirectJDKLog.java:173] - Starting ProtocolHandler ["http-nio-8081"]
[mams-common][${env:SERVER_PORT}] 2021-05-06 17:13:09,633 INFO [main][TomcatWebServer.java:204] - Tomcat started on port(s): 8081 (http) with context path ''
[mams-common][${env:SERVER_PORT}] 2021-05-06 17:13:09,637 INFO [main][StartupInfoLogger.java:59] - Started MamsCommonApplication in 3.055 seconds (JVM running for 4.372)
[mams-common][${env:SERVER_PORT}] 2021-05-06 17:13:09,978 INFO [RMI TCP Connection(4)-192.168.1.106][DirectJDKLog.java:173] - Initializing Spring DispatcherServlet 'dispatcherServlet'
[mams-common][${env:SERVER_PORT}] 2021-05-06 17:13:09,978 INFO [RMI TCP Connection(3)-192.168.1.106][HikariDataSource.java:110] - HikariPool-1 - Starting...
[mams-common][${env:SERVER_PORT}] 2021-05-06 17:13:09,979 INFO [RMI TCP Connection(4)-192.168.1.106][FrameworkServlet.java:524] - Initializing Servlet 'dispatcherServlet'
[mams-common][${env:SERVER_PORT}] 2021-05-06 17:13:09,987 INFO [RMI TCP Connection(4)-192.168.1.106][FrameworkServlet.java:546] - Completed initialization in 8 ms
[mams-common][${env:SERVER_PORT}] 2021-05-06 17:13:10,372 INFO [RMI TCP Connection(3)-192.168.1.106][HikariDataSource.java:123] - HikariPool-1 - Start completed.
[mams-common][${env:SERVER_PORT}] 2021-05-06 17:13:30,151 INFO [main][StartupInfoLogger.java:50] - Starting MamsCommonApplication on DESKTOP-U5SUJ4I with PID 20512 (D:\graduation\mams\mams-common\target\classes started by tcp666 in D:\graduation\mams)
[mams-common][${env:SERVER_PORT}] 2021-05-06 17:13:30,162 INFO [main][SpringApplication.java:675] - No active profile set, falling back to default profiles: default
[mams-common][${env:SERVER_PORT}] 2021-05-06 17:13:31,193 INFO [main][PostProcessorRegistrationDelegate.java:330] - Bean 'org.springframework.transaction.annotation.ProxyTransactionManagementConfiguration' of type [org.springframework.transaction.annotation.ProxyTransactionManagementConfiguration$$EnhancerBySpringCGLIB$$57ea9a15] is not eligible for getting processed by all BeanPostProcessors (for example: not eligible for auto-proxying)
[mams-common][${env:SERVER_PORT}] 2021-05-06 17:13:31,465 INFO [main][TomcatWebServer.java:90] - Tomcat initialized with port(s): 8081 (http)
[mams-common][${env:SERVER_PORT}] 2021-05-06 17:13:31,479 INFO [main][DirectJDKLog.java:173] - Initializing ProtocolHandler ["http-nio-8081"]
[mams-common][${env:SERVER_PORT}] 2021-05-06 17:13:31,488 INFO [main][DirectJDKLog.java:173] - Starting service [Tomcat]
[mams-common][${env:SERVER_PORT}] 2021-05-06 17:13:31,490 INFO [main][DirectJDKLog.java:173] - Starting Servlet engine: [Apache Tomcat/9.0.16]
[mams-common][${env:SERVER_PORT}] 2021-05-06 17:13:31,496 INFO [main][DirectJDKLog.java:173] - The APR based Apache Tomcat Native library which allows optimal performance in production environments was not found on the java.library.path: [D:\java\jdk1.8\bin;C:\WINDOWS\Sun\Java\bin;C:\WINDOWS\system32;C:\WINDOWS;C:\WINDOWS\system32;C:\WINDOWS;C:\WINDOWS\System32\Wbem;C:\WINDOWS\System32\WindowsPowerShell\v1.0\;C:\WINDOWS\System32\OpenSSH\;D:\mysql\mysql-8.0.15-winx64\mysql-8.0.15-winx64\bin;D:\java\jdk1.8\bin\;D:\java\jdk1.8\jre\bin\;C:\Users\tcp666\AppData\Local\Microsoft\WindowsApps;;.]
[mams-common][${env:SERVER_PORT}] 2021-05-06 17:13:31,604 INFO [main][DirectJDKLog.java:173] - Initializing Spring embedded WebApplicationContext
[mams-common][${env:SERVER_PORT}] 2021-05-06 17:13:31,604 INFO [main][ServletWebServerApplicationContext.java:296] - Root WebApplicationContext: initialization completed in 1373 ms
[mams-common][${env:SERVER_PORT}] 2021-05-06 17:13:32,402 INFO [main][ExecutorConfigurationSupport.java:171] - Initializing ExecutorService 'applicationTaskExecutor'
[mams-common][${env:SERVER_PORT}] 2021-05-06 17:13:32,513 INFO [main][WelcomePageHandlerMapping.java:56] - Adding welcome page: class path resource [static/index.html]
[mams-common][${env:SERVER_PORT}] 2021-05-06 17:13:32,744 INFO [main][EndpointLinksResolver.java:59] - Exposing 2 endpoint(s) beneath base path '/actuator'
[mams-common][${env:SERVER_PORT}] 2021-05-06 17:13:32,844 INFO [main][DirectJDKLog.java:173] - Starting ProtocolHandler ["http-nio-8081"]
[mams-common][${env:SERVER_PORT}] 2021-05-06 17:13:32,895 INFO [main][TomcatWebServer.java:204] - Tomcat started on port(s): 8081 (http) with context path ''
[mams-common][${env:SERVER_PORT}] 2021-05-06 17:13:32,899 INFO [main][StartupInfoLogger.java:59] - Started MamsCommonApplication in 3.389 seconds (JVM running for 4.88)
[mams-common][${env:SERVER_PORT}] 2021-05-06 17:13:33,238 INFO [RMI TCP Connection(1)-192.168.1.106][DirectJDKLog.java:173] - Initializing Spring DispatcherServlet 'dispatcherServlet'
[mams-common][${env:SERVER_PORT}] 2021-05-06 17:13:33,238 INFO [RMI TCP Connection(2)-192.168.1.106][HikariDataSource.java:110] - HikariPool-1 - Starting...
[mams-common][${env:SERVER_PORT}] 2021-05-06 17:13:33,239 INFO [RMI TCP Connection(1)-192.168.1.106][FrameworkServlet.java:524] - Initializing Servlet 'dispatcherServlet'
[mams-common][${env:SERVER_PORT}] 2021-05-06 17:13:33,246 INFO [RMI TCP Connection(1)-192.168.1.106][FrameworkServlet.java:546] - Completed initialization in 7 ms
[mams-common][${env:SERVER_PORT}] 2021-05-06 17:13:33,581 INFO [RMI TCP Connection(2)-192.168.1.106][HikariDataSource.java:123] - HikariPool-1 - Start completed.
[mams-common][${env:SERVER_PORT}] 2021-05-06 17:14:34,392 ERROR [http-nio-8081-exec-10][DirectJDKLog.java:175] - Servlet.service() for servlet [dispatcherServlet] in context with path [] threw exception [Request processing failed; nested exception is java.lang.NullPointerException] with root cause
java.lang.NullPointerException
	at javax.mail.internet.InternetAddress.parse(InternetAddress.java:793)
	at javax.mail.internet.InternetAddress.parse(InternetAddress.java:752)
	at javax.mail.internet.InternetAddress.<init>(InternetAddress.java:119)
	at com.mams.mamscommon.utils.Verify.sendMsg(Verify.java:45)
	at com.mams.mamscommon.controller.CommonUserController.sendCheckCode(CommonUserController.java:131)
	at sun.reflect.NativeMethodAccessorImpl.invoke0(Native Method)
	at sun.reflect.NativeMethodAccessorImpl.invoke(NativeMethodAccessorImpl.java:62)
	at sun.reflect.DelegatingMethodAccessorImpl.invoke(DelegatingMethodAccessorImpl.java:43)
	at java.lang.reflect.Method.invoke(Method.java:498)
	at org.springframework.web.method.support.InvocableHandlerMethod.doInvoke(InvocableHandlerMethod.java:189)
	at org.springframework.web.method.support.InvocableHandlerMethod.invokeForRequest(InvocableHandlerMethod.java:138)
	at org.springframework.web.servlet.mvc.method.annotation.ServletInvocableHandlerMethod.invokeAndHandle(ServletInvocableHandlerMethod.java:102)
	at org.springframework.web.servlet.mvc.method.annotation.RequestMappingHandlerAdapter.invokeHandlerMethod(RequestMappingHandlerAdapter.java:895)
	at org.springframework.web.servlet.mvc.method.annotation.RequestMappingHandlerAdapter.handleInternal(RequestMappingHandlerAdapter.java:800)
	at org.springframework.web.servlet.mvc.method.AbstractHandlerMethodAdapter.handle(AbstractHandlerMethodAdapter.java:87)
	at org.springframework.web.servlet.DispatcherServlet.doDispatch(DispatcherServlet.java:1038)
	at org.springframework.web.servlet.DispatcherServlet.doService(DispatcherServlet.java:942)
	at org.springframework.web.servlet.FrameworkServlet.processRequest(FrameworkServlet.java:1005)
	at org.springframework.web.servlet.FrameworkServlet.doPost(FrameworkServlet.java:908)
	at javax.servlet.http.HttpServlet.service(HttpServlet.java:660)
	at org.springframework.web.servlet.FrameworkServlet.service(FrameworkServlet.java:882)
	at javax.servlet.http.HttpServlet.service(HttpServlet.java:741)
	at org.apache.catalina.core.ApplicationFilterChain.internalDoFilter(ApplicationFilterChain.java:231)
	at org.apache.catalina.core.ApplicationFilterChain.doFilter(ApplicationFilterChain.java:166)
	at org.apache.tomcat.websocket.server.WsFilter.doFilter(WsFilter.java:53)
	at org.apache.catalina.core.ApplicationFilterChain.internalDoFilter(ApplicationFilterChain.java:193)
	at org.apache.catalina.core.ApplicationFilterChain.doFilter(ApplicationFilterChain.java:166)
	at org.springframework.boot.actuate.web.trace.servlet.HttpTraceFilter.doFilterInternal(HttpTraceFilter.java:90)
	at org.springframework.web.filter.OncePerRequestFilter.doFilter(OncePerRequestFilter.java:107)
	at org.apache.catalina.core.ApplicationFilterChain.internalDoFilter(ApplicationFilterChain.java:193)
	at org.apache.catalina.core.ApplicationFilterChain.doFilter(ApplicationFilterChain.java:166)
	at org.springframework.web.filter.RequestContextFilter.doFilterInternal(RequestContextFilter.java:99)
	at org.springframework.web.filter.OncePerRequestFilter.doFilter(OncePerRequestFilter.java:107)
	at org.apache.catalina.core.ApplicationFilterChain.internalDoFilter(ApplicationFilterChain.java:193)
	at org.apache.catalina.core.ApplicationFilterChain.doFilter(ApplicationFilterChain.java:166)
	at org.springframework.web.filter.FormContentFilter.doFilterInternal(FormContentFilter.java:92)
	at org.springframework.web.filter.OncePerRequestFilter.doFilter(OncePerRequestFilter.java:107)
	at org.apache.catalina.core.ApplicationFilterChain.internalDoFilter(ApplicationFilterChain.java:193)
	at org.apache.catalina.core.ApplicationFilterChain.doFilter(ApplicationFilterChain.java:166)
	at org.springframework.web.filter.HiddenHttpMethodFilter.doFilterInternal(HiddenHttpMethodFilter.java:93)
	at org.springframework.web.filter.OncePerRequestFilter.doFilter(OncePerRequestFilter.java:107)
	at org.apache.catalina.core.ApplicationFilterChain.internalDoFilter(ApplicationFilterChain.java:193)
	at org.apache.catalina.core.ApplicationFilterChain.doFilter(ApplicationFilterChain.java:166)
	at org.springframework.boot.actuate.metrics.web.servlet.WebMvcMetricsFilter.filterAndRecordMetrics(WebMvcMetricsFilter.java:117)
	at org.springframework.boot.actuate.metrics.web.servlet.WebMvcMetricsFilter.doFilterInternal(WebMvcMetricsFilter.java:106)
	at org.springframework.web.filter.OncePerRequestFilter.doFilter(OncePerRequestFilter.java:107)
	at org.apache.catalina.core.ApplicationFilterChain.internalDoFilter(ApplicationFilterChain.java:193)
	at org.apache.catalina.core.ApplicationFilterChain.doFilter(ApplicationFilterChain.java:166)
	at org.springframework.web.filter.CharacterEncodingFilter.doFilterInternal(CharacterEncodingFilter.java:200)
	at org.springframework.web.filter.OncePerRequestFilter.doFilter(OncePerRequestFilter.java:107)
	at org.apache.catalina.core.ApplicationFilterChain.internalDoFilter(ApplicationFilterChain.java:193)
	at org.apache.catalina.core.ApplicationFilterChain.doFilter(ApplicationFilterChain.java:166)
	at org.apache.catalina.core.StandardWrapperValve.invoke(StandardWrapperValve.java:200)
	at org.apache.catalina.core.StandardContextValve.invoke(StandardContextValve.java:96)
	at org.apache.catalina.authenticator.AuthenticatorBase.invoke(AuthenticatorBase.java:490)
	at org.apache.catalina.core.StandardHostValve.invoke(StandardHostValve.java:139)
	at org.apache.catalina.valves.ErrorReportValve.invoke(ErrorReportValve.java:92)
	at org.apache.catalina.core.StandardEngineValve.invoke(StandardEngineValve.java:74)
	at org.apache.catalina.connector.CoyoteAdapter.service(CoyoteAdapter.java:343)
	at org.apache.coyote.http11.Http11Processor.service(Http11Processor.java:408)
	at org.apache.coyote.AbstractProcessorLight.process(AbstractProcessorLight.java:66)
	at org.apache.coyote.AbstractProtocol$ConnectionHandler.process(AbstractProtocol.java:834)
	at org.apache.tomcat.util.net.NioEndpoint$SocketProcessor.doRun(NioEndpoint.java:1415)
	at org.apache.tomcat.util.net.SocketProcessorBase.run(SocketProcessorBase.java:49)
	at java.util.concurrent.ThreadPoolExecutor.runWorker(ThreadPoolExecutor.java:1142)
	at java.util.concurrent.ThreadPoolExecutor$Worker.run(ThreadPoolExecutor.java:617)
	at org.apache.tomcat.util.threads.TaskThread$WrappingRunnable.run(TaskThread.java:61)
	at java.lang.Thread.run(Thread.java:745)
[mams-common][${env:SERVER_PORT}] 2021-05-06 17:15:09,647 INFO [main][StartupInfoLogger.java:50] - Starting MamsCommonApplication on DESKTOP-U5SUJ4I with PID 1732 (D:\graduation\mams\mams-common\target\classes started by tcp666 in D:\graduation\mams)
[mams-common][${env:SERVER_PORT}] 2021-05-06 17:15:09,696 INFO [main][SpringApplication.java:675] - No active profile set, falling back to default profiles: default
[mams-common][${env:SERVER_PORT}] 2021-05-06 17:15:10,672 INFO [main][PostProcessorRegistrationDelegate.java:330] - Bean 'org.springframework.transaction.annotation.ProxyTransactionManagementConfiguration' of type [org.springframework.transaction.annotation.ProxyTransactionManagementConfiguration$$EnhancerBySpringCGLIB$$9f3b8710] is not eligible for getting processed by all BeanPostProcessors (for example: not eligible for auto-proxying)
[mams-common][${env:SERVER_PORT}] 2021-05-06 17:15:10,929 INFO [main][TomcatWebServer.java:90] - Tomcat initialized with port(s): 8081 (http)
[mams-common][${env:SERVER_PORT}] 2021-05-06 17:15:10,940 INFO [main][DirectJDKLog.java:173] - Initializing ProtocolHandler ["http-nio-8081"]
[mams-common][${env:SERVER_PORT}] 2021-05-06 17:15:10,947 INFO [main][DirectJDKLog.java:173] - Starting service [Tomcat]
[mams-common][${env:SERVER_PORT}] 2021-05-06 17:15:10,948 INFO [main][DirectJDKLog.java:173] - Starting Servlet engine: [Apache Tomcat/9.0.16]
[mams-common][${env:SERVER_PORT}] 2021-05-06 17:15:10,953 INFO [main][DirectJDKLog.java:173] - The APR based Apache Tomcat Native library which allows optimal performance in production environments was not found on the java.library.path: [D:\java\jdk1.8\bin;C:\WINDOWS\Sun\Java\bin;C:\WINDOWS\system32;C:\WINDOWS;C:\WINDOWS\system32;C:\WINDOWS;C:\WINDOWS\System32\Wbem;C:\WINDOWS\System32\WindowsPowerShell\v1.0\;C:\WINDOWS\System32\OpenSSH\;D:\mysql\mysql-8.0.15-winx64\mysql-8.0.15-winx64\bin;D:\java\jdk1.8\bin\;D:\java\jdk1.8\jre\bin\;C:\Users\tcp666\AppData\Local\Microsoft\WindowsApps;;.]
[mams-common][${env:SERVER_PORT}] 2021-05-06 17:15:11,036 INFO [main][DirectJDKLog.java:173] - Initializing Spring embedded WebApplicationContext
[mams-common][${env:SERVER_PORT}] 2021-05-06 17:15:11,037 INFO [main][ServletWebServerApplicationContext.java:296] - Root WebApplicationContext: initialization completed in 1306 ms
[mams-common][${env:SERVER_PORT}] 2021-05-06 17:15:11,603 INFO [main][ExecutorConfigurationSupport.java:171] - Initializing ExecutorService 'applicationTaskExecutor'
[mams-common][${env:SERVER_PORT}] 2021-05-06 17:15:11,678 INFO [main][WelcomePageHandlerMapping.java:56] - Adding welcome page: class path resource [static/index.html]
[mams-common][${env:SERVER_PORT}] 2021-05-06 17:15:11,910 INFO [main][EndpointLinksResolver.java:59] - Exposing 2 endpoint(s) beneath base path '/actuator'
[mams-common][${env:SERVER_PORT}] 2021-05-06 17:15:11,947 INFO [main][DirectJDKLog.java:173] - Starting ProtocolHandler ["http-nio-8081"]
[mams-common][${env:SERVER_PORT}] 2021-05-06 17:15:11,965 INFO [main][TomcatWebServer.java:204] - Tomcat started on port(s): 8081 (http) with context path ''
[mams-common][${env:SERVER_PORT}] 2021-05-06 17:15:11,967 INFO [main][StartupInfoLogger.java:59] - Started MamsCommonApplication in 2.76 seconds (JVM running for 3.981)
[mams-common][${env:SERVER_PORT}] 2021-05-06 17:15:12,252 INFO [RMI TCP Connection(1)-192.168.1.106][DirectJDKLog.java:173] - Initializing Spring DispatcherServlet 'dispatcherServlet'
[mams-common][${env:SERVER_PORT}] 2021-05-06 17:15:12,252 INFO [RMI TCP Connection(2)-192.168.1.106][HikariDataSource.java:110] - HikariPool-1 - Starting...
[mams-common][${env:SERVER_PORT}] 2021-05-06 17:15:12,252 INFO [RMI TCP Connection(1)-192.168.1.106][FrameworkServlet.java:524] - Initializing Servlet 'dispatcherServlet'
[mams-common][${env:SERVER_PORT}] 2021-05-06 17:15:12,259 INFO [RMI TCP Connection(1)-192.168.1.106][FrameworkServlet.java:546] - Completed initialization in 7 ms
[mams-common][${env:SERVER_PORT}] 2021-05-06 17:15:12,609 INFO [RMI TCP Connection(2)-192.168.1.106][HikariDataSource.java:123] - HikariPool-1 - Start completed.
[mams-common][${env:SERVER_PORT}] 2021-05-06 17:17:05,845 ERROR [http-nio-8081-exec-4][DirectJDKLog.java:175] - Servlet.service() for servlet [dispatcherServlet] in context with path [] threw exception [Request processing failed; nested exception is org.springframework.dao.DataIntegrityViolationException: 
### Error updating database.  Cause: java.sql.SQLIntegrityConstraintViolationException: Column 'userId' cannot be null
### The error may exist in com/mams/mamscommon/mapper/UserMapper.java (best guess)
### The error may involve com.mams.mamscommon.mapper.UserMapper.save-Inline
### The error occurred while setting parameters
### SQL: insert into user values(?,?,?,?,?)
### Cause: java.sql.SQLIntegrityConstraintViolationException: Column 'userId' cannot be null
; Column 'userId' cannot be null; nested exception is java.sql.SQLIntegrityConstraintViolationException: Column 'userId' cannot be null] with root cause
java.sql.SQLIntegrityConstraintViolationException: Column 'userId' cannot be null
	at com.mysql.cj.jdbc.exceptions.SQLError.createSQLException(SQLError.java:117)
	at com.mysql.cj.jdbc.exceptions.SQLError.createSQLException(SQLError.java:97)
	at com.mysql.cj.jdbc.exceptions.SQLExceptionsMapping.translateException(SQLExceptionsMapping.java:122)
	at com.mysql.cj.jdbc.ClientPreparedStatement.executeInternal(ClientPreparedStatement.java:970)
	at com.mysql.cj.jdbc.ClientPreparedStatement.execute(ClientPreparedStatement.java:387)
	at com.zaxxer.hikari.pool.ProxyPreparedStatement.execute(ProxyPreparedStatement.java:44)
	at com.zaxxer.hikari.pool.HikariProxyPreparedStatement.execute(HikariProxyPreparedStatement.java)
	at org.apache.ibatis.executor.statement.PreparedStatementHandler.update(PreparedStatementHandler.java:47)
	at org.apache.ibatis.executor.statement.RoutingStatementHandler.update(RoutingStatementHandler.java:74)
	at org.apache.ibatis.executor.SimpleExecutor.doUpdate(SimpleExecutor.java:50)
	at org.apache.ibatis.executor.BaseExecutor.update(BaseExecutor.java:117)
	at org.apache.ibatis.executor.CachingExecutor.update(CachingExecutor.java:76)
	at org.apache.ibatis.session.defaults.DefaultSqlSession.update(DefaultSqlSession.java:197)
	at org.apache.ibatis.session.defaults.DefaultSqlSession.insert(DefaultSqlSession.java:184)
	at sun.reflect.NativeMethodAccessorImpl.invoke0(Native Method)
	at sun.reflect.NativeMethodAccessorImpl.invoke(NativeMethodAccessorImpl.java:62)
	at sun.reflect.DelegatingMethodAccessorImpl.invoke(DelegatingMethodAccessorImpl.java:43)
	at java.lang.reflect.Method.invoke(Method.java:498)
	at org.mybatis.spring.SqlSessionTemplate$SqlSessionInterceptor.invoke(SqlSessionTemplate.java:426)
	at com.sun.proxy.$Proxy97.insert(Unknown Source)
	at org.mybatis.spring.SqlSessionTemplate.insert(SqlSessionTemplate.java:271)
	at org.apache.ibatis.binding.MapperMethod.execute(MapperMethod.java:62)
	at org.apache.ibatis.binding.MapperProxy.invoke(MapperProxy.java:57)
	at com.sun.proxy.$Proxy103.save(Unknown Source)
	at com.mams.mamscommon.controller.CommonUserController.register(CommonUserController.java:141)
	at sun.reflect.NativeMethodAccessorImpl.invoke0(Native Method)
	at sun.reflect.NativeMethodAccessorImpl.invoke(NativeMethodAccessorImpl.java:62)
	at sun.reflect.DelegatingMethodAccessorImpl.invoke(DelegatingMethodAccessorImpl.java:43)
	at java.lang.reflect.Method.invoke(Method.java:498)
	at org.springframework.web.method.support.InvocableHandlerMethod.doInvoke(InvocableHandlerMethod.java:189)
	at org.springframework.web.method.support.InvocableHandlerMethod.invokeForRequest(InvocableHandlerMethod.java:138)
	at org.springframework.web.servlet.mvc.method.annotation.ServletInvocableHandlerMethod.invokeAndHandle(ServletInvocableHandlerMethod.java:102)
	at org.springframework.web.servlet.mvc.method.annotation.RequestMappingHandlerAdapter.invokeHandlerMethod(RequestMappingHandlerAdapter.java:895)
	at org.springframework.web.servlet.mvc.method.annotation.RequestMappingHandlerAdapter.handleInternal(RequestMappingHandlerAdapter.java:800)
	at org.springframework.web.servlet.mvc.method.AbstractHandlerMethodAdapter.handle(AbstractHandlerMethodAdapter.java:87)
	at org.springframework.web.servlet.DispatcherServlet.doDispatch(DispatcherServlet.java:1038)
	at org.springframework.web.servlet.DispatcherServlet.doService(DispatcherServlet.java:942)
	at org.springframework.web.servlet.FrameworkServlet.processRequest(FrameworkServlet.java:1005)
	at org.springframework.web.servlet.FrameworkServlet.doPost(FrameworkServlet.java:908)
	at javax.servlet.http.HttpServlet.service(HttpServlet.java:660)
	at org.springframework.web.servlet.FrameworkServlet.service(FrameworkServlet.java:882)
	at javax.servlet.http.HttpServlet.service(HttpServlet.java:741)
	at org.apache.catalina.core.ApplicationFilterChain.internalDoFilter(ApplicationFilterChain.java:231)
	at org.apache.catalina.core.ApplicationFilterChain.doFilter(ApplicationFilterChain.java:166)
	at org.apache.tomcat.websocket.server.WsFilter.doFilter(WsFilter.java:53)
	at org.apache.catalina.core.ApplicationFilterChain.internalDoFilter(ApplicationFilterChain.java:193)
	at org.apache.catalina.core.ApplicationFilterChain.doFilter(ApplicationFilterChain.java:166)
	at org.springframework.boot.actuate.web.trace.servlet.HttpTraceFilter.doFilterInternal(HttpTraceFilter.java:90)
	at org.springframework.web.filter.OncePerRequestFilter.doFilter(OncePerRequestFilter.java:107)
	at org.apache.catalina.core.ApplicationFilterChain.internalDoFilter(ApplicationFilterChain.java:193)
	at org.apache.catalina.core.ApplicationFilterChain.doFilter(ApplicationFilterChain.java:166)
	at org.springframework.web.filter.RequestContextFilter.doFilterInternal(RequestContextFilter.java:99)
	at org.springframework.web.filter.OncePerRequestFilter.doFilter(OncePerRequestFilter.java:107)
	at org.apache.catalina.core.ApplicationFilterChain.internalDoFilter(ApplicationFilterChain.java:193)
	at org.apache.catalina.core.ApplicationFilterChain.doFilter(ApplicationFilterChain.java:166)
	at org.springframework.web.filter.FormContentFilter.doFilterInternal(FormContentFilter.java:92)
	at org.springframework.web.filter.OncePerRequestFilter.doFilter(OncePerRequestFilter.java:107)
	at org.apache.catalina.core.ApplicationFilterChain.internalDoFilter(ApplicationFilterChain.java:193)
	at org.apache.catalina.core.ApplicationFilterChain.doFilter(ApplicationFilterChain.java:166)
	at org.springframework.web.filter.HiddenHttpMethodFilter.doFilterInternal(HiddenHttpMethodFilter.java:93)
	at org.springframework.web.filter.OncePerRequestFilter.doFilter(OncePerRequestFilter.java:107)
	at org.apache.catalina.core.ApplicationFilterChain.internalDoFilter(ApplicationFilterChain.java:193)
	at org.apache.catalina.core.ApplicationFilterChain.doFilter(ApplicationFilterChain.java:166)
	at org.springframework.boot.actuate.metrics.web.servlet.WebMvcMetricsFilter.filterAndRecordMetrics(WebMvcMetricsFilter.java:117)
	at org.springframework.boot.actuate.metrics.web.servlet.WebMvcMetricsFilter.doFilterInternal(WebMvcMetricsFilter.java:106)
	at org.springframework.web.filter.OncePerRequestFilter.doFilter(OncePerRequestFilter.java:107)
	at org.apache.catalina.core.ApplicationFilterChain.internalDoFilter(ApplicationFilterChain.java:193)
	at org.apache.catalina.core.ApplicationFilterChain.doFilter(ApplicationFilterChain.java:166)
	at org.springframework.web.filter.CharacterEncodingFilter.doFilterInternal(CharacterEncodingFilter.java:200)
	at org.springframework.web.filter.OncePerRequestFilter.doFilter(OncePerRequestFilter.java:107)
	at org.apache.catalina.core.ApplicationFilterChain.internalDoFilter(ApplicationFilterChain.java:193)
	at org.apache.catalina.core.ApplicationFilterChain.doFilter(ApplicationFilterChain.java:166)
	at org.apache.catalina.core.StandardWrapperValve.invoke(StandardWrapperValve.java:200)
	at org.apache.catalina.core.StandardContextValve.invoke(StandardContextValve.java:96)
	at org.apache.catalina.authenticator.AuthenticatorBase.invoke(AuthenticatorBase.java:490)
	at org.apache.catalina.core.StandardHostValve.invoke(StandardHostValve.java:139)
	at org.apache.catalina.valves.ErrorReportValve.invoke(ErrorReportValve.java:92)
	at org.apache.catalina.core.StandardEngineValve.invoke(StandardEngineValve.java:74)
	at org.apache.catalina.connector.CoyoteAdapter.service(CoyoteAdapter.java:343)
	at org.apache.coyote.http11.Http11Processor.service(Http11Processor.java:408)
	at org.apache.coyote.AbstractProcessorLight.process(AbstractProcessorLight.java:66)
	at org.apache.coyote.AbstractProtocol$ConnectionHandler.process(AbstractProtocol.java:834)
	at org.apache.tomcat.util.net.NioEndpoint$SocketProcessor.doRun(NioEndpoint.java:1415)
	at org.apache.tomcat.util.net.SocketProcessorBase.run(SocketProcessorBase.java:49)
	at java.util.concurrent.ThreadPoolExecutor.runWorker(ThreadPoolExecutor.java:1142)
	at java.util.concurrent.ThreadPoolExecutor$Worker.run(ThreadPoolExecutor.java:617)
	at org.apache.tomcat.util.threads.TaskThread$WrappingRunnable.run(TaskThread.java:61)
	at java.lang.Thread.run(Thread.java:745)
[mams-common][${env:SERVER_PORT}] 2021-05-06 17:26:14,577 INFO [main][StartupInfoLogger.java:50] - Starting MamsCommonApplication on DESKTOP-U5SUJ4I with PID 11912 (D:\graduation\mams\mams-common\target\classes started by tcp666 in D:\graduation\mams)
[mams-common][${env:SERVER_PORT}] 2021-05-06 17:26:14,639 INFO [main][SpringApplication.java:675] - No active profile set, falling back to default profiles: default
[mams-common][${env:SERVER_PORT}] 2021-05-06 17:26:15,574 INFO [main][PostProcessorRegistrationDelegate.java:330] - Bean 'org.springframework.transaction.annotation.ProxyTransactionManagementConfiguration' of type [org.springframework.transaction.annotation.ProxyTransactionManagementConfiguration$$EnhancerBySpringCGLIB$$30dc68] is not eligible for getting processed by all BeanPostProcessors (for example: not eligible for auto-proxying)
[mams-common][${env:SERVER_PORT}] 2021-05-06 17:26:15,821 INFO [main][TomcatWebServer.java:90] - Tomcat initialized with port(s): 8081 (http)
[mams-common][${env:SERVER_PORT}] 2021-05-06 17:26:15,832 INFO [main][DirectJDKLog.java:173] - Initializing ProtocolHandler ["http-nio-8081"]
[mams-common][${env:SERVER_PORT}] 2021-05-06 17:26:15,839 INFO [main][DirectJDKLog.java:173] - Starting service [Tomcat]
[mams-common][${env:SERVER_PORT}] 2021-05-06 17:26:15,840 INFO [main][DirectJDKLog.java:173] - Starting Servlet engine: [Apache Tomcat/9.0.16]
[mams-common][${env:SERVER_PORT}] 2021-05-06 17:26:15,845 INFO [main][DirectJDKLog.java:173] - The APR based Apache Tomcat Native library which allows optimal performance in production environments was not found on the java.library.path: [D:\java\jdk1.8\bin;C:\WINDOWS\Sun\Java\bin;C:\WINDOWS\system32;C:\WINDOWS;C:\WINDOWS\system32;C:\WINDOWS;C:\WINDOWS\System32\Wbem;C:\WINDOWS\System32\WindowsPowerShell\v1.0\;C:\WINDOWS\System32\OpenSSH\;D:\mysql\mysql-8.0.15-winx64\mysql-8.0.15-winx64\bin;D:\java\jdk1.8\bin\;D:\java\jdk1.8\jre\bin\;C:\Users\tcp666\AppData\Local\Microsoft\WindowsApps;;.]
[mams-common][${env:SERVER_PORT}] 2021-05-06 17:26:15,932 INFO [main][DirectJDKLog.java:173] - Initializing Spring embedded WebApplicationContext
[mams-common][${env:SERVER_PORT}] 2021-05-06 17:26:15,933 INFO [main][ServletWebServerApplicationContext.java:296] - Root WebApplicationContext: initialization completed in 1259 ms
[mams-common][${env:SERVER_PORT}] 2021-05-06 17:26:16,613 INFO [main][ExecutorConfigurationSupport.java:171] - Initializing ExecutorService 'applicationTaskExecutor'
[mams-common][${env:SERVER_PORT}] 2021-05-06 17:26:16,695 INFO [main][WelcomePageHandlerMapping.java:56] - Adding welcome page: class path resource [static/index.html]
[mams-common][${env:SERVER_PORT}] 2021-05-06 17:26:16,930 INFO [main][EndpointLinksResolver.java:59] - Exposing 2 endpoint(s) beneath base path '/actuator'
[mams-common][${env:SERVER_PORT}] 2021-05-06 17:26:16,967 INFO [main][DirectJDKLog.java:173] - Starting ProtocolHandler ["http-nio-8081"]
[mams-common][${env:SERVER_PORT}] 2021-05-06 17:26:16,985 INFO [main][TomcatWebServer.java:204] - Tomcat started on port(s): 8081 (http) with context path ''
[mams-common][${env:SERVER_PORT}] 2021-05-06 17:26:16,987 INFO [main][StartupInfoLogger.java:59] - Started MamsCommonApplication in 2.995 seconds (JVM running for 4.247)
[mams-common][${env:SERVER_PORT}] 2021-05-06 17:26:17,319 INFO [RMI TCP Connection(3)-192.168.1.106][DirectJDKLog.java:173] - Initializing Spring DispatcherServlet 'dispatcherServlet'
[mams-common][${env:SERVER_PORT}] 2021-05-06 17:26:17,320 INFO [RMI TCP Connection(3)-192.168.1.106][FrameworkServlet.java:524] - Initializing Servlet 'dispatcherServlet'
[mams-common][${env:SERVER_PORT}] 2021-05-06 17:26:17,321 INFO [RMI TCP Connection(4)-192.168.1.106][HikariDataSource.java:110] - HikariPool-1 - Starting...
[mams-common][${env:SERVER_PORT}] 2021-05-06 17:26:17,329 INFO [RMI TCP Connection(3)-192.168.1.106][FrameworkServlet.java:546] - Completed initialization in 9 ms
[mams-common][${env:SERVER_PORT}] 2021-05-06 17:26:17,673 INFO [RMI TCP Connection(4)-192.168.1.106][HikariDataSource.java:123] - HikariPool-1 - Start completed.
[mams-common][${env:SERVER_PORT}] 2021-05-06 17:27:00,442 ERROR [http-nio-8081-exec-6][DirectJDKLog.java:175] - Servlet.service() for servlet [dispatcherServlet] in context with path [] threw exception [Request processing failed; nested exception is org.springframework.jdbc.BadSqlGrammarException: 
### Error querying database.  Cause: java.sql.SQLSyntaxErrorException: Unknown column 'user_id' in 'where clause'
### The error may exist in com/mams/mamscommon/mapper/UserMapper.java (best guess)
### The error may involve com.mams.mamscommon.mapper.UserMapper.login-Inline
### The error occurred while setting parameters
### SQL: select * from user where user_id=? and password=?
### Cause: java.sql.SQLSyntaxErrorException: Unknown column 'user_id' in 'where clause'
; bad SQL grammar []; nested exception is java.sql.SQLSyntaxErrorException: Unknown column 'user_id' in 'where clause'] with root cause
java.sql.SQLSyntaxErrorException: Unknown column 'user_id' in 'where clause'
	at com.mysql.cj.jdbc.exceptions.SQLError.createSQLException(SQLError.java:120)
	at com.mysql.cj.jdbc.exceptions.SQLError.createSQLException(SQLError.java:97)
	at com.mysql.cj.jdbc.exceptions.SQLExceptionsMapping.translateException(SQLExceptionsMapping.java:122)
	at com.mysql.cj.jdbc.ClientPreparedStatement.executeInternal(ClientPreparedStatement.java:970)
	at com.mysql.cj.jdbc.ClientPreparedStatement.execute(ClientPreparedStatement.java:387)
	at com.zaxxer.hikari.pool.ProxyPreparedStatement.execute(ProxyPreparedStatement.java:44)
	at com.zaxxer.hikari.pool.HikariProxyPreparedStatement.execute(HikariProxyPreparedStatement.java)
	at org.apache.ibatis.executor.statement.PreparedStatementHandler.query(PreparedStatementHandler.java:64)
	at org.apache.ibatis.executor.statement.RoutingStatementHandler.query(RoutingStatementHandler.java:79)
	at org.apache.ibatis.executor.SimpleExecutor.doQuery(SimpleExecutor.java:63)
	at org.apache.ibatis.executor.BaseExecutor.queryFromDatabase(BaseExecutor.java:324)
	at org.apache.ibatis.executor.BaseExecutor.query(BaseExecutor.java:156)
	at org.apache.ibatis.executor.CachingExecutor.query(CachingExecutor.java:109)
	at org.apache.ibatis.executor.CachingExecutor.query(CachingExecutor.java:83)
	at org.apache.ibatis.session.defaults.DefaultSqlSession.selectList(DefaultSqlSession.java:147)
	at org.apache.ibatis.session.defaults.DefaultSqlSession.selectList(DefaultSqlSession.java:140)
	at sun.reflect.NativeMethodAccessorImpl.invoke0(Native Method)
	at sun.reflect.NativeMethodAccessorImpl.invoke(NativeMethodAccessorImpl.java:62)
	at sun.reflect.DelegatingMethodAccessorImpl.invoke(DelegatingMethodAccessorImpl.java:43)
	at java.lang.reflect.Method.invoke(Method.java:498)
	at org.mybatis.spring.SqlSessionTemplate$SqlSessionInterceptor.invoke(SqlSessionTemplate.java:426)
	at com.sun.proxy.$Proxy97.selectList(Unknown Source)
	at org.mybatis.spring.SqlSessionTemplate.selectList(SqlSessionTemplate.java:223)
	at org.apache.ibatis.binding.MapperMethod.executeForMany(MapperMethod.java:147)
	at org.apache.ibatis.binding.MapperMethod.execute(MapperMethod.java:80)
	at org.apache.ibatis.binding.MapperProxy.invoke(MapperProxy.java:57)
	at com.sun.proxy.$Proxy103.login(Unknown Source)
	at com.mams.mamscommon.controller.CommonUserController.login(CommonUserController.java:154)
	at sun.reflect.NativeMethodAccessorImpl.invoke0(Native Method)
	at sun.reflect.NativeMethodAccessorImpl.invoke(NativeMethodAccessorImpl.java:62)
	at sun.reflect.DelegatingMethodAccessorImpl.invoke(DelegatingMethodAccessorImpl.java:43)
	at java.lang.reflect.Method.invoke(Method.java:498)
	at org.springframework.web.method.support.InvocableHandlerMethod.doInvoke(InvocableHandlerMethod.java:189)
	at org.springframework.web.method.support.InvocableHandlerMethod.invokeForRequest(InvocableHandlerMethod.java:138)
	at org.springframework.web.servlet.mvc.method.annotation.ServletInvocableHandlerMethod.invokeAndHandle(ServletInvocableHandlerMethod.java:102)
	at org.springframework.web.servlet.mvc.method.annotation.RequestMappingHandlerAdapter.invokeHandlerMethod(RequestMappingHandlerAdapter.java:895)
	at org.springframework.web.servlet.mvc.method.annotation.RequestMappingHandlerAdapter.handleInternal(RequestMappingHandlerAdapter.java:800)
	at org.springframework.web.servlet.mvc.method.AbstractHandlerMethodAdapter.handle(AbstractHandlerMethodAdapter.java:87)
	at org.springframework.web.servlet.DispatcherServlet.doDispatch(DispatcherServlet.java:1038)
	at org.springframework.web.servlet.DispatcherServlet.doService(DispatcherServlet.java:942)
	at org.springframework.web.servlet.FrameworkServlet.processRequest(FrameworkServlet.java:1005)
	at org.springframework.web.servlet.FrameworkServlet.doPost(FrameworkServlet.java:908)
	at javax.servlet.http.HttpServlet.service(HttpServlet.java:660)
	at org.springframework.web.servlet.FrameworkServlet.service(FrameworkServlet.java:882)
	at javax.servlet.http.HttpServlet.service(HttpServlet.java:741)
	at org.apache.catalina.core.ApplicationFilterChain.internalDoFilter(ApplicationFilterChain.java:231)
	at org.apache.catalina.core.ApplicationFilterChain.doFilter(ApplicationFilterChain.java:166)
	at org.apache.tomcat.websocket.server.WsFilter.doFilter(WsFilter.java:53)
	at org.apache.catalina.core.ApplicationFilterChain.internalDoFilter(ApplicationFilterChain.java:193)
	at org.apache.catalina.core.ApplicationFilterChain.doFilter(ApplicationFilterChain.java:166)
	at org.springframework.boot.actuate.web.trace.servlet.HttpTraceFilter.doFilterInternal(HttpTraceFilter.java:90)
	at org.springframework.web.filter.OncePerRequestFilter.doFilter(OncePerRequestFilter.java:107)
	at org.apache.catalina.core.ApplicationFilterChain.internalDoFilter(ApplicationFilterChain.java:193)
	at org.apache.catalina.core.ApplicationFilterChain.doFilter(ApplicationFilterChain.java:166)
	at org.springframework.web.filter.RequestContextFilter.doFilterInternal(RequestContextFilter.java:99)
	at org.springframework.web.filter.OncePerRequestFilter.doFilter(OncePerRequestFilter.java:107)
	at org.apache.catalina.core.ApplicationFilterChain.internalDoFilter(ApplicationFilterChain.java:193)
	at org.apache.catalina.core.ApplicationFilterChain.doFilter(ApplicationFilterChain.java:166)
	at org.springframework.web.filter.FormContentFilter.doFilterInternal(FormContentFilter.java:92)
	at org.springframework.web.filter.OncePerRequestFilter.doFilter(OncePerRequestFilter.java:107)
	at org.apache.catalina.core.ApplicationFilterChain.internalDoFilter(ApplicationFilterChain.java:193)
	at org.apache.catalina.core.ApplicationFilterChain.doFilter(ApplicationFilterChain.java:166)
	at org.springframework.web.filter.HiddenHttpMethodFilter.doFilterInternal(HiddenHttpMethodFilter.java:93)
	at org.springframework.web.filter.OncePerRequestFilter.doFilter(OncePerRequestFilter.java:107)
	at org.apache.catalina.core.ApplicationFilterChain.internalDoFilter(ApplicationFilterChain.java:193)
	at org.apache.catalina.core.ApplicationFilterChain.doFilter(ApplicationFilterChain.java:166)
	at org.springframework.boot.actuate.metrics.web.servlet.WebMvcMetricsFilter.filterAndRecordMetrics(WebMvcMetricsFilter.java:117)
	at org.springframework.boot.actuate.metrics.web.servlet.WebMvcMetricsFilter.doFilterInternal(WebMvcMetricsFilter.java:106)
	at org.springframework.web.filter.OncePerRequestFilter.doFilter(OncePerRequestFilter.java:107)
	at org.apache.catalina.core.ApplicationFilterChain.internalDoFilter(ApplicationFilterChain.java:193)
	at org.apache.catalina.core.ApplicationFilterChain.doFilter(ApplicationFilterChain.java:166)
	at org.springframework.web.filter.CharacterEncodingFilter.doFilterInternal(CharacterEncodingFilter.java:200)
	at org.springframework.web.filter.OncePerRequestFilter.doFilter(OncePerRequestFilter.java:107)
	at org.apache.catalina.core.ApplicationFilterChain.internalDoFilter(ApplicationFilterChain.java:193)
	at org.apache.catalina.core.ApplicationFilterChain.doFilter(ApplicationFilterChain.java:166)
	at org.apache.catalina.core.StandardWrapperValve.invoke(StandardWrapperValve.java:200)
	at org.apache.catalina.core.StandardContextValve.invoke(StandardContextValve.java:96)
	at org.apache.catalina.authenticator.AuthenticatorBase.invoke(AuthenticatorBase.java:490)
	at org.apache.catalina.core.StandardHostValve.invoke(StandardHostValve.java:139)
	at org.apache.catalina.valves.ErrorReportValve.invoke(ErrorReportValve.java:92)
	at org.apache.catalina.core.StandardEngineValve.invoke(StandardEngineValve.java:74)
	at org.apache.catalina.connector.CoyoteAdapter.service(CoyoteAdapter.java:343)
	at org.apache.coyote.http11.Http11Processor.service(Http11Processor.java:408)
	at org.apache.coyote.AbstractProcessorLight.process(AbstractProcessorLight.java:66)
	at org.apache.coyote.AbstractProtocol$ConnectionHandler.process(AbstractProtocol.java:834)
	at org.apache.tomcat.util.net.NioEndpoint$SocketProcessor.doRun(NioEndpoint.java:1415)
	at org.apache.tomcat.util.net.SocketProcessorBase.run(SocketProcessorBase.java:49)
	at java.util.concurrent.ThreadPoolExecutor.runWorker(ThreadPoolExecutor.java:1142)
	at java.util.concurrent.ThreadPoolExecutor$Worker.run(ThreadPoolExecutor.java:617)
	at org.apache.tomcat.util.threads.TaskThread$WrappingRunnable.run(TaskThread.java:61)
	at java.lang.Thread.run(Thread.java:745)
[mams-common][${env:SERVER_PORT}] 2021-05-06 17:28:55,167 INFO [main][StartupInfoLogger.java:50] - Starting MamsCommonApplication on DESKTOP-U5SUJ4I with PID 21796 (D:\graduation\mams\mams-common\target\classes started by tcp666 in D:\graduation\mams)
[mams-common][${env:SERVER_PORT}] 2021-05-06 17:28:55,175 INFO [main][SpringApplication.java:675] - No active profile set, falling back to default profiles: default
[mams-common][${env:SERVER_PORT}] 2021-05-06 17:28:56,124 INFO [main][PostProcessorRegistrationDelegate.java:330] - Bean 'org.springframework.transaction.annotation.ProxyTransactionManagementConfiguration' of type [org.springframework.transaction.annotation.ProxyTransactionManagementConfiguration$$EnhancerBySpringCGLIB$$d17b8e8b] is not eligible for getting processed by all BeanPostProcessors (for example: not eligible for auto-proxying)
[mams-common][${env:SERVER_PORT}] 2021-05-06 17:28:56,371 INFO [main][TomcatWebServer.java:90] - Tomcat initialized with port(s): 8081 (http)
[mams-common][${env:SERVER_PORT}] 2021-05-06 17:28:56,384 INFO [main][DirectJDKLog.java:173] - Initializing ProtocolHandler ["http-nio-8081"]
[mams-common][${env:SERVER_PORT}] 2021-05-06 17:28:56,391 INFO [main][DirectJDKLog.java:173] - Starting service [Tomcat]
[mams-common][${env:SERVER_PORT}] 2021-05-06 17:28:56,392 INFO [main][DirectJDKLog.java:173] - Starting Servlet engine: [Apache Tomcat/9.0.16]
[mams-common][${env:SERVER_PORT}] 2021-05-06 17:28:56,398 INFO [main][DirectJDKLog.java:173] - The APR based Apache Tomcat Native library which allows optimal performance in production environments was not found on the java.library.path: [D:\java\jdk1.8\bin;C:\WINDOWS\Sun\Java\bin;C:\WINDOWS\system32;C:\WINDOWS;C:\WINDOWS\system32;C:\WINDOWS;C:\WINDOWS\System32\Wbem;C:\WINDOWS\System32\WindowsPowerShell\v1.0\;C:\WINDOWS\System32\OpenSSH\;D:\mysql\mysql-8.0.15-winx64\mysql-8.0.15-winx64\bin;D:\java\jdk1.8\bin\;D:\java\jdk1.8\jre\bin\;C:\Users\tcp666\AppData\Local\Microsoft\WindowsApps;;.]
[mams-common][${env:SERVER_PORT}] 2021-05-06 17:28:56,483 INFO [main][DirectJDKLog.java:173] - Initializing Spring embedded WebApplicationContext
[mams-common][${env:SERVER_PORT}] 2021-05-06 17:28:56,484 INFO [main][ServletWebServerApplicationContext.java:296] - Root WebApplicationContext: initialization completed in 1271 ms
[mams-common][${env:SERVER_PORT}] 2021-05-06 17:28:57,072 INFO [main][ExecutorConfigurationSupport.java:171] - Initializing ExecutorService 'applicationTaskExecutor'
[mams-common][${env:SERVER_PORT}] 2021-05-06 17:28:57,163 INFO [main][WelcomePageHandlerMapping.java:56] - Adding welcome page: class path resource [static/index.html]
[mams-common][${env:SERVER_PORT}] 2021-05-06 17:28:57,388 INFO [main][EndpointLinksResolver.java:59] - Exposing 2 endpoint(s) beneath base path '/actuator'
[mams-common][${env:SERVER_PORT}] 2021-05-06 17:28:57,428 INFO [main][DirectJDKLog.java:173] - Starting ProtocolHandler ["http-nio-8081"]
[mams-common][${env:SERVER_PORT}] 2021-05-06 17:28:57,449 INFO [main][TomcatWebServer.java:204] - Tomcat started on port(s): 8081 (http) with context path ''
[mams-common][${env:SERVER_PORT}] 2021-05-06 17:28:57,452 INFO [main][StartupInfoLogger.java:59] - Started MamsCommonApplication in 2.745 seconds (JVM running for 3.825)
[mams-common][${env:SERVER_PORT}] 2021-05-06 17:28:57,699 INFO [RMI TCP Connection(1)-192.168.1.106][DirectJDKLog.java:173] - Initializing Spring DispatcherServlet 'dispatcherServlet'
[mams-common][${env:SERVER_PORT}] 2021-05-06 17:28:57,699 INFO [RMI TCP Connection(1)-192.168.1.106][FrameworkServlet.java:524] - Initializing Servlet 'dispatcherServlet'
[mams-common][${env:SERVER_PORT}] 2021-05-06 17:28:57,709 INFO [RMI TCP Connection(1)-192.168.1.106][FrameworkServlet.java:546] - Completed initialization in 9 ms
[mams-common][${env:SERVER_PORT}] 2021-05-06 17:28:57,997 INFO [RMI TCP Connection(3)-192.168.1.106][HikariDataSource.java:110] - HikariPool-1 - Starting...
[mams-common][${env:SERVER_PORT}] 2021-05-06 17:28:58,272 INFO [RMI TCP Connection(3)-192.168.1.106][HikariDataSource.java:123] - HikariPool-1 - Start completed.
[mams-common][${env:SERVER_PORT}] 2021-05-06 17:32:29,198 INFO [main][StartupInfoLogger.java:50] - Starting MamsCommonApplication on DESKTOP-U5SUJ4I with PID 3244 (D:\graduation\mams\mams-common\target\classes started by tcp666 in D:\graduation\mams)
[mams-common][${env:SERVER_PORT}] 2021-05-06 17:32:29,210 INFO [main][SpringApplication.java:675] - No active profile set, falling back to default profiles: default
[mams-common][${env:SERVER_PORT}] 2021-05-06 17:32:30,062 INFO [main][PostProcessorRegistrationDelegate.java:330] - Bean 'org.springframework.transaction.annotation.ProxyTransactionManagementConfiguration' of type [org.springframework.transaction.annotation.ProxyTransactionManagementConfiguration$$EnhancerBySpringCGLIB$$136327ab] is not eligible for getting processed by all BeanPostProcessors (for example: not eligible for auto-proxying)
[mams-common][${env:SERVER_PORT}] 2021-05-06 17:32:30,298 INFO [main][TomcatWebServer.java:90] - Tomcat initialized with port(s): 8081 (http)
[mams-common][${env:SERVER_PORT}] 2021-05-06 17:32:30,311 INFO [main][DirectJDKLog.java:173] - Initializing ProtocolHandler ["http-nio-8081"]
[mams-common][${env:SERVER_PORT}] 2021-05-06 17:32:30,318 INFO [main][DirectJDKLog.java:173] - Starting service [Tomcat]
[mams-common][${env:SERVER_PORT}] 2021-05-06 17:32:30,319 INFO [main][DirectJDKLog.java:173] - Starting Servlet engine: [Apache Tomcat/9.0.16]
[mams-common][${env:SERVER_PORT}] 2021-05-06 17:32:30,325 INFO [main][DirectJDKLog.java:173] - The APR based Apache Tomcat Native library which allows optimal performance in production environments was not found on the java.library.path: [D:\java\jdk1.8\bin;C:\WINDOWS\Sun\Java\bin;C:\WINDOWS\system32;C:\WINDOWS;C:\WINDOWS\system32;C:\WINDOWS;C:\WINDOWS\System32\Wbem;C:\WINDOWS\System32\WindowsPowerShell\v1.0\;C:\WINDOWS\System32\OpenSSH\;D:\mysql\mysql-8.0.15-winx64\mysql-8.0.15-winx64\bin;D:\java\jdk1.8\bin\;D:\java\jdk1.8\jre\bin\;C:\Users\tcp666\AppData\Local\Microsoft\WindowsApps;;.]
[mams-common][${env:SERVER_PORT}] 2021-05-06 17:32:30,406 INFO [main][DirectJDKLog.java:173] - Initializing Spring embedded WebApplicationContext
[mams-common][${env:SERVER_PORT}] 2021-05-06 17:32:30,406 INFO [main][ServletWebServerApplicationContext.java:296] - Root WebApplicationContext: initialization completed in 1149 ms
[mams-common][${env:SERVER_PORT}] 2021-05-06 17:32:31,008 INFO [main][ExecutorConfigurationSupport.java:171] - Initializing ExecutorService 'applicationTaskExecutor'
[mams-common][${env:SERVER_PORT}] 2021-05-06 17:32:31,083 INFO [main][WelcomePageHandlerMapping.java:56] - Adding welcome page: class path resource [static/index.html]
[mams-common][${env:SERVER_PORT}] 2021-05-06 17:32:31,288 INFO [main][EndpointLinksResolver.java:59] - Exposing 2 endpoint(s) beneath base path '/actuator'
[mams-common][${env:SERVER_PORT}] 2021-05-06 17:32:31,327 INFO [main][DirectJDKLog.java:173] - Starting ProtocolHandler ["http-nio-8081"]
[mams-common][${env:SERVER_PORT}] 2021-05-06 17:32:31,346 INFO [main][TomcatWebServer.java:204] - Tomcat started on port(s): 8081 (http) with context path ''
[mams-common][${env:SERVER_PORT}] 2021-05-06 17:32:31,349 INFO [main][StartupInfoLogger.java:59] - Started MamsCommonApplication in 2.603 seconds (JVM running for 3.847)
[mams-common][${env:SERVER_PORT}] 2021-05-06 17:32:31,745 INFO [RMI TCP Connection(1)-192.168.1.106][DirectJDKLog.java:173] - Initializing Spring DispatcherServlet 'dispatcherServlet'
[mams-common][${env:SERVER_PORT}] 2021-05-06 17:32:31,745 INFO [RMI TCP Connection(1)-192.168.1.106][FrameworkServlet.java:524] - Initializing Servlet 'dispatcherServlet'
[mams-common][${env:SERVER_PORT}] 2021-05-06 17:32:31,746 INFO [RMI TCP Connection(2)-192.168.1.106][HikariDataSource.java:110] - HikariPool-1 - Starting...
[mams-common][${env:SERVER_PORT}] 2021-05-06 17:32:31,752 INFO [RMI TCP Connection(1)-192.168.1.106][FrameworkServlet.java:546] - Completed initialization in 6 ms
[mams-common][${env:SERVER_PORT}] 2021-05-06 17:32:32,148 INFO [RMI TCP Connection(2)-192.168.1.106][HikariDataSource.java:123] - HikariPool-1 - Start completed.
[mams-common][${env:SERVER_PORT}] 2021-05-06 17:34:00,426 INFO [main][StartupInfoLogger.java:50] - Starting MamsCommonApplication on DESKTOP-U5SUJ4I with PID 21664 (D:\graduation\mams\mams-common\target\classes started by tcp666 in D:\graduation\mams)
[mams-common][${env:SERVER_PORT}] 2021-05-06 17:34:00,450 INFO [main][SpringApplication.java:675] - No active profile set, falling back to default profiles: default
[mams-common][${env:SERVER_PORT}] 2021-05-06 17:34:01,330 INFO [main][PostProcessorRegistrationDelegate.java:330] - Bean 'org.springframework.transaction.annotation.ProxyTransactionManagementConfiguration' of type [org.springframework.transaction.annotation.ProxyTransactionManagementConfiguration$$EnhancerBySpringCGLIB$$a6d2ff1] is not eligible for getting processed by all BeanPostProcessors (for example: not eligible for auto-proxying)
[mams-common][${env:SERVER_PORT}] 2021-05-06 17:34:01,586 INFO [main][TomcatWebServer.java:90] - Tomcat initialized with port(s): 8081 (http)
[mams-common][${env:SERVER_PORT}] 2021-05-06 17:34:01,598 INFO [main][DirectJDKLog.java:173] - Initializing ProtocolHandler ["http-nio-8081"]
[mams-common][${env:SERVER_PORT}] 2021-05-06 17:34:01,606 INFO [main][DirectJDKLog.java:173] - Starting service [Tomcat]
[mams-common][${env:SERVER_PORT}] 2021-05-06 17:34:01,606 INFO [main][DirectJDKLog.java:173] - Starting Servlet engine: [Apache Tomcat/9.0.16]
[mams-common][${env:SERVER_PORT}] 2021-05-06 17:34:01,613 INFO [main][DirectJDKLog.java:173] - The APR based Apache Tomcat Native library which allows optimal performance in production environments was not found on the java.library.path: [D:\java\jdk1.8\bin;C:\WINDOWS\Sun\Java\bin;C:\WINDOWS\system32;C:\WINDOWS;C:\WINDOWS\system32;C:\WINDOWS;C:\WINDOWS\System32\Wbem;C:\WINDOWS\System32\WindowsPowerShell\v1.0\;C:\WINDOWS\System32\OpenSSH\;D:\mysql\mysql-8.0.15-winx64\mysql-8.0.15-winx64\bin;D:\java\jdk1.8\bin\;D:\java\jdk1.8\jre\bin\;C:\Users\tcp666\AppData\Local\Microsoft\WindowsApps;;.]
[mams-common][${env:SERVER_PORT}] 2021-05-06 17:34:01,698 INFO [main][DirectJDKLog.java:173] - Initializing Spring embedded WebApplicationContext
[mams-common][${env:SERVER_PORT}] 2021-05-06 17:34:01,698 INFO [main][ServletWebServerApplicationContext.java:296] - Root WebApplicationContext: initialization completed in 1174 ms
[mams-common][${env:SERVER_PORT}] 2021-05-06 17:34:02,314 INFO [main][ExecutorConfigurationSupport.java:171] - Initializing ExecutorService 'applicationTaskExecutor'
[mams-common][${env:SERVER_PORT}] 2021-05-06 17:34:02,392 INFO [main][WelcomePageHandlerMapping.java:56] - Adding welcome page: class path resource [static/index.html]
[mams-common][${env:SERVER_PORT}] 2021-05-06 17:34:02,607 INFO [main][EndpointLinksResolver.java:59] - Exposing 2 endpoint(s) beneath base path '/actuator'
[mams-common][${env:SERVER_PORT}] 2021-05-06 17:34:02,653 INFO [main][DirectJDKLog.java:173] - Starting ProtocolHandler ["http-nio-8081"]
[mams-common][${env:SERVER_PORT}] 2021-05-06 17:34:02,675 INFO [main][TomcatWebServer.java:204] - Tomcat started on port(s): 8081 (http) with context path ''
[mams-common][${env:SERVER_PORT}] 2021-05-06 17:34:02,680 INFO [main][StartupInfoLogger.java:59] - Started MamsCommonApplication in 2.684 seconds (JVM running for 3.776)
[mams-common][${env:SERVER_PORT}] 2021-05-06 17:34:03,024 INFO [RMI TCP Connection(1)-192.168.1.106][DirectJDKLog.java:173] - Initializing Spring DispatcherServlet 'dispatcherServlet'
[mams-common][${env:SERVER_PORT}] 2021-05-06 17:34:03,024 INFO [RMI TCP Connection(2)-192.168.1.106][HikariDataSource.java:110] - HikariPool-1 - Starting...
[mams-common][${env:SERVER_PORT}] 2021-05-06 17:34:03,025 INFO [RMI TCP Connection(1)-192.168.1.106][FrameworkServlet.java:524] - Initializing Servlet 'dispatcherServlet'
[mams-common][${env:SERVER_PORT}] 2021-05-06 17:34:03,040 INFO [RMI TCP Connection(1)-192.168.1.106][FrameworkServlet.java:546] - Completed initialization in 14 ms
[mams-common][${env:SERVER_PORT}] 2021-05-06 17:34:03,453 INFO [RMI TCP Connection(2)-192.168.1.106][HikariDataSource.java:123] - HikariPool-1 - Start completed.
