[mams-common][${env:SERVER_PORT}] 2021-05-07 16:20:23,441 INFO [main][StartupInfoLogger.java:50] - Starting MamsCommonApplication on DESKTOP-U5SUJ4I with PID 12904 (D:\graduation\mams\mams-common\target\classes started by tcp666 in D:\graduation\mams)
[mams-common][${env:SERVER_PORT}] 2021-05-07 16:20:23,524 INFO [main][SpringApplication.java:675] - No active profile set, falling back to default profiles: default
[mams-common][${env:SERVER_PORT}] 2021-05-07 16:20:25,392 INFO [main][PostProcessorRegistrationDelegate.java:330] - Bean 'org.springframework.transaction.annotation.ProxyTransactionManagementConfiguration' of type [org.springframework.transaction.annotation.ProxyTransactionManagementConfiguration$$EnhancerBySpringCGLIB$$daf4e3f2] is not eligible for getting processed by all BeanPostProcessors (for example: not eligible for auto-proxying)
[mams-common][${env:SERVER_PORT}] 2021-05-07 16:20:26,116 INFO [main][TomcatWebServer.java:90] - Tomcat initialized with port(s): 8081 (http)
[mams-common][${env:SERVER_PORT}] 2021-05-07 16:20:26,135 INFO [main][DirectJDKLog.java:173] - Initializing ProtocolHandler ["http-nio-8081"]
[mams-common][${env:SERVER_PORT}] 2021-05-07 16:20:26,146 INFO [main][DirectJDKLog.java:173] - Starting service [Tomcat]
[mams-common][${env:SERVER_PORT}] 2021-05-07 16:20:26,147 INFO [main][DirectJDKLog.java:173] - Starting Servlet engine: [Apache Tomcat/9.0.16]
[mams-common][${env:SERVER_PORT}] 2021-05-07 16:20:26,169 INFO [main][DirectJDKLog.java:173] - The APR based Apache Tomcat Native library which allows optimal performance in production environments was not found on the java.library.path: [D:\java\jdk1.8\bin;C:\WINDOWS\Sun\Java\bin;C:\WINDOWS\system32;C:\WINDOWS;C:\WINDOWS\system32;C:\WINDOWS;C:\WINDOWS\System32\Wbem;C:\WINDOWS\System32\WindowsPowerShell\v1.0\;C:\WINDOWS\System32\OpenSSH\;D:\mysql\mysql-8.0.15-winx64\mysql-8.0.15-winx64\bin;D:\java\jdk1.8\bin\;D:\java\jdk1.8\jre\bin\;C:\Users\tcp666\AppData\Local\Microsoft\WindowsApps;;.]
[mams-common][${env:SERVER_PORT}] 2021-05-07 16:20:26,607 INFO [main][DirectJDKLog.java:173] - Initializing Spring embedded WebApplicationContext
[mams-common][${env:SERVER_PORT}] 2021-05-07 16:20:26,608 INFO [main][ServletWebServerApplicationContext.java:296] - Root WebApplicationContext: initialization completed in 2966 ms
[mams-common][${env:SERVER_PORT}] 2021-05-07 16:20:27,414 INFO [main][ExecutorConfigurationSupport.java:171] - Initializing ExecutorService 'applicationTaskExecutor'
[mams-common][${env:SERVER_PORT}] 2021-05-07 16:20:27,503 INFO [main][WelcomePageHandlerMapping.java:56] - Adding welcome page: class path resource [static/index.html]
[mams-common][${env:SERVER_PORT}] 2021-05-07 16:20:27,918 INFO [main][EndpointLinksResolver.java:59] - Exposing 2 endpoint(s) beneath base path '/actuator'
[mams-common][${env:SERVER_PORT}] 2021-05-07 16:20:27,961 INFO [main][DirectJDKLog.java:173] - Starting ProtocolHandler ["http-nio-8081"]
[mams-common][${env:SERVER_PORT}] 2021-05-07 16:20:27,980 INFO [main][TomcatWebServer.java:204] - Tomcat started on port(s): 8081 (http) with context path ''
[mams-common][${env:SERVER_PORT}] 2021-05-07 16:20:27,983 INFO [main][StartupInfoLogger.java:59] - Started MamsCommonApplication in 5.421 seconds (JVM running for 7.704)
[mams-common][${env:SERVER_PORT}] 2021-05-07 16:20:28,142 INFO [http-nio-8081-exec-1][DirectJDKLog.java:173] - Initializing Spring DispatcherServlet 'dispatcherServlet'
[mams-common][${env:SERVER_PORT}] 2021-05-07 16:20:28,143 INFO [http-nio-8081-exec-1][FrameworkServlet.java:524] - Initializing Servlet 'dispatcherServlet'
[mams-common][${env:SERVER_PORT}] 2021-05-07 16:20:28,149 INFO [http-nio-8081-exec-1][FrameworkServlet.java:546] - Completed initialization in 6 ms
[mams-common][${env:SERVER_PORT}] 2021-05-07 16:20:28,639 INFO [RMI TCP Connection(2)-192.168.1.179][HikariDataSource.java:110] - HikariPool-1 - Starting...
[mams-common][${env:SERVER_PORT}] 2021-05-07 16:20:29,303 INFO [RMI TCP Connection(2)-192.168.1.179][HikariDataSource.java:123] - HikariPool-1 - Start completed.
