[${project.name}][${env:SERVER_PORT}] 2021-05-25 16:47:52,243 INFO [main][StartupInfoLogger.java:50] - Starting MamsCommonApplication on DESKTOP-U5SUJ4I with PID 31972 (D:\graduation\mams\mams-common\target\classes started by tcp666 in D:\graduation\mams)
[${project.name}][${env:SERVER_PORT}] 2021-05-25 16:47:52,250 INFO [main][SpringApplication.java:675] - No active profile set, falling back to default profiles: default
[${project.name}][${env:SERVER_PORT}] 2021-05-25 16:47:53,383 INFO [main][PostProcessorRegistrationDelegate.java:330] - Bean 'org.springframework.transaction.annotation.ProxyTransactionManagementConfiguration' of type [org.springframework.transaction.annotation.ProxyTransactionManagementConfiguration$$EnhancerBySpringCGLIB$$6bdb9d37] is not eligible for getting processed by all BeanPostProcessors (for example: not eligible for auto-proxying)
[${project.name}][${env:SERVER_PORT}] 2021-05-25 16:47:53,680 INFO [main][TomcatWebServer.java:90] - Tomcat initialized with port(s): 8081 (http)
[${project.name}][${env:SERVER_PORT}] 2021-05-25 16:47:53,694 INFO [main][DirectJDKLog.java:173] - Initializing ProtocolHandler ["http-nio-8081"]
[${project.name}][${env:SERVER_PORT}] 2021-05-25 16:47:53,701 INFO [main][DirectJDKLog.java:173] - Starting service [Tomcat]
[${project.name}][${env:SERVER_PORT}] 2021-05-25 16:47:53,702 INFO [main][DirectJDKLog.java:173] - Starting Servlet engine: [Apache Tomcat/9.0.16]
[${project.name}][${env:SERVER_PORT}] 2021-05-25 16:47:53,709 INFO [main][DirectJDKLog.java:173] - The APR based Apache Tomcat Native library which allows optimal performance in production environments was not found on the java.library.path: [D:\java\jdk1.8\bin;C:\WINDOWS\Sun\Java\bin;C:\WINDOWS\system32;C:\WINDOWS;C:\WINDOWS\system32;C:\WINDOWS;C:\WINDOWS\System32\Wbem;C:\WINDOWS\System32\WindowsPowerShell\v1.0\;C:\WINDOWS\System32\OpenSSH\;D:\mysql\mysql-8.0.15-winx64\mysql-8.0.15-winx64\bin;D:\java\jdk1.8\bin\;D:\java\jdk1.8\jre\bin\;C:\Users\tcp666\AppData\Local\Microsoft\WindowsApps;;.]
[${project.name}][${env:SERVER_PORT}] 2021-05-25 16:47:53,870 INFO [main][DirectJDKLog.java:173] - Initializing Spring embedded WebApplicationContext
[${project.name}][${env:SERVER_PORT}] 2021-05-25 16:47:53,870 INFO [main][ServletWebServerApplicationContext.java:296] - Root WebApplicationContext: initialization completed in 1590 ms
[${project.name}][${env:SERVER_PORT}] 2021-05-25 16:47:54,973 INFO [main][ExecutorConfigurationSupport.java:171] - Initializing ExecutorService 'applicationTaskExecutor'
[${project.name}][${env:SERVER_PORT}] 2021-05-25 16:47:55,122 INFO [main][WelcomePageHandlerMapping.java:56] - Adding welcome page: class path resource [static/index.html]
[${project.name}][${env:SERVER_PORT}] 2021-05-25 16:47:55,447 INFO [main][EndpointLinksResolver.java:59] - Exposing 2 endpoint(s) beneath base path '/actuator'
[${project.name}][${env:SERVER_PORT}] 2021-05-25 16:47:55,528 INFO [main][DirectJDKLog.java:173] - Starting ProtocolHandler ["http-nio-8081"]
[${project.name}][${env:SERVER_PORT}] 2021-05-25 16:47:55,565 INFO [main][TomcatWebServer.java:204] - Tomcat started on port(s): 8081 (http) with context path ''
[${project.name}][${env:SERVER_PORT}] 2021-05-25 16:47:55,571 INFO [main][StartupInfoLogger.java:59] - Started MamsCommonApplication in 3.88 seconds (JVM running for 5.66)
[${project.name}][${env:SERVER_PORT}] 2021-05-25 16:47:55,747 INFO [http-nio-8081-exec-1][DirectJDKLog.java:173] - Initializing Spring DispatcherServlet 'dispatcherServlet'
[${project.name}][${env:SERVER_PORT}] 2021-05-25 16:47:55,747 INFO [http-nio-8081-exec-1][FrameworkServlet.java:524] - Initializing Servlet 'dispatcherServlet'
[${project.name}][${env:SERVER_PORT}] 2021-05-25 16:47:55,756 INFO [http-nio-8081-exec-1][FrameworkServlet.java:546] - Completed initialization in 9 ms
[${project.name}][${env:SERVER_PORT}] 2021-05-25 16:47:56,384 INFO [RMI TCP Connection(3)-192.168.1.106][HikariDataSource.java:110] - HikariPool-1 - Starting...
[${project.name}][${env:SERVER_PORT}] 2021-05-25 16:47:56,717 INFO [RMI TCP Connection(3)-192.168.1.106][HikariDataSource.java:123] - HikariPool-1 - Start completed.
[${project.name}][${env:SERVER_PORT}] 2021-05-25 16:58:04,801 INFO [main][StartupInfoLogger.java:50] - Starting MamsCommonApplication on DESKTOP-U5SUJ4I with PID 37324 (D:\graduation\mams\mams-common\target\classes started by tcp666 in D:\graduation\mams)
[${project.name}][${env:SERVER_PORT}] 2021-05-25 16:58:04,898 INFO [main][SpringApplication.java:675] - No active profile set, falling back to default profiles: default
[${project.name}][${env:SERVER_PORT}] 2021-05-25 16:58:05,995 INFO [main][PostProcessorRegistrationDelegate.java:330] - Bean 'org.springframework.transaction.annotation.ProxyTransactionManagementConfiguration' of type [org.springframework.transaction.annotation.ProxyTransactionManagementConfiguration$$EnhancerBySpringCGLIB$$d50bbbda] is not eligible for getting processed by all BeanPostProcessors (for example: not eligible for auto-proxying)
[${project.name}][${env:SERVER_PORT}] 2021-05-25 16:58:06,247 INFO [main][TomcatWebServer.java:90] - Tomcat initialized with port(s): 8081 (http)
[${project.name}][${env:SERVER_PORT}] 2021-05-25 16:58:06,260 INFO [main][DirectJDKLog.java:173] - Initializing ProtocolHandler ["http-nio-8081"]
[${project.name}][${env:SERVER_PORT}] 2021-05-25 16:58:06,268 INFO [main][DirectJDKLog.java:173] - Starting service [Tomcat]
[${project.name}][${env:SERVER_PORT}] 2021-05-25 16:58:06,269 INFO [main][DirectJDKLog.java:173] - Starting Servlet engine: [Apache Tomcat/9.0.16]
[${project.name}][${env:SERVER_PORT}] 2021-05-25 16:58:06,275 INFO [main][DirectJDKLog.java:173] - The APR based Apache Tomcat Native library which allows optimal performance in production environments was not found on the java.library.path: [D:\java\jdk1.8\bin;C:\WINDOWS\Sun\Java\bin;C:\WINDOWS\system32;C:\WINDOWS;C:\WINDOWS\system32;C:\WINDOWS;C:\WINDOWS\System32\Wbem;C:\WINDOWS\System32\WindowsPowerShell\v1.0\;C:\WINDOWS\System32\OpenSSH\;D:\mysql\mysql-8.0.15-winx64\mysql-8.0.15-winx64\bin;D:\java\jdk1.8\bin\;D:\java\jdk1.8\jre\bin\;C:\Users\tcp666\AppData\Local\Microsoft\WindowsApps;;.]
[${project.name}][${env:SERVER_PORT}] 2021-05-25 16:58:06,370 INFO [main][DirectJDKLog.java:173] - Initializing Spring embedded WebApplicationContext
[${project.name}][${env:SERVER_PORT}] 2021-05-25 16:58:06,370 INFO [main][ServletWebServerApplicationContext.java:296] - Root WebApplicationContext: initialization completed in 1398 ms
[${project.name}][${env:SERVER_PORT}] 2021-05-25 16:58:07,106 INFO [main][ExecutorConfigurationSupport.java:171] - Initializing ExecutorService 'applicationTaskExecutor'
[${project.name}][${env:SERVER_PORT}] 2021-05-25 16:58:07,212 INFO [main][WelcomePageHandlerMapping.java:56] - Adding welcome page: class path resource [static/index.html]
[${project.name}][${env:SERVER_PORT}] 2021-05-25 16:58:07,445 INFO [main][EndpointLinksResolver.java:59] - Exposing 2 endpoint(s) beneath base path '/actuator'
[${project.name}][${env:SERVER_PORT}] 2021-05-25 16:58:07,490 INFO [main][DirectJDKLog.java:173] - Starting ProtocolHandler ["http-nio-8081"]
[${project.name}][${env:SERVER_PORT}] 2021-05-25 16:58:07,510 INFO [main][TomcatWebServer.java:204] - Tomcat started on port(s): 8081 (http) with context path ''
[${project.name}][${env:SERVER_PORT}] 2021-05-25 16:58:07,513 INFO [main][StartupInfoLogger.java:59] - Started MamsCommonApplication in 3.17 seconds (JVM running for 4.545)
[${project.name}][${env:SERVER_PORT}] 2021-05-25 16:58:08,111 INFO [RMI TCP Connection(2)-192.168.1.106][DirectJDKLog.java:173] - Initializing Spring DispatcherServlet 'dispatcherServlet'
[${project.name}][${env:SERVER_PORT}] 2021-05-25 16:58:08,111 INFO [RMI TCP Connection(1)-192.168.1.106][HikariDataSource.java:110] - HikariPool-1 - Starting...
[${project.name}][${env:SERVER_PORT}] 2021-05-25 16:58:08,111 INFO [RMI TCP Connection(2)-192.168.1.106][FrameworkServlet.java:524] - Initializing Servlet 'dispatcherServlet'
[${project.name}][${env:SERVER_PORT}] 2021-05-25 16:58:08,118 INFO [RMI TCP Connection(2)-192.168.1.106][FrameworkServlet.java:546] - Completed initialization in 6 ms
[${project.name}][${env:SERVER_PORT}] 2021-05-25 16:58:08,431 INFO [RMI TCP Connection(1)-192.168.1.106][HikariDataSource.java:123] - HikariPool-1 - Start completed.
