[mams-school][${env:SERVER_PORT}] 2021-05-02 19:31:37,224 INFO [main][StartupInfoLogger.java:50] - Starting MamsSchoolApplication on DESKTOP-U5SUJ4I with PID 6804 (D:\graduation\mams\mams-school\target\classes started by tcp666 in D:\graduation\mams)
[mams-school][${env:SERVER_PORT}] 2021-05-02 19:31:37,239 INFO [main][SpringApplication.java:675] - No active profile set, falling back to default profiles: default
[mams-school][${env:SERVER_PORT}] 2021-05-02 19:31:39,644 INFO [main][PostProcessorRegistrationDelegate.java:330] - Bean 'org.springframework.transaction.annotation.ProxyTransactionManagementConfiguration' of type [org.springframework.transaction.annotation.ProxyTransactionManagementConfiguration$$EnhancerBySpringCGLIB$$82b7a44b] is not eligible for getting processed by all BeanPostProcessors (for example: not eligible for auto-proxying)
[mams-school][${env:SERVER_PORT}] 2021-05-02 19:31:40,745 INFO [main][TomcatWebServer.java:90] - Tomcat initialized with port(s): 8082 (http)
[mams-school][${env:SERVER_PORT}] 2021-05-02 19:31:40,782 INFO [main][DirectJDKLog.java:173] - Initializing ProtocolHandler ["http-nio-8082"]
[mams-school][${env:SERVER_PORT}] 2021-05-02 19:31:40,855 INFO [main][DirectJDKLog.java:173] - Starting service [Tomcat]
[mams-school][${env:SERVER_PORT}] 2021-05-02 19:31:40,857 INFO [main][DirectJDKLog.java:173] - Starting Servlet engine: [Apache Tomcat/9.0.16]
[mams-school][${env:SERVER_PORT}] 2021-05-02 19:31:40,874 INFO [main][DirectJDKLog.java:173] - The APR based Apache Tomcat Native library which allows optimal performance in production environments was not found on the java.library.path: [D:\java\jdk1.8\bin;C:\WINDOWS\Sun\Java\bin;C:\WINDOWS\system32;C:\WINDOWS;C:\WINDOWS\system32;C:\WINDOWS;C:\WINDOWS\System32\Wbem;C:\WINDOWS\System32\WindowsPowerShell\v1.0\;C:\WINDOWS\System32\OpenSSH\;D:\mysql\mysql-8.0.15-winx64\mysql-8.0.15-winx64\bin;D:\java\jdk1.8\bin\;D:\java\jdk1.8\jre\bin\;C:\Users\tcp666\AppData\Local\Microsoft\WindowsApps;;.]
[mams-school][${env:SERVER_PORT}] 2021-05-02 19:31:41,235 INFO [main][DirectJDKLog.java:173] - Initializing Spring embedded WebApplicationContext
[mams-school][${env:SERVER_PORT}] 2021-05-02 19:31:41,236 INFO [main][ServletWebServerApplicationContext.java:296] - Root WebApplicationContext: initialization completed in 3790 ms
[mams-school][${env:SERVER_PORT}] 2021-05-02 19:31:43,581 INFO [main][ExecutorConfigurationSupport.java:171] - Initializing ExecutorService 'applicationTaskExecutor'
[mams-school][${env:SERVER_PORT}] 2021-05-02 19:31:43,727 INFO [main][WelcomePageHandlerMapping.java:56] - Adding welcome page: class path resource [static/index.html]
[mams-school][${env:SERVER_PORT}] 2021-05-02 19:31:44,115 INFO [main][EndpointLinksResolver.java:59] - Exposing 2 endpoint(s) beneath base path '/actuator'
[mams-school][${env:SERVER_PORT}] 2021-05-02 19:31:44,201 INFO [main][DirectJDKLog.java:173] - Starting ProtocolHandler ["http-nio-8082"]
[mams-school][${env:SERVER_PORT}] 2021-05-02 19:31:44,237 INFO [main][TomcatWebServer.java:204] - Tomcat started on port(s): 8082 (http) with context path ''
[mams-school][${env:SERVER_PORT}] 2021-05-02 19:31:44,241 INFO [main][StartupInfoLogger.java:59] - Started MamsSchoolApplication in 7.783 seconds (JVM running for 9.583)
[mams-school][${env:SERVER_PORT}] 2021-05-02 19:31:44,977 INFO [RMI TCP Connection(8)-192.168.1.106][DirectJDKLog.java:173] - Initializing Spring DispatcherServlet 'dispatcherServlet'
[mams-school][${env:SERVER_PORT}] 2021-05-02 19:31:44,978 INFO [RMI TCP Connection(8)-192.168.1.106][FrameworkServlet.java:524] - Initializing Servlet 'dispatcherServlet'
[mams-school][${env:SERVER_PORT}] 2021-05-02 19:31:44,993 INFO [RMI TCP Connection(7)-192.168.1.106][HikariDataSource.java:110] - HikariPool-1 - Starting...
[mams-school][${env:SERVER_PORT}] 2021-05-02 19:31:44,995 INFO [RMI TCP Connection(8)-192.168.1.106][FrameworkServlet.java:546] - Completed initialization in 17 ms
[mams-school][${env:SERVER_PORT}] 2021-05-02 19:31:45,736 INFO [RMI TCP Connection(7)-192.168.1.106][HikariDataSource.java:123] - HikariPool-1 - Start completed.
[mams-school][${env:SERVER_PORT}] 2021-05-02 19:42:11,402 ERROR [http-nio-8082-exec-7][SchoolUserController.java:178] - EnrollmentProject(id=5, tutorName=唐财平, tutorId=7, schoolName=西安邮电大学, department=计算机科学与技术, professionName=计算机应用技术, count=200, examType=全国联考, schoolingType=全日制, education=全日制及非全日制统招普通硕士, contactNumber=15991876441, signUpType=非定向就业, majorCourses1=编译原理, majorCourses2=计算机组成原理, majorCourses3=计算机网络, publicCourses1=政治, publicCourses2=英语1, publicCourses3=数学2, checked=1):Index: 0, Size: 0
[mams-school][${env:SERVER_PORT}] 2021-05-02 19:42:18,969 WARN [http-nio-8082-exec-5][AbstractHandlerExceptionResolver.java:197] - Resolved [org.springframework.web.HttpMediaTypeNotSupportedException: Content type 'application/x-www-form-urlencoded;charset=UTF-8' not supported]
[mams-school][${env:SERVER_PORT}] 2021-05-02 19:42:38,012 ERROR [http-nio-8082-exec-9][SchoolUserController.java:178] - EnrollmentProject(id=5, tutorName=唐财平, tutorId=7, schoolName=西安邮电大学, department=计算机科学与技术, professionName=计算机应用技术, count=200, examType=全国联考, schoolingType=全日制, education=全日制及非全日制统招普通硕士, contactNumber=15991876441, signUpType=非定向就业, majorCourses1=编译原理, majorCourses2=计算机组成原理, majorCourses3=计算机网络, publicCourses1=政治, publicCourses2=英语1, publicCourses3=数学2, checked=1):Index: 0, Size: 0
[mams-school][${env:SERVER_PORT}] 2021-05-02 19:42:48,134 WARN [http-nio-8082-exec-1][AbstractHandlerExceptionResolver.java:197] - Resolved [org.springframework.web.HttpMediaTypeNotSupportedException: Content type 'application/x-www-form-urlencoded;charset=UTF-8' not supported]
[mams-school][${env:SERVER_PORT}] 2021-05-02 19:42:49,669 WARN [http-nio-8082-exec-2][AbstractHandlerExceptionResolver.java:197] - Resolved [org.springframework.web.HttpMediaTypeNotSupportedException: Content type 'application/x-www-form-urlencoded;charset=UTF-8' not supported]
[mams-school][${env:SERVER_PORT}] 2021-05-02 19:42:53,379 WARN [http-nio-8082-exec-5][AbstractHandlerExceptionResolver.java:197] - Resolved [org.springframework.web.HttpMediaTypeNotSupportedException: Content type 'application/x-www-form-urlencoded;charset=UTF-8' not supported]
[mams-school][${env:SERVER_PORT}] 2021-05-02 19:42:56,127 ERROR [http-nio-8082-exec-7][SchoolUserController.java:178] - EnrollmentProject(id=5, tutorName=唐财平, tutorId=7, schoolName=西安邮电大学, department=计算机科学与技术, professionName=计算机应用技术, count=200, examType=全国联考, schoolingType=全日制, education=全日制及非全日制统招普通硕士, contactNumber=15991876441, signUpType=非定向就业, majorCourses1=编译原理, majorCourses2=计算机组成原理, majorCourses3=计算机网络, publicCourses1=政治, publicCourses2=英语1, publicCourses3=数学2, checked=1):Index: 0, Size: 0
[mams-school][${env:SERVER_PORT}] 2021-05-02 19:42:58,874 ERROR [http-nio-8082-exec-2][SchoolUserController.java:178] - EnrollmentProject(id=5, tutorName=唐财平, tutorId=7, schoolName=西安邮电大学, department=计算机科学与技术, professionName=计算机应用技术, count=200, examType=全国联考, schoolingType=全日制, education=全日制及非全日制统招普通硕士, contactNumber=15991876441, signUpType=非定向就业, majorCourses1=编译原理, majorCourses2=计算机组成原理, majorCourses3=计算机网络, publicCourses1=政治, publicCourses2=英语1, publicCourses3=数学2, checked=1):Index: 0, Size: 0
[mams-school][${env:SERVER_PORT}] 2021-05-02 19:43:08,238 WARN [http-nio-8082-exec-10][AbstractHandlerExceptionResolver.java:197] - Resolved [org.springframework.web.HttpMediaTypeNotSupportedException: Content type 'application/x-www-form-urlencoded;charset=UTF-8' not supported]
[mams-school][${env:SERVER_PORT}] 2021-05-02 19:46:15,258 WARN [http-nio-8082-exec-2][AbstractHandlerExceptionResolver.java:197] - Resolved [org.springframework.web.HttpMediaTypeNotSupportedException: Content type 'application/x-www-form-urlencoded;charset=UTF-8' not supported]
[mams-school][${env:SERVER_PORT}] 2021-05-02 19:46:29,123 ERROR [http-nio-8082-exec-1][SchoolUserController.java:178] - EnrollmentProject(id=5, tutorName=唐财平, tutorId=7, schoolName=西安邮电大学, department=计算机科学与技术, professionName=计算机应用技术, count=200, examType=全国联考, schoolingType=全日制, education=全日制及非全日制统招普通硕士, contactNumber=15991876441, signUpType=非定向就业, majorCourses1=编译原理, majorCourses2=计算机组成原理, majorCourses3=计算机网络, publicCourses1=政治, publicCourses2=英语1, publicCourses3=数学2, checked=1):Index: 0, Size: 0
[mams-school][${env:SERVER_PORT}] 2021-05-02 19:47:14,007 ERROR [http-nio-8082-exec-1][SchoolUserController.java:178] - EnrollmentProject(id=5, tutorName=唐财平, tutorId=7, schoolName=西安邮电大学, department=计算机科学与技术, professionName=计算机应用技术, count=200, examType=全国联考, schoolingType=全日制, education=全日制及非全日制统招普通硕士, contactNumber=15991876441, signUpType=非定向就业, majorCourses1=编译原理, majorCourses2=计算机组成原理, majorCourses3=计算机网络, publicCourses1=政治, publicCourses2=英语1, publicCourses3=数学2, checked=1):Index: 0, Size: 0
[mams-school][${env:SERVER_PORT}] 2021-05-02 19:47:17,240 ERROR [http-nio-8082-exec-9][SchoolUserController.java:178] - EnrollmentProject(id=5, tutorName=唐财平, tutorId=7, schoolName=西安邮电大学, department=计算机科学与技术, professionName=计算机应用技术, count=200, examType=全国联考, schoolingType=全日制, education=全日制及非全日制统招普通硕士, contactNumber=15991876441, signUpType=非定向就业, majorCourses1=编译原理, majorCourses2=计算机组成原理, majorCourses3=计算机网络, publicCourses1=政治, publicCourses2=英语1, publicCourses3=数学2, checked=1):Index: 0, Size: 0
[mams-school][${env:SERVER_PORT}] 2021-05-02 19:47:46,849 WARN [http-nio-8082-exec-2][AbstractHandlerExceptionResolver.java:197] - Resolved [org.springframework.web.HttpMediaTypeNotSupportedException: Content type 'application/x-www-form-urlencoded;charset=UTF-8' not supported]
[mams-school][${env:SERVER_PORT}] 2021-05-02 19:47:52,866 WARN [http-nio-8082-exec-3][AbstractHandlerExceptionResolver.java:197] - Resolved [org.springframework.web.HttpMediaTypeNotSupportedException: Content type 'application/x-www-form-urlencoded;charset=UTF-8' not supported]
