[mams-student][${env:SERVER_PORT}] 2021-05-25 22:47:20,980 INFO [main][StartupInfoLogger.java:50] - Starting MamsStudentApplication on DESKTOP-U5SUJ4I with PID 39020 (D:\graduation\mams\mams-student\target\classes started by tcp666 in D:\graduation\mams)
[mams-student][${env:SERVER_PORT}] 2021-05-25 22:47:21,027 INFO [main][SpringApplication.java:675] - No active profile set, falling back to default profiles: default
[mams-student][${env:SERVER_PORT}] 2021-05-25 22:47:21,946 INFO [main][PostProcessorRegistrationDelegate.java:330] - Bean 'org.springframework.transaction.annotation.ProxyTransactionManagementConfiguration' of type [org.springframework.transaction.annotation.ProxyTransactionManagementConfiguration$$EnhancerBySpringCGLIB$$ae56cff3] is not eligible for getting processed by all BeanPostProcessors (for example: not eligible for auto-proxying)
[mams-student][${env:SERVER_PORT}] 2021-05-25 22:47:22,186 INFO [main][TomcatWebServer.java:90] - Tomcat initialized with port(s): 8083 (http)
[mams-student][${env:SERVER_PORT}] 2021-05-25 22:47:22,206 INFO [main][DirectJDKLog.java:173] - Initializing ProtocolHandler ["http-nio-8083"]
[mams-student][${env:SERVER_PORT}] 2021-05-25 22:47:22,218 INFO [main][DirectJDKLog.java:173] - Starting service [Tomcat]
[mams-student][${env:SERVER_PORT}] 2021-05-25 22:47:22,219 INFO [main][DirectJDKLog.java:173] - Starting Servlet engine: [Apache Tomcat/9.0.16]
[mams-student][${env:SERVER_PORT}] 2021-05-25 22:47:22,227 INFO [main][DirectJDKLog.java:173] - The APR based Apache Tomcat Native library which allows optimal performance in production environments was not found on the java.library.path: [D:\java\jdk1.8\bin;C:\WINDOWS\Sun\Java\bin;C:\WINDOWS\system32;C:\WINDOWS;C:\WINDOWS\system32;C:\WINDOWS;C:\WINDOWS\System32\Wbem;C:\WINDOWS\System32\WindowsPowerShell\v1.0\;C:\WINDOWS\System32\OpenSSH\;D:\mysql\mysql-8.0.15-winx64\mysql-8.0.15-winx64\bin;D:\java\jdk1.8\bin\;D:\java\jdk1.8\jre\bin\;C:\Users\tcp666\AppData\Local\Microsoft\WindowsApps;;.]
[mams-student][${env:SERVER_PORT}] 2021-05-25 22:47:22,334 INFO [main][DirectJDKLog.java:173] - Initializing Spring embedded WebApplicationContext
[mams-student][${env:SERVER_PORT}] 2021-05-25 22:47:22,334 INFO [main][ServletWebServerApplicationContext.java:296] - Root WebApplicationContext: initialization completed in 1277 ms
[mams-student][${env:SERVER_PORT}] 2021-05-25 22:47:23,108 INFO [main][ExecutorConfigurationSupport.java:171] - Initializing ExecutorService 'applicationTaskExecutor'
[mams-student][${env:SERVER_PORT}] 2021-05-25 22:47:23,192 INFO [main][WelcomePageHandlerMapping.java:56] - Adding welcome page: class path resource [static/index.html]
[mams-student][${env:SERVER_PORT}] 2021-05-25 22:47:23,399 INFO [main][EndpointLinksResolver.java:59] - Exposing 2 endpoint(s) beneath base path '/actuator'
[mams-student][${env:SERVER_PORT}] 2021-05-25 22:47:23,454 INFO [main][DirectJDKLog.java:173] - Starting ProtocolHandler ["http-nio-8083"]
[mams-student][${env:SERVER_PORT}] 2021-05-25 22:47:23,482 INFO [main][TomcatWebServer.java:204] - Tomcat started on port(s): 8083 (http) with context path ''
[mams-student][${env:SERVER_PORT}] 2021-05-25 22:47:23,485 INFO [main][StartupInfoLogger.java:59] - Started MamsStudentApplication in 2.893 seconds (JVM running for 4.247)
[mams-student][${env:SERVER_PORT}] 2021-05-25 22:47:23,949 INFO [RMI TCP Connection(2)-192.168.1.106][DirectJDKLog.java:173] - Initializing Spring DispatcherServlet 'dispatcherServlet'
[mams-student][${env:SERVER_PORT}] 2021-05-25 22:47:23,949 INFO [RMI TCP Connection(1)-192.168.1.106][HikariDataSource.java:110] - HikariPool-1 - Starting...
[mams-student][${env:SERVER_PORT}] 2021-05-25 22:47:23,949 INFO [RMI TCP Connection(2)-192.168.1.106][FrameworkServlet.java:524] - Initializing Servlet 'dispatcherServlet'
[mams-student][${env:SERVER_PORT}] 2021-05-25 22:47:23,957 INFO [RMI TCP Connection(2)-192.168.1.106][FrameworkServlet.java:546] - Completed initialization in 8 ms
[mams-student][${env:SERVER_PORT}] 2021-05-25 22:47:24,198 INFO [RMI TCP Connection(1)-192.168.1.106][HikariDataSource.java:123] - HikariPool-1 - Start completed.
[mams-student][${env:SERVER_PORT}] 2021-05-25 22:47:32,831 ERROR [http-nio-8083-exec-3][DirectJDKLog.java:175] - Servlet.service() for servlet [dispatcherServlet] in context with path [] threw exception [Request processing failed; nested exception is org.springframework.jdbc.BadSqlGrammarException: 
### Error querying database.  Cause: java.sql.SQLSyntaxErrorException: Unknown column 'level' in 'where clause'
### The error may exist in com/mams/mamsstudent/mapper/ExamResultMapper.java (best guess)
### The error may involve com.mams.mamsstudent.mapper.ExamResultMapper.findAllExamResultByTutorId-Inline
### The error occurred while setting parameters
### SQL: select * from exam_result where tutor_id=? and receive_status=0 and level=1 order by sum_score
### Cause: java.sql.SQLSyntaxErrorException: Unknown column 'level' in 'where clause'
; bad SQL grammar []; nested exception is java.sql.SQLSyntaxErrorException: Unknown column 'level' in 'where clause'] with root cause
java.sql.SQLSyntaxErrorException: Unknown column 'level' in 'where clause'
	at com.mysql.cj.jdbc.exceptions.SQLError.createSQLException(SQLError.java:120)
	at com.mysql.cj.jdbc.exceptions.SQLError.createSQLException(SQLError.java:97)
	at com.mysql.cj.jdbc.exceptions.SQLExceptionsMapping.translateException(SQLExceptionsMapping.java:122)
	at com.mysql.cj.jdbc.ClientPreparedStatement.executeInternal(ClientPreparedStatement.java:970)
	at com.mysql.cj.jdbc.ClientPreparedStatement.execute(ClientPreparedStatement.java:387)
	at com.zaxxer.hikari.pool.ProxyPreparedStatement.execute(ProxyPreparedStatement.java:44)
	at com.zaxxer.hikari.pool.HikariProxyPreparedStatement.execute(HikariProxyPreparedStatement.java)
	at org.apache.ibatis.executor.statement.PreparedStatementHandler.query(PreparedStatementHandler.java:64)
	at org.apache.ibatis.executor.statement.RoutingStatementHandler.query(RoutingStatementHandler.java:79)
	at org.apache.ibatis.executor.SimpleExecutor.doQuery(SimpleExecutor.java:63)
	at org.apache.ibatis.executor.BaseExecutor.queryFromDatabase(BaseExecutor.java:324)
	at org.apache.ibatis.executor.BaseExecutor.query(BaseExecutor.java:156)
	at org.apache.ibatis.executor.CachingExecutor.query(CachingExecutor.java:109)
	at org.apache.ibatis.executor.CachingExecutor.query(CachingExecutor.java:83)
	at org.apache.ibatis.session.defaults.DefaultSqlSession.selectList(DefaultSqlSession.java:147)
	at org.apache.ibatis.session.defaults.DefaultSqlSession.selectList(DefaultSqlSession.java:140)
	at sun.reflect.NativeMethodAccessorImpl.invoke0(Native Method)
	at sun.reflect.NativeMethodAccessorImpl.invoke(NativeMethodAccessorImpl.java:62)
	at sun.reflect.DelegatingMethodAccessorImpl.invoke(DelegatingMethodAccessorImpl.java:43)
	at java.lang.reflect.Method.invoke(Method.java:498)
	at org.mybatis.spring.SqlSessionTemplate$SqlSessionInterceptor.invoke(SqlSessionTemplate.java:426)
	at com.sun.proxy.$Proxy98.selectList(Unknown Source)
	at org.mybatis.spring.SqlSessionTemplate.selectList(SqlSessionTemplate.java:223)
	at org.apache.ibatis.binding.MapperMethod.executeForMany(MapperMethod.java:147)
	at org.apache.ibatis.binding.MapperMethod.execute(MapperMethod.java:80)
	at org.apache.ibatis.binding.MapperProxy.invoke(MapperProxy.java:57)
	at com.sun.proxy.$Proxy109.findAllExamResultByTutorId(Unknown Source)
	at com.mams.mamsstudent.controller.StudentUserController.getExamResult(StudentUserController.java:233)
	at com.mams.mamsstudent.controller.StudentUserController$$FastClassBySpringCGLIB$$cf622d84.invoke(<generated>)
	at org.springframework.cglib.proxy.MethodProxy.invoke(MethodProxy.java:218)
	at org.springframework.aop.framework.CglibAopProxy$DynamicAdvisedInterceptor.intercept(CglibAopProxy.java:684)
	at com.mams.mamsstudent.controller.StudentUserController$$EnhancerBySpringCGLIB$$2c892815.getExamResult(<generated>)
	at sun.reflect.NativeMethodAccessorImpl.invoke0(Native Method)
	at sun.reflect.NativeMethodAccessorImpl.invoke(NativeMethodAccessorImpl.java:62)
	at sun.reflect.DelegatingMethodAccessorImpl.invoke(DelegatingMethodAccessorImpl.java:43)
	at java.lang.reflect.Method.invoke(Method.java:498)
	at org.springframework.web.method.support.InvocableHandlerMethod.doInvoke(InvocableHandlerMethod.java:189)
	at org.springframework.web.method.support.InvocableHandlerMethod.invokeForRequest(InvocableHandlerMethod.java:138)
	at org.springframework.web.servlet.mvc.method.annotation.ServletInvocableHandlerMethod.invokeAndHandle(ServletInvocableHandlerMethod.java:102)
	at org.springframework.web.servlet.mvc.method.annotation.RequestMappingHandlerAdapter.invokeHandlerMethod(RequestMappingHandlerAdapter.java:895)
	at org.springframework.web.servlet.mvc.method.annotation.RequestMappingHandlerAdapter.handleInternal(RequestMappingHandlerAdapter.java:800)
	at org.springframework.web.servlet.mvc.method.AbstractHandlerMethodAdapter.handle(AbstractHandlerMethodAdapter.java:87)
	at org.springframework.web.servlet.DispatcherServlet.doDispatch(DispatcherServlet.java:1038)
	at org.springframework.web.servlet.DispatcherServlet.doService(DispatcherServlet.java:942)
	at org.springframework.web.servlet.FrameworkServlet.processRequest(FrameworkServlet.java:1005)
	at org.springframework.web.servlet.FrameworkServlet.doPost(FrameworkServlet.java:908)
	at javax.servlet.http.HttpServlet.service(HttpServlet.java:660)
	at org.springframework.web.servlet.FrameworkServlet.service(FrameworkServlet.java:882)
	at javax.servlet.http.HttpServlet.service(HttpServlet.java:741)
	at org.apache.catalina.core.ApplicationFilterChain.internalDoFilter(ApplicationFilterChain.java:231)
	at org.apache.catalina.core.ApplicationFilterChain.doFilter(ApplicationFilterChain.java:166)
	at org.apache.tomcat.websocket.server.WsFilter.doFilter(WsFilter.java:53)
	at org.apache.catalina.core.ApplicationFilterChain.internalDoFilter(ApplicationFilterChain.java:193)
	at org.apache.catalina.core.ApplicationFilterChain.doFilter(ApplicationFilterChain.java:166)
	at org.springframework.boot.actuate.web.trace.servlet.HttpTraceFilter.doFilterInternal(HttpTraceFilter.java:90)
	at org.springframework.web.filter.OncePerRequestFilter.doFilter(OncePerRequestFilter.java:107)
	at org.apache.catalina.core.ApplicationFilterChain.internalDoFilter(ApplicationFilterChain.java:193)
	at org.apache.catalina.core.ApplicationFilterChain.doFilter(ApplicationFilterChain.java:166)
	at org.springframework.web.filter.RequestContextFilter.doFilterInternal(RequestContextFilter.java:99)
	at org.springframework.web.filter.OncePerRequestFilter.doFilter(OncePerRequestFilter.java:107)
	at org.apache.catalina.core.ApplicationFilterChain.internalDoFilter(ApplicationFilterChain.java:193)
	at org.apache.catalina.core.ApplicationFilterChain.doFilter(ApplicationFilterChain.java:166)
	at org.springframework.web.filter.FormContentFilter.doFilterInternal(FormContentFilter.java:92)
	at org.springframework.web.filter.OncePerRequestFilter.doFilter(OncePerRequestFilter.java:107)
	at org.apache.catalina.core.ApplicationFilterChain.internalDoFilter(ApplicationFilterChain.java:193)
	at org.apache.catalina.core.ApplicationFilterChain.doFilter(ApplicationFilterChain.java:166)
	at org.springframework.web.filter.HiddenHttpMethodFilter.doFilterInternal(HiddenHttpMethodFilter.java:93)
	at org.springframework.web.filter.OncePerRequestFilter.doFilter(OncePerRequestFilter.java:107)
	at org.apache.catalina.core.ApplicationFilterChain.internalDoFilter(ApplicationFilterChain.java:193)
	at org.apache.catalina.core.ApplicationFilterChain.doFilter(ApplicationFilterChain.java:166)
	at org.springframework.boot.actuate.metrics.web.servlet.WebMvcMetricsFilter.filterAndRecordMetrics(WebMvcMetricsFilter.java:117)
	at org.springframework.boot.actuate.metrics.web.servlet.WebMvcMetricsFilter.doFilterInternal(WebMvcMetricsFilter.java:106)
	at org.springframework.web.filter.OncePerRequestFilter.doFilter(OncePerRequestFilter.java:107)
	at org.apache.catalina.core.ApplicationFilterChain.internalDoFilter(ApplicationFilterChain.java:193)
	at org.apache.catalina.core.ApplicationFilterChain.doFilter(ApplicationFilterChain.java:166)
	at org.springframework.web.filter.CharacterEncodingFilter.doFilterInternal(CharacterEncodingFilter.java:200)
	at org.springframework.web.filter.OncePerRequestFilter.doFilter(OncePerRequestFilter.java:107)
	at org.apache.catalina.core.ApplicationFilterChain.internalDoFilter(ApplicationFilterChain.java:193)
	at org.apache.catalina.core.ApplicationFilterChain.doFilter(ApplicationFilterChain.java:166)
	at org.apache.catalina.core.StandardWrapperValve.invoke(StandardWrapperValve.java:200)
	at org.apache.catalina.core.StandardContextValve.invoke(StandardContextValve.java:96)
	at org.apache.catalina.authenticator.AuthenticatorBase.invoke(AuthenticatorBase.java:490)
	at org.apache.catalina.core.StandardHostValve.invoke(StandardHostValve.java:139)
	at org.apache.catalina.valves.ErrorReportValve.invoke(ErrorReportValve.java:92)
	at org.apache.catalina.core.StandardEngineValve.invoke(StandardEngineValve.java:74)
	at org.apache.catalina.connector.CoyoteAdapter.service(CoyoteAdapter.java:343)
	at org.apache.coyote.http11.Http11Processor.service(Http11Processor.java:408)
	at org.apache.coyote.AbstractProcessorLight.process(AbstractProcessorLight.java:66)
	at org.apache.coyote.AbstractProtocol$ConnectionHandler.process(AbstractProtocol.java:834)
	at org.apache.tomcat.util.net.NioEndpoint$SocketProcessor.doRun(NioEndpoint.java:1415)
	at org.apache.tomcat.util.net.SocketProcessorBase.run(SocketProcessorBase.java:49)
	at java.util.concurrent.ThreadPoolExecutor.runWorker(ThreadPoolExecutor.java:1142)
	at java.util.concurrent.ThreadPoolExecutor$Worker.run(ThreadPoolExecutor.java:617)
	at org.apache.tomcat.util.threads.TaskThread$WrappingRunnable.run(TaskThread.java:61)
	at java.lang.Thread.run(Thread.java:745)
[mams-student][${env:SERVER_PORT}] 2021-05-25 22:47:32,832 ERROR [http-nio-8083-exec-1][DirectJDKLog.java:175] - Servlet.service() for servlet [dispatcherServlet] in context with path [] threw exception [Request processing failed; nested exception is org.springframework.jdbc.BadSqlGrammarException: 
### Error querying database.  Cause: java.sql.SQLSyntaxErrorException: Unknown column 'level' in 'where clause'
### The error may exist in com/mams/mamsstudent/mapper/ExamResultMapper.java (best guess)
### The error may involve com.mams.mamsstudent.mapper.ExamResultMapper.findAllExamResultByTutorId-Inline
### The error occurred while setting parameters
### SQL: select * from exam_result where tutor_id=? and receive_status=0 and level=1 order by sum_score
### Cause: java.sql.SQLSyntaxErrorException: Unknown column 'level' in 'where clause'
; bad SQL grammar []; nested exception is java.sql.SQLSyntaxErrorException: Unknown column 'level' in 'where clause'] with root cause
java.sql.SQLSyntaxErrorException: Unknown column 'level' in 'where clause'
	at com.mysql.cj.jdbc.exceptions.SQLError.createSQLException(SQLError.java:120)
	at com.mysql.cj.jdbc.exceptions.SQLError.createSQLException(SQLError.java:97)
	at com.mysql.cj.jdbc.exceptions.SQLExceptionsMapping.translateException(SQLExceptionsMapping.java:122)
	at com.mysql.cj.jdbc.ClientPreparedStatement.executeInternal(ClientPreparedStatement.java:970)
	at com.mysql.cj.jdbc.ClientPreparedStatement.execute(ClientPreparedStatement.java:387)
	at com.zaxxer.hikari.pool.ProxyPreparedStatement.execute(ProxyPreparedStatement.java:44)
	at com.zaxxer.hikari.pool.HikariProxyPreparedStatement.execute(HikariProxyPreparedStatement.java)
	at org.apache.ibatis.executor.statement.PreparedStatementHandler.query(PreparedStatementHandler.java:64)
	at org.apache.ibatis.executor.statement.RoutingStatementHandler.query(RoutingStatementHandler.java:79)
	at org.apache.ibatis.executor.SimpleExecutor.doQuery(SimpleExecutor.java:63)
	at org.apache.ibatis.executor.BaseExecutor.queryFromDatabase(BaseExecutor.java:324)
	at org.apache.ibatis.executor.BaseExecutor.query(BaseExecutor.java:156)
	at org.apache.ibatis.executor.CachingExecutor.query(CachingExecutor.java:109)
	at org.apache.ibatis.executor.CachingExecutor.query(CachingExecutor.java:83)
	at org.apache.ibatis.session.defaults.DefaultSqlSession.selectList(DefaultSqlSession.java:147)
	at org.apache.ibatis.session.defaults.DefaultSqlSession.selectList(DefaultSqlSession.java:140)
	at sun.reflect.NativeMethodAccessorImpl.invoke0(Native Method)
	at sun.reflect.NativeMethodAccessorImpl.invoke(NativeMethodAccessorImpl.java:62)
	at sun.reflect.DelegatingMethodAccessorImpl.invoke(DelegatingMethodAccessorImpl.java:43)
	at java.lang.reflect.Method.invoke(Method.java:498)
	at org.mybatis.spring.SqlSessionTemplate$SqlSessionInterceptor.invoke(SqlSessionTemplate.java:426)
	at com.sun.proxy.$Proxy98.selectList(Unknown Source)
	at org.mybatis.spring.SqlSessionTemplate.selectList(SqlSessionTemplate.java:223)
	at org.apache.ibatis.binding.MapperMethod.executeForMany(MapperMethod.java:147)
	at org.apache.ibatis.binding.MapperMethod.execute(MapperMethod.java:80)
	at org.apache.ibatis.binding.MapperProxy.invoke(MapperProxy.java:57)
	at com.sun.proxy.$Proxy109.findAllExamResultByTutorId(Unknown Source)
	at com.mams.mamsstudent.controller.StudentUserController.getExamResult(StudentUserController.java:233)
	at com.mams.mamsstudent.controller.StudentUserController$$FastClassBySpringCGLIB$$cf622d84.invoke(<generated>)
	at org.springframework.cglib.proxy.MethodProxy.invoke(MethodProxy.java:218)
	at org.springframework.aop.framework.CglibAopProxy$DynamicAdvisedInterceptor.intercept(CglibAopProxy.java:684)
	at com.mams.mamsstudent.controller.StudentUserController$$EnhancerBySpringCGLIB$$2c892815.getExamResult(<generated>)
	at sun.reflect.NativeMethodAccessorImpl.invoke0(Native Method)
	at sun.reflect.NativeMethodAccessorImpl.invoke(NativeMethodAccessorImpl.java:62)
	at sun.reflect.DelegatingMethodAccessorImpl.invoke(DelegatingMethodAccessorImpl.java:43)
	at java.lang.reflect.Method.invoke(Method.java:498)
	at org.springframework.web.method.support.InvocableHandlerMethod.doInvoke(InvocableHandlerMethod.java:189)
	at org.springframework.web.method.support.InvocableHandlerMethod.invokeForRequest(InvocableHandlerMethod.java:138)
	at org.springframework.web.servlet.mvc.method.annotation.ServletInvocableHandlerMethod.invokeAndHandle(ServletInvocableHandlerMethod.java:102)
	at org.springframework.web.servlet.mvc.method.annotation.RequestMappingHandlerAdapter.invokeHandlerMethod(RequestMappingHandlerAdapter.java:895)
	at org.springframework.web.servlet.mvc.method.annotation.RequestMappingHandlerAdapter.handleInternal(RequestMappingHandlerAdapter.java:800)
	at org.springframework.web.servlet.mvc.method.AbstractHandlerMethodAdapter.handle(AbstractHandlerMethodAdapter.java:87)
	at org.springframework.web.servlet.DispatcherServlet.doDispatch(DispatcherServlet.java:1038)
	at org.springframework.web.servlet.DispatcherServlet.doService(DispatcherServlet.java:942)
	at org.springframework.web.servlet.FrameworkServlet.processRequest(FrameworkServlet.java:1005)
	at org.springframework.web.servlet.FrameworkServlet.doPost(FrameworkServlet.java:908)
	at javax.servlet.http.HttpServlet.service(HttpServlet.java:660)
	at org.springframework.web.servlet.FrameworkServlet.service(FrameworkServlet.java:882)
	at javax.servlet.http.HttpServlet.service(HttpServlet.java:741)
	at org.apache.catalina.core.ApplicationFilterChain.internalDoFilter(ApplicationFilterChain.java:231)
	at org.apache.catalina.core.ApplicationFilterChain.doFilter(ApplicationFilterChain.java:166)
	at org.apache.tomcat.websocket.server.WsFilter.doFilter(WsFilter.java:53)
	at org.apache.catalina.core.ApplicationFilterChain.internalDoFilter(ApplicationFilterChain.java:193)
	at org.apache.catalina.core.ApplicationFilterChain.doFilter(ApplicationFilterChain.java:166)
	at org.springframework.boot.actuate.web.trace.servlet.HttpTraceFilter.doFilterInternal(HttpTraceFilter.java:90)
	at org.springframework.web.filter.OncePerRequestFilter.doFilter(OncePerRequestFilter.java:107)
	at org.apache.catalina.core.ApplicationFilterChain.internalDoFilter(ApplicationFilterChain.java:193)
	at org.apache.catalina.core.ApplicationFilterChain.doFilter(ApplicationFilterChain.java:166)
	at org.springframework.web.filter.RequestContextFilter.doFilterInternal(RequestContextFilter.java:99)
	at org.springframework.web.filter.OncePerRequestFilter.doFilter(OncePerRequestFilter.java:107)
	at org.apache.catalina.core.ApplicationFilterChain.internalDoFilter(ApplicationFilterChain.java:193)
	at org.apache.catalina.core.ApplicationFilterChain.doFilter(ApplicationFilterChain.java:166)
	at org.springframework.web.filter.FormContentFilter.doFilterInternal(FormContentFilter.java:92)
	at org.springframework.web.filter.OncePerRequestFilter.doFilter(OncePerRequestFilter.java:107)
	at org.apache.catalina.core.ApplicationFilterChain.internalDoFilter(ApplicationFilterChain.java:193)
	at org.apache.catalina.core.ApplicationFilterChain.doFilter(ApplicationFilterChain.java:166)
	at org.springframework.web.filter.HiddenHttpMethodFilter.doFilterInternal(HiddenHttpMethodFilter.java:93)
	at org.springframework.web.filter.OncePerRequestFilter.doFilter(OncePerRequestFilter.java:107)
	at org.apache.catalina.core.ApplicationFilterChain.internalDoFilter(ApplicationFilterChain.java:193)
	at org.apache.catalina.core.ApplicationFilterChain.doFilter(ApplicationFilterChain.java:166)
	at org.springframework.boot.actuate.metrics.web.servlet.WebMvcMetricsFilter.filterAndRecordMetrics(WebMvcMetricsFilter.java:117)
	at org.springframework.boot.actuate.metrics.web.servlet.WebMvcMetricsFilter.doFilterInternal(WebMvcMetricsFilter.java:106)
	at org.springframework.web.filter.OncePerRequestFilter.doFilter(OncePerRequestFilter.java:107)
	at org.apache.catalina.core.ApplicationFilterChain.internalDoFilter(ApplicationFilterChain.java:193)
	at org.apache.catalina.core.ApplicationFilterChain.doFilter(ApplicationFilterChain.java:166)
	at org.springframework.web.filter.CharacterEncodingFilter.doFilterInternal(CharacterEncodingFilter.java:200)
	at org.springframework.web.filter.OncePerRequestFilter.doFilter(OncePerRequestFilter.java:107)
	at org.apache.catalina.core.ApplicationFilterChain.internalDoFilter(ApplicationFilterChain.java:193)
	at org.apache.catalina.core.ApplicationFilterChain.doFilter(ApplicationFilterChain.java:166)
	at org.apache.catalina.core.StandardWrapperValve.invoke(StandardWrapperValve.java:200)
	at org.apache.catalina.core.StandardContextValve.invoke(StandardContextValve.java:96)
	at org.apache.catalina.authenticator.AuthenticatorBase.invoke(AuthenticatorBase.java:490)
	at org.apache.catalina.core.StandardHostValve.invoke(StandardHostValve.java:139)
	at org.apache.catalina.valves.ErrorReportValve.invoke(ErrorReportValve.java:92)
	at org.apache.catalina.core.StandardEngineValve.invoke(StandardEngineValve.java:74)
	at org.apache.catalina.connector.CoyoteAdapter.service(CoyoteAdapter.java:343)
	at org.apache.coyote.http11.Http11Processor.service(Http11Processor.java:408)
	at org.apache.coyote.AbstractProcessorLight.process(AbstractProcessorLight.java:66)
	at org.apache.coyote.AbstractProtocol$ConnectionHandler.process(AbstractProtocol.java:834)
	at org.apache.tomcat.util.net.NioEndpoint$SocketProcessor.doRun(NioEndpoint.java:1415)
	at org.apache.tomcat.util.net.SocketProcessorBase.run(SocketProcessorBase.java:49)
	at java.util.concurrent.ThreadPoolExecutor.runWorker(ThreadPoolExecutor.java:1142)
	at java.util.concurrent.ThreadPoolExecutor$Worker.run(ThreadPoolExecutor.java:617)
	at org.apache.tomcat.util.threads.TaskThread$WrappingRunnable.run(TaskThread.java:61)
	at java.lang.Thread.run(Thread.java:745)
[mams-student][${env:SERVER_PORT}] 2021-05-25 22:48:47,220 INFO [main][StartupInfoLogger.java:50] - Starting MamsStudentApplication on DESKTOP-U5SUJ4I with PID 37460 (D:\graduation\mams\mams-student\target\classes started by tcp666 in D:\graduation\mams)
[mams-student][${env:SERVER_PORT}] 2021-05-25 22:48:47,237 INFO [main][SpringApplication.java:675] - No active profile set, falling back to default profiles: default
[mams-student][${env:SERVER_PORT}] 2021-05-25 22:48:48,174 INFO [main][PostProcessorRegistrationDelegate.java:330] - Bean 'org.springframework.transaction.annotation.ProxyTransactionManagementConfiguration' of type [org.springframework.transaction.annotation.ProxyTransactionManagementConfiguration$$EnhancerBySpringCGLIB$$1d11382b] is not eligible for getting processed by all BeanPostProcessors (for example: not eligible for auto-proxying)
[mams-student][${env:SERVER_PORT}] 2021-05-25 22:48:48,426 INFO [main][TomcatWebServer.java:90] - Tomcat initialized with port(s): 8083 (http)
[mams-student][${env:SERVER_PORT}] 2021-05-25 22:48:48,439 INFO [main][DirectJDKLog.java:173] - Initializing ProtocolHandler ["http-nio-8083"]
[mams-student][${env:SERVER_PORT}] 2021-05-25 22:48:48,448 INFO [main][DirectJDKLog.java:173] - Starting service [Tomcat]
[mams-student][${env:SERVER_PORT}] 2021-05-25 22:48:48,448 INFO [main][DirectJDKLog.java:173] - Starting Servlet engine: [Apache Tomcat/9.0.16]
[mams-student][${env:SERVER_PORT}] 2021-05-25 22:48:48,454 INFO [main][DirectJDKLog.java:173] - The APR based Apache Tomcat Native library which allows optimal performance in production environments was not found on the java.library.path: [D:\java\jdk1.8\bin;C:\WINDOWS\Sun\Java\bin;C:\WINDOWS\system32;C:\WINDOWS;C:\WINDOWS\system32;C:\WINDOWS;C:\WINDOWS\System32\Wbem;C:\WINDOWS\System32\WindowsPowerShell\v1.0\;C:\WINDOWS\System32\OpenSSH\;D:\mysql\mysql-8.0.15-winx64\mysql-8.0.15-winx64\bin;D:\java\jdk1.8\bin\;D:\java\jdk1.8\jre\bin\;C:\Users\tcp666\AppData\Local\Microsoft\WindowsApps;;.]
[mams-student][${env:SERVER_PORT}] 2021-05-25 22:48:48,536 INFO [main][DirectJDKLog.java:173] - Initializing Spring embedded WebApplicationContext
[mams-student][${env:SERVER_PORT}] 2021-05-25 22:48:48,537 INFO [main][ServletWebServerApplicationContext.java:296] - Root WebApplicationContext: initialization completed in 1234 ms
[mams-student][${env:SERVER_PORT}] 2021-05-25 22:48:49,254 INFO [main][ExecutorConfigurationSupport.java:171] - Initializing ExecutorService 'applicationTaskExecutor'
[mams-student][${env:SERVER_PORT}] 2021-05-25 22:48:49,338 INFO [main][WelcomePageHandlerMapping.java:56] - Adding welcome page: class path resource [static/index.html]
[mams-student][${env:SERVER_PORT}] 2021-05-25 22:48:49,536 INFO [main][EndpointLinksResolver.java:59] - Exposing 2 endpoint(s) beneath base path '/actuator'
[mams-student][${env:SERVER_PORT}] 2021-05-25 22:48:49,580 INFO [main][DirectJDKLog.java:173] - Starting ProtocolHandler ["http-nio-8083"]
[mams-student][${env:SERVER_PORT}] 2021-05-25 22:48:49,600 INFO [main][TomcatWebServer.java:204] - Tomcat started on port(s): 8083 (http) with context path ''
[mams-student][${env:SERVER_PORT}] 2021-05-25 22:48:49,602 INFO [main][StartupInfoLogger.java:59] - Started MamsStudentApplication in 2.796 seconds (JVM running for 3.888)
[mams-student][${env:SERVER_PORT}] 2021-05-25 22:48:49,687 INFO [RMI TCP Connection(1)-192.168.1.106][DirectJDKLog.java:173] - Initializing Spring DispatcherServlet 'dispatcherServlet'
[mams-student][${env:SERVER_PORT}] 2021-05-25 22:48:49,687 INFO [RMI TCP Connection(1)-192.168.1.106][FrameworkServlet.java:524] - Initializing Servlet 'dispatcherServlet'
[mams-student][${env:SERVER_PORT}] 2021-05-25 22:48:49,695 INFO [RMI TCP Connection(1)-192.168.1.106][FrameworkServlet.java:546] - Completed initialization in 8 ms
[mams-student][${env:SERVER_PORT}] 2021-05-25 22:48:50,000 INFO [RMI TCP Connection(3)-192.168.1.106][HikariDataSource.java:110] - HikariPool-1 - Starting...
[mams-student][${env:SERVER_PORT}] 2021-05-25 22:48:50,205 INFO [RMI TCP Connection(3)-192.168.1.106][HikariDataSource.java:123] - HikariPool-1 - Start completed.
[mams-student][${env:SERVER_PORT}] 2021-05-25 22:49:37,714 INFO [main][StartupInfoLogger.java:50] - Starting MamsStudentApplication on DESKTOP-U5SUJ4I with PID 37960 (D:\graduation\mams\mams-student\target\classes started by tcp666 in D:\graduation\mams)
[mams-student][${env:SERVER_PORT}] 2021-05-25 22:49:37,774 INFO [main][SpringApplication.java:675] - No active profile set, falling back to default profiles: default
[mams-student][${env:SERVER_PORT}] 2021-05-25 22:49:38,728 INFO [main][PostProcessorRegistrationDelegate.java:330] - Bean 'org.springframework.transaction.annotation.ProxyTransactionManagementConfiguration' of type [org.springframework.transaction.annotation.ProxyTransactionManagementConfiguration$$EnhancerBySpringCGLIB$$e6b9fa58] is not eligible for getting processed by all BeanPostProcessors (for example: not eligible for auto-proxying)
[mams-student][${env:SERVER_PORT}] 2021-05-25 22:49:38,987 INFO [main][TomcatWebServer.java:90] - Tomcat initialized with port(s): 8083 (http)
[mams-student][${env:SERVER_PORT}] 2021-05-25 22:49:39,001 INFO [main][DirectJDKLog.java:173] - Initializing ProtocolHandler ["http-nio-8083"]
[mams-student][${env:SERVER_PORT}] 2021-05-25 22:49:39,010 INFO [main][DirectJDKLog.java:173] - Starting service [Tomcat]
[mams-student][${env:SERVER_PORT}] 2021-05-25 22:49:39,011 INFO [main][DirectJDKLog.java:173] - Starting Servlet engine: [Apache Tomcat/9.0.16]
[mams-student][${env:SERVER_PORT}] 2021-05-25 22:49:39,017 INFO [main][DirectJDKLog.java:173] - The APR based Apache Tomcat Native library which allows optimal performance in production environments was not found on the java.library.path: [D:\java\jdk1.8\bin;C:\WINDOWS\Sun\Java\bin;C:\WINDOWS\system32;C:\WINDOWS;C:\WINDOWS\system32;C:\WINDOWS;C:\WINDOWS\System32\Wbem;C:\WINDOWS\System32\WindowsPowerShell\v1.0\;C:\WINDOWS\System32\OpenSSH\;D:\mysql\mysql-8.0.15-winx64\mysql-8.0.15-winx64\bin;D:\java\jdk1.8\bin\;D:\java\jdk1.8\jre\bin\;C:\Users\tcp666\AppData\Local\Microsoft\WindowsApps;;.]
[mams-student][${env:SERVER_PORT}] 2021-05-25 22:49:39,111 INFO [main][DirectJDKLog.java:173] - Initializing Spring embedded WebApplicationContext
[mams-student][${env:SERVER_PORT}] 2021-05-25 22:49:39,112 INFO [main][ServletWebServerApplicationContext.java:296] - Root WebApplicationContext: initialization completed in 1301 ms
[mams-student][${env:SERVER_PORT}] 2021-05-25 22:49:39,987 INFO [main][ExecutorConfigurationSupport.java:171] - Initializing ExecutorService 'applicationTaskExecutor'
[mams-student][${env:SERVER_PORT}] 2021-05-25 22:49:40,091 INFO [main][WelcomePageHandlerMapping.java:56] - Adding welcome page: class path resource [static/index.html]
[mams-student][${env:SERVER_PORT}] 2021-05-25 22:49:40,339 INFO [main][EndpointLinksResolver.java:59] - Exposing 2 endpoint(s) beneath base path '/actuator'
[mams-student][${env:SERVER_PORT}] 2021-05-25 22:49:40,386 INFO [main][DirectJDKLog.java:173] - Starting ProtocolHandler ["http-nio-8083"]
[mams-student][${env:SERVER_PORT}] 2021-05-25 22:49:40,407 INFO [main][TomcatWebServer.java:204] - Tomcat started on port(s): 8083 (http) with context path ''
[mams-student][${env:SERVER_PORT}] 2021-05-25 22:49:40,410 INFO [main][StartupInfoLogger.java:59] - Started MamsStudentApplication in 3.177 seconds (JVM running for 4.352)
[mams-student][${env:SERVER_PORT}] 2021-05-25 22:49:41,016 INFO [RMI TCP Connection(3)-192.168.1.106][DirectJDKLog.java:173] - Initializing Spring DispatcherServlet 'dispatcherServlet'
[mams-student][${env:SERVER_PORT}] 2021-05-25 22:49:41,017 INFO [RMI TCP Connection(3)-192.168.1.106][FrameworkServlet.java:524] - Initializing Servlet 'dispatcherServlet'
[mams-student][${env:SERVER_PORT}] 2021-05-25 22:49:41,018 INFO [RMI TCP Connection(4)-192.168.1.106][HikariDataSource.java:110] - HikariPool-1 - Starting...
[mams-student][${env:SERVER_PORT}] 2021-05-25 22:49:41,025 INFO [RMI TCP Connection(3)-192.168.1.106][FrameworkServlet.java:546] - Completed initialization in 8 ms
[mams-student][${env:SERVER_PORT}] 2021-05-25 22:49:41,302 INFO [RMI TCP Connection(4)-192.168.1.106][HikariDataSource.java:123] - HikariPool-1 - Start completed.
[mams-student][${env:SERVER_PORT}] 2021-05-25 22:50:03,987 INFO [main][StartupInfoLogger.java:50] - Starting MamsStudentApplication on DESKTOP-U5SUJ4I with PID 40244 (D:\graduation\mams\mams-student\target\classes started by tcp666 in D:\graduation\mams)
[mams-student][${env:SERVER_PORT}] 2021-05-25 22:50:03,995 INFO [main][SpringApplication.java:675] - No active profile set, falling back to default profiles: default
[mams-student][${env:SERVER_PORT}] 2021-05-25 22:50:04,866 INFO [main][PostProcessorRegistrationDelegate.java:330] - Bean 'org.springframework.transaction.annotation.ProxyTransactionManagementConfiguration' of type [org.springframework.transaction.annotation.ProxyTransactionManagementConfiguration$$EnhancerBySpringCGLIB$$625635c6] is not eligible for getting processed by all BeanPostProcessors (for example: not eligible for auto-proxying)
[mams-student][${env:SERVER_PORT}] 2021-05-25 22:50:05,100 INFO [main][TomcatWebServer.java:90] - Tomcat initialized with port(s): 8083 (http)
[mams-student][${env:SERVER_PORT}] 2021-05-25 22:50:05,114 INFO [main][DirectJDKLog.java:173] - Initializing ProtocolHandler ["http-nio-8083"]
[mams-student][${env:SERVER_PORT}] 2021-05-25 22:50:05,124 INFO [main][DirectJDKLog.java:173] - Starting service [Tomcat]
[mams-student][${env:SERVER_PORT}] 2021-05-25 22:50:05,125 INFO [main][DirectJDKLog.java:173] - Starting Servlet engine: [Apache Tomcat/9.0.16]
[mams-student][${env:SERVER_PORT}] 2021-05-25 22:50:05,131 INFO [main][DirectJDKLog.java:173] - The APR based Apache Tomcat Native library which allows optimal performance in production environments was not found on the java.library.path: [D:\java\jdk1.8\bin;C:\WINDOWS\Sun\Java\bin;C:\WINDOWS\system32;C:\WINDOWS;C:\WINDOWS\system32;C:\WINDOWS;C:\WINDOWS\System32\Wbem;C:\WINDOWS\System32\WindowsPowerShell\v1.0\;C:\WINDOWS\System32\OpenSSH\;D:\mysql\mysql-8.0.15-winx64\mysql-8.0.15-winx64\bin;D:\java\jdk1.8\bin\;D:\java\jdk1.8\jre\bin\;C:\Users\tcp666\AppData\Local\Microsoft\WindowsApps;;.]
[mams-student][${env:SERVER_PORT}] 2021-05-25 22:50:05,219 INFO [main][DirectJDKLog.java:173] - Initializing Spring embedded WebApplicationContext
[mams-student][${env:SERVER_PORT}] 2021-05-25 22:50:05,220 INFO [main][ServletWebServerApplicationContext.java:296] - Root WebApplicationContext: initialization completed in 1192 ms
[mams-student][${env:SERVER_PORT}] 2021-05-25 22:50:05,978 INFO [main][ExecutorConfigurationSupport.java:171] - Initializing ExecutorService 'applicationTaskExecutor'
[mams-student][${env:SERVER_PORT}] 2021-05-25 22:50:06,090 INFO [main][WelcomePageHandlerMapping.java:56] - Adding welcome page: class path resource [static/index.html]
[mams-student][${env:SERVER_PORT}] 2021-05-25 22:50:06,294 INFO [main][EndpointLinksResolver.java:59] - Exposing 2 endpoint(s) beneath base path '/actuator'
[mams-student][${env:SERVER_PORT}] 2021-05-25 22:50:06,339 INFO [main][DirectJDKLog.java:173] - Starting ProtocolHandler ["http-nio-8083"]
[mams-student][${env:SERVER_PORT}] 2021-05-25 22:50:06,358 INFO [main][TomcatWebServer.java:204] - Tomcat started on port(s): 8083 (http) with context path ''
[mams-student][${env:SERVER_PORT}] 2021-05-25 22:50:06,360 INFO [main][StartupInfoLogger.java:59] - Started MamsStudentApplication in 2.809 seconds (JVM running for 3.96)
[mams-student][${env:SERVER_PORT}] 2021-05-25 22:50:06,455 INFO [RMI TCP Connection(1)-192.168.1.106][DirectJDKLog.java:173] - Initializing Spring DispatcherServlet 'dispatcherServlet'
[mams-student][${env:SERVER_PORT}] 2021-05-25 22:50:06,455 INFO [RMI TCP Connection(1)-192.168.1.106][FrameworkServlet.java:524] - Initializing Servlet 'dispatcherServlet'
[mams-student][${env:SERVER_PORT}] 2021-05-25 22:50:06,463 INFO [RMI TCP Connection(1)-192.168.1.106][FrameworkServlet.java:546] - Completed initialization in 8 ms
[mams-student][${env:SERVER_PORT}] 2021-05-25 22:50:06,761 INFO [RMI TCP Connection(3)-192.168.1.106][HikariDataSource.java:110] - HikariPool-1 - Starting...
[mams-student][${env:SERVER_PORT}] 2021-05-25 22:50:06,963 INFO [RMI TCP Connection(3)-192.168.1.106][HikariDataSource.java:123] - HikariPool-1 - Start completed.
