[mams-school][${env:SERVER_PORT}] 2021-05-25 15:05:50,291 ERROR [http-nio-8082-exec-9][SchoolUserController.java:192] - EnrollmentProject(id=19, tutorName=王小二, tutorId=9, schoolName=西安工业大学, department=计算机科学与技术, professionName=计算机软件与理论, count=300, examType=全国统一考试, schoolingType=全日制, education=全日制及非全日制统招普通硕士, contactNumber=9999999999, signUpType=非定向就业, majorCourses1=计算机网络, majorCourses2=计算机组成原理, majorCourses3=数据结构与算法, publicCourses1=英语1, publicCourses2=数学2, publicCourses3=政治, checked=1):Index: 0, Size: 0
[mams-school][${env:SERVER_PORT}] 2021-05-25 15:05:56,039 ERROR [http-nio-8082-exec-10][SchoolUserController.java:192] - EnrollmentProject(id=19, tutorName=王小二, tutorId=9, schoolName=西安工业大学, department=计算机科学与技术, professionName=计算机软件与理论, count=300, examType=全国统一考试, schoolingType=全日制, education=全日制及非全日制统招普通硕士, contactNumber=9999999999, signUpType=非定向就业, majorCourses1=计算机网络, majorCourses2=计算机组成原理, majorCourses3=数据结构与算法, publicCourses1=英语1, publicCourses2=数学2, publicCourses3=政治, checked=1):Index: 0, Size: 0
[mams-school][${env:SERVER_PORT}] 2021-05-25 15:05:56,262 ERROR [http-nio-8082-exec-1][SchoolUserController.java:192] - EnrollmentProject(id=19, tutorName=王小二, tutorId=9, schoolName=西安工业大学, department=计算机科学与技术, professionName=计算机软件与理论, count=300, examType=全国统一考试, schoolingType=全日制, education=全日制及非全日制统招普通硕士, contactNumber=9999999999, signUpType=非定向就业, majorCourses1=计算机网络, majorCourses2=计算机组成原理, majorCourses3=数据结构与算法, publicCourses1=英语1, publicCourses2=数学2, publicCourses3=政治, checked=1):Index: 0, Size: 0
[mams-school][${env:SERVER_PORT}] 2021-05-25 15:05:57,027 ERROR [http-nio-8082-exec-2][SchoolUserController.java:192] - EnrollmentProject(id=19, tutorName=王小二, tutorId=9, schoolName=西安工业大学, department=计算机科学与技术, professionName=计算机软件与理论, count=300, examType=全国统一考试, schoolingType=全日制, education=全日制及非全日制统招普通硕士, contactNumber=9999999999, signUpType=非定向就业, majorCourses1=计算机网络, majorCourses2=计算机组成原理, majorCourses3=数据结构与算法, publicCourses1=英语1, publicCourses2=数学2, publicCourses3=政治, checked=1):Index: 0, Size: 0
[mams-school][${env:SERVER_PORT}] 2021-05-25 15:07:42,569 ERROR [http-nio-8082-exec-4][SchoolUserController.java:192] - EnrollmentProject(id=19, tutorName=王小二, tutorId=9, schoolName=西安工业大学, department=计算机科学与技术, professionName=计算机软件与理论, count=300, examType=全国统一考试, schoolingType=全日制, education=全日制及非全日制统招普通硕士, contactNumber=9999999999, signUpType=非定向就业, majorCourses1=计算机网络, majorCourses2=计算机组成原理, majorCourses3=数据结构与算法, publicCourses1=英语1, publicCourses2=数学2, publicCourses3=政治, checked=1):Index: 0, Size: 0
[mams-school][${env:SERVER_PORT}] 2021-05-25 15:09:20,924 ERROR [http-nio-8082-exec-6][SchoolUserController.java:192] - EnrollmentProject(id=19, tutorName=王小二, tutorId=9, schoolName=西安工业大学, department=计算机科学与技术, professionName=计算机软件与理论, count=300, examType=全国统一考试, schoolingType=全日制, education=全日制及非全日制统招普通硕士, contactNumber=9999999999, signUpType=非定向就业, majorCourses1=计算机网络, majorCourses2=计算机组成原理, majorCourses3=数据结构与算法, publicCourses1=英语1, publicCourses2=数学2, publicCourses3=政治, checked=1):Index: 0, Size: 0
[mams-school][${env:SERVER_PORT}] 2021-05-25 15:10:17,021 ERROR [http-nio-8082-exec-7][SchoolUserController.java:192] - EnrollmentProject(id=19, tutorName=王小二, tutorId=9, schoolName=西安工业大学, department=计算机科学与技术, professionName=计算机软件与理论, count=300, examType=全国统一考试, schoolingType=全日制, education=全日制及非全日制统招普通硕士, contactNumber=9999999999, signUpType=非定向就业, majorCourses1=计算机网络, majorCourses2=计算机组成原理, majorCourses3=数据结构与算法, publicCourses1=英语1, publicCourses2=数学2, publicCourses3=政治, checked=1):Index: 0, Size: 0
[mams-school][${env:SERVER_PORT}] 2021-05-25 15:12:16,246 WARN [http-nio-8082-exec-9][AbstractHandlerExceptionResolver.java:197] - Resolved [org.springframework.web.HttpMediaTypeNotSupportedException: Content type 'application/x-www-form-urlencoded;charset=UTF-8' not supported]
[mams-school][${env:SERVER_PORT}] 2021-05-25 15:12:31,333 WARN [http-nio-8082-exec-10][AbstractHandlerExceptionResolver.java:197] - Resolved [org.springframework.web.HttpMediaTypeNotSupportedException: Content type 'application/x-www-form-urlencoded;charset=UTF-8' not supported]
[mams-school][${env:SERVER_PORT}] 2021-05-25 15:12:45,129 WARN [http-nio-8082-exec-1][AbstractHandlerExceptionResolver.java:197] - Resolved [org.springframework.web.HttpMediaTypeNotSupportedException: Content type 'application/x-www-form-urlencoded;charset=UTF-8' not supported]
[mams-school][${env:SERVER_PORT}] 2021-05-25 15:12:45,912 WARN [http-nio-8082-exec-2][AbstractHandlerExceptionResolver.java:197] - Resolved [org.springframework.web.HttpMediaTypeNotSupportedException: Content type 'application/x-www-form-urlencoded;charset=UTF-8' not supported]
[mams-school][${env:SERVER_PORT}] 2021-05-25 15:12:46,059 WARN [http-nio-8082-exec-3][AbstractHandlerExceptionResolver.java:197] - Resolved [org.springframework.web.HttpMediaTypeNotSupportedException: Content type 'application/x-www-form-urlencoded;charset=UTF-8' not supported]
[mams-school][${env:SERVER_PORT}] 2021-05-25 15:13:06,930 WARN [http-nio-8082-exec-4][AbstractHandlerExceptionResolver.java:197] - Resolved [org.springframework.web.HttpMediaTypeNotSupportedException: Content type 'application/x-www-form-urlencoded;charset=UTF-8' not supported]
[mams-school][${env:SERVER_PORT}] 2021-05-25 15:13:07,090 WARN [http-nio-8082-exec-5][AbstractHandlerExceptionResolver.java:197] - Resolved [org.springframework.web.HttpMediaTypeNotSupportedException: Content type 'application/x-www-form-urlencoded;charset=UTF-8' not supported]
[mams-school][${env:SERVER_PORT}] 2021-05-25 15:13:18,946 WARN [http-nio-8082-exec-6][AbstractHandlerExceptionResolver.java:197] - Resolved [org.springframework.web.HttpMediaTypeNotSupportedException: Content type 'application/x-www-form-urlencoded;charset=UTF-8' not supported]
[mams-school][${env:SERVER_PORT}] 2021-05-25 15:13:19,110 WARN [http-nio-8082-exec-7][AbstractHandlerExceptionResolver.java:197] - Resolved [org.springframework.web.HttpMediaTypeNotSupportedException: Content type 'application/x-www-form-urlencoded;charset=UTF-8' not supported]
[mams-school][${env:SERVER_PORT}] 2021-05-25 15:13:28,324 WARN [http-nio-8082-exec-8][AbstractHandlerExceptionResolver.java:197] - Resolved [org.springframework.web.HttpMediaTypeNotSupportedException: Content type 'application/x-www-form-urlencoded;charset=UTF-8' not supported]
[mams-school][${env:SERVER_PORT}] 2021-05-25 15:13:29,416 WARN [http-nio-8082-exec-9][AbstractHandlerExceptionResolver.java:197] - Resolved [org.springframework.web.HttpMediaTypeNotSupportedException: Content type 'application/x-www-form-urlencoded;charset=UTF-8' not supported]
[mams-school][${env:SERVER_PORT}] 2021-05-25 15:13:29,606 WARN [http-nio-8082-exec-10][AbstractHandlerExceptionResolver.java:197] - Resolved [org.springframework.web.HttpMediaTypeNotSupportedException: Content type 'application/x-www-form-urlencoded;charset=UTF-8' not supported]
[mams-school][${env:SERVER_PORT}] 2021-05-25 15:13:50,085 WARN [http-nio-8082-exec-1][AbstractHandlerExceptionResolver.java:197] - Resolved [org.springframework.web.HttpMediaTypeNotSupportedException: Content type 'application/x-www-form-urlencoded;charset=UTF-8' not supported]
[mams-school][${env:SERVER_PORT}] 2021-05-25 15:13:50,274 WARN [http-nio-8082-exec-2][AbstractHandlerExceptionResolver.java:197] - Resolved [org.springframework.web.HttpMediaTypeNotSupportedException: Content type 'application/x-www-form-urlencoded;charset=UTF-8' not supported]
[mams-school][${env:SERVER_PORT}] 2021-05-25 15:13:50,911 WARN [http-nio-8082-exec-3][AbstractHandlerExceptionResolver.java:197] - Resolved [org.springframework.web.HttpMediaTypeNotSupportedException: Content type 'application/x-www-form-urlencoded;charset=UTF-8' not supported]
[mams-school][${env:SERVER_PORT}] 2021-05-25 15:13:51,060 WARN [http-nio-8082-exec-4][AbstractHandlerExceptionResolver.java:197] - Resolved [org.springframework.web.HttpMediaTypeNotSupportedException: Content type 'application/x-www-form-urlencoded;charset=UTF-8' not supported]
[mams-school][${env:SERVER_PORT}] 2021-05-25 15:13:51,227 WARN [http-nio-8082-exec-5][AbstractHandlerExceptionResolver.java:197] - Resolved [org.springframework.web.HttpMediaTypeNotSupportedException: Content type 'application/x-www-form-urlencoded;charset=UTF-8' not supported]
[mams-school][${env:SERVER_PORT}] 2021-05-25 15:13:51,413 WARN [http-nio-8082-exec-6][AbstractHandlerExceptionResolver.java:197] - Resolved [org.springframework.web.HttpMediaTypeNotSupportedException: Content type 'application/x-www-form-urlencoded;charset=UTF-8' not supported]
[mams-school][${env:SERVER_PORT}] 2021-05-25 15:13:56,756 WARN [http-nio-8082-exec-7][AbstractHandlerExceptionResolver.java:197] - Resolved [org.springframework.web.HttpMediaTypeNotSupportedException: Content type 'application/x-www-form-urlencoded;charset=UTF-8' not supported]
[mams-school][${env:SERVER_PORT}] 2021-05-25 15:13:56,967 WARN [http-nio-8082-exec-8][AbstractHandlerExceptionResolver.java:197] - Resolved [org.springframework.web.HttpMediaTypeNotSupportedException: Content type 'application/x-www-form-urlencoded;charset=UTF-8' not supported]
[mams-school][${env:SERVER_PORT}] 2021-05-25 15:13:57,190 WARN [http-nio-8082-exec-9][AbstractHandlerExceptionResolver.java:197] - Resolved [org.springframework.web.HttpMediaTypeNotSupportedException: Content type 'application/x-www-form-urlencoded;charset=UTF-8' not supported]
[mams-school][${env:SERVER_PORT}] 2021-05-25 15:13:57,357 WARN [http-nio-8082-exec-10][AbstractHandlerExceptionResolver.java:197] - Resolved [org.springframework.web.HttpMediaTypeNotSupportedException: Content type 'application/x-www-form-urlencoded;charset=UTF-8' not supported]
[mams-school][${env:SERVER_PORT}] 2021-05-25 15:13:57,577 WARN [http-nio-8082-exec-1][AbstractHandlerExceptionResolver.java:197] - Resolved [org.springframework.web.HttpMediaTypeNotSupportedException: Content type 'application/x-www-form-urlencoded;charset=UTF-8' not supported]
[mams-school][${env:SERVER_PORT}] 2021-05-25 15:13:57,777 WARN [http-nio-8082-exec-2][AbstractHandlerExceptionResolver.java:197] - Resolved [org.springframework.web.HttpMediaTypeNotSupportedException: Content type 'application/x-www-form-urlencoded;charset=UTF-8' not supported]
[mams-school][${env:SERVER_PORT}] 2021-05-25 15:14:09,824 WARN [http-nio-8082-exec-3][AbstractHandlerExceptionResolver.java:197] - Resolved [org.springframework.web.HttpMediaTypeNotSupportedException: Content type 'application/x-www-form-urlencoded;charset=UTF-8' not supported]
[mams-school][${env:SERVER_PORT}] 2021-05-25 15:14:09,985 WARN [http-nio-8082-exec-4][AbstractHandlerExceptionResolver.java:197] - Resolved [org.springframework.web.HttpMediaTypeNotSupportedException: Content type 'application/x-www-form-urlencoded;charset=UTF-8' not supported]
[mams-school][${env:SERVER_PORT}] 2021-05-25 15:14:53,101 WARN [http-nio-8082-exec-5][AbstractHandlerExceptionResolver.java:197] - Resolved [org.springframework.web.HttpMediaTypeNotSupportedException: Content type 'application/x-www-form-urlencoded;charset=UTF-8' not supported]
[mams-school][${env:SERVER_PORT}] 2021-05-25 15:14:53,240 WARN [http-nio-8082-exec-6][AbstractHandlerExceptionResolver.java:197] - Resolved [org.springframework.web.HttpMediaTypeNotSupportedException: Content type 'application/x-www-form-urlencoded;charset=UTF-8' not supported]
[mams-school][${env:SERVER_PORT}] 2021-05-25 15:14:53,705 WARN [http-nio-8082-exec-7][AbstractHandlerExceptionResolver.java:197] - Resolved [org.springframework.web.HttpMediaTypeNotSupportedException: Content type 'application/x-www-form-urlencoded;charset=UTF-8' not supported]
[mams-school][${env:SERVER_PORT}] 2021-05-25 15:14:53,907 WARN [http-nio-8082-exec-8][AbstractHandlerExceptionResolver.java:197] - Resolved [org.springframework.web.HttpMediaTypeNotSupportedException: Content type 'application/x-www-form-urlencoded;charset=UTF-8' not supported]
[mams-school][${env:SERVER_PORT}] 2021-05-25 15:16:23,748 WARN [http-nio-8082-exec-10][AbstractHandlerExceptionResolver.java:197] - Resolved [org.springframework.web.HttpMediaTypeNotSupportedException: Content type 'application/x-www-form-urlencoded;charset=UTF-8' not supported]
[mams-school][${env:SERVER_PORT}] 2021-05-25 15:16:23,887 WARN [http-nio-8082-exec-1][AbstractHandlerExceptionResolver.java:197] - Resolved [org.springframework.web.HttpMediaTypeNotSupportedException: Content type 'application/x-www-form-urlencoded;charset=UTF-8' not supported]
[mams-school][${env:SERVER_PORT}] 2021-05-25 15:17:02,561 ERROR [http-nio-8082-exec-4][SchoolUserController.java:192] - EnrollmentProject(id=19, tutorName=王小二, tutorId=9, schoolName=西安工业大学, department=计算机科学与技术, professionName=计算机软件与理论, count=300, examType=全国统一考试, schoolingType=全日制, education=全日制及非全日制统招普通硕士, contactNumber=9999999999, signUpType=非定向就业, majorCourses1=计算机网络, majorCourses2=计算机组成原理, majorCourses3=数据结构与算法, publicCourses1=英语1, publicCourses2=数学2, publicCourses3=政治, checked=1):Index: 0, Size: 0
[mams-school][${env:SERVER_PORT}] 2021-05-25 15:17:10,307 ERROR [http-nio-8082-exec-8][SchoolUserController.java:192] - EnrollmentProject(id=17, tutorName=唐财平, tutorId=8, schoolName=西安邮电大学, department=, professionName=, count=0, examType=全国统一考试, schoolingType=全日制, education=全日制及非全日制统招普通硕士, contactNumber=, signUpType=定向就业, majorCourses1=, majorCourses2=, majorCourses3=, publicCourses1=, publicCourses2=, publicCourses3=, checked=0):Index: 0, Size: 0
[mams-school][${env:SERVER_PORT}] 2021-05-25 15:27:29,359 INFO [main][StartupInfoLogger.java:50] - Starting MamsSchoolApplication on DESKTOP-U5SUJ4I with PID 33344 (D:\graduation\mams\mams-school\target\classes started by tcp666 in D:\graduation\mams)
[mams-school][${env:SERVER_PORT}] 2021-05-25 15:27:29,369 INFO [main][SpringApplication.java:675] - No active profile set, falling back to default profiles: default
[mams-school][${env:SERVER_PORT}] 2021-05-25 15:27:30,502 INFO [main][PostProcessorRegistrationDelegate.java:330] - Bean 'org.springframework.transaction.annotation.ProxyTransactionManagementConfiguration' of type [org.springframework.transaction.annotation.ProxyTransactionManagementConfiguration$$EnhancerBySpringCGLIB$$c93d7770] is not eligible for getting processed by all BeanPostProcessors (for example: not eligible for auto-proxying)
[mams-school][${env:SERVER_PORT}] 2021-05-25 15:27:30,745 INFO [main][TomcatWebServer.java:90] - Tomcat initialized with port(s): 8082 (http)
[mams-school][${env:SERVER_PORT}] 2021-05-25 15:27:30,757 INFO [main][DirectJDKLog.java:173] - Initializing ProtocolHandler ["http-nio-8082"]
[mams-school][${env:SERVER_PORT}] 2021-05-25 15:27:30,765 INFO [main][DirectJDKLog.java:173] - Starting service [Tomcat]
[mams-school][${env:SERVER_PORT}] 2021-05-25 15:27:30,765 INFO [main][DirectJDKLog.java:173] - Starting Servlet engine: [Apache Tomcat/9.0.16]
[mams-school][${env:SERVER_PORT}] 2021-05-25 15:27:30,771 INFO [main][DirectJDKLog.java:173] - The APR based Apache Tomcat Native library which allows optimal performance in production environments was not found on the java.library.path: [D:\java\jdk1.8\bin;C:\WINDOWS\Sun\Java\bin;C:\WINDOWS\system32;C:\WINDOWS;C:\WINDOWS\system32;C:\WINDOWS;C:\WINDOWS\System32\Wbem;C:\WINDOWS\System32\WindowsPowerShell\v1.0\;C:\WINDOWS\System32\OpenSSH\;D:\mysql\mysql-8.0.15-winx64\mysql-8.0.15-winx64\bin;D:\java\jdk1.8\bin\;D:\java\jdk1.8\jre\bin\;C:\Users\tcp666\AppData\Local\Microsoft\WindowsApps;;.]
[mams-school][${env:SERVER_PORT}] 2021-05-25 15:27:30,862 INFO [main][DirectJDKLog.java:173] - Initializing Spring embedded WebApplicationContext
[mams-school][${env:SERVER_PORT}] 2021-05-25 15:27:30,862 INFO [main][ServletWebServerApplicationContext.java:296] - Root WebApplicationContext: initialization completed in 1456 ms
[mams-school][${env:SERVER_PORT}] 2021-05-25 15:27:31,631 INFO [main][ExecutorConfigurationSupport.java:171] - Initializing ExecutorService 'applicationTaskExecutor'
[mams-school][${env:SERVER_PORT}] 2021-05-25 15:27:31,718 INFO [main][WelcomePageHandlerMapping.java:56] - Adding welcome page: class path resource [static/index.html]
[mams-school][${env:SERVER_PORT}] 2021-05-25 15:27:31,932 INFO [main][EndpointLinksResolver.java:59] - Exposing 2 endpoint(s) beneath base path '/actuator'
[mams-school][${env:SERVER_PORT}] 2021-05-25 15:27:31,976 INFO [main][DirectJDKLog.java:173] - Starting ProtocolHandler ["http-nio-8082"]
[mams-school][${env:SERVER_PORT}] 2021-05-25 15:27:31,996 INFO [main][TomcatWebServer.java:204] - Tomcat started on port(s): 8082 (http) with context path ''
[mams-school][${env:SERVER_PORT}] 2021-05-25 15:27:31,999 INFO [main][StartupInfoLogger.java:59] - Started MamsSchoolApplication in 3.161 seconds (JVM running for 4.701)
[mams-school][${env:SERVER_PORT}] 2021-05-25 15:27:32,279 INFO [RMI TCP Connection(1)-192.168.1.106][DirectJDKLog.java:173] - Initializing Spring DispatcherServlet 'dispatcherServlet'
[mams-school][${env:SERVER_PORT}] 2021-05-25 15:27:32,280 INFO [RMI TCP Connection(1)-192.168.1.106][FrameworkServlet.java:524] - Initializing Servlet 'dispatcherServlet'
[mams-school][${env:SERVER_PORT}] 2021-05-25 15:27:32,287 INFO [RMI TCP Connection(1)-192.168.1.106][FrameworkServlet.java:546] - Completed initialization in 7 ms
[mams-school][${env:SERVER_PORT}] 2021-05-25 15:27:32,595 INFO [RMI TCP Connection(3)-192.168.1.106][HikariDataSource.java:110] - HikariPool-1 - Starting...
[mams-school][${env:SERVER_PORT}] 2021-05-25 15:27:32,999 INFO [RMI TCP Connection(3)-192.168.1.106][HikariDataSource.java:123] - HikariPool-1 - Start completed.
[mams-school][${env:SERVER_PORT}] 2021-05-25 15:38:08,705 INFO [main][StartupInfoLogger.java:50] - Starting MamsSchoolApplication on DESKTOP-U5SUJ4I with PID 33236 (D:\graduation\mams\mams-school\target\classes started by tcp666 in D:\graduation\mams)
[mams-school][${env:SERVER_PORT}] 2021-05-25 15:38:08,718 INFO [main][SpringApplication.java:675] - No active profile set, falling back to default profiles: default
[mams-school][${env:SERVER_PORT}] 2021-05-25 15:38:09,963 INFO [main][PostProcessorRegistrationDelegate.java:330] - Bean 'org.springframework.transaction.annotation.ProxyTransactionManagementConfiguration' of type [org.springframework.transaction.annotation.ProxyTransactionManagementConfiguration$$EnhancerBySpringCGLIB$$c93d7770] is not eligible for getting processed by all BeanPostProcessors (for example: not eligible for auto-proxying)
[mams-school][${env:SERVER_PORT}] 2021-05-25 15:38:10,239 INFO [main][TomcatWebServer.java:90] - Tomcat initialized with port(s): 8082 (http)
[mams-school][${env:SERVER_PORT}] 2021-05-25 15:38:10,253 INFO [main][DirectJDKLog.java:173] - Initializing ProtocolHandler ["http-nio-8082"]
[mams-school][${env:SERVER_PORT}] 2021-05-25 15:38:10,263 INFO [main][DirectJDKLog.java:173] - Starting service [Tomcat]
[mams-school][${env:SERVER_PORT}] 2021-05-25 15:38:10,264 INFO [main][DirectJDKLog.java:173] - Starting Servlet engine: [Apache Tomcat/9.0.16]
[mams-school][${env:SERVER_PORT}] 2021-05-25 15:38:10,273 INFO [main][DirectJDKLog.java:173] - The APR based Apache Tomcat Native library which allows optimal performance in production environments was not found on the java.library.path: [D:\java\jdk1.8\bin;C:\WINDOWS\Sun\Java\bin;C:\WINDOWS\system32;C:\WINDOWS;C:\WINDOWS\system32;C:\WINDOWS;C:\WINDOWS\System32\Wbem;C:\WINDOWS\System32\WindowsPowerShell\v1.0\;C:\WINDOWS\System32\OpenSSH\;D:\mysql\mysql-8.0.15-winx64\mysql-8.0.15-winx64\bin;D:\java\jdk1.8\bin\;D:\java\jdk1.8\jre\bin\;C:\Users\tcp666\AppData\Local\Microsoft\WindowsApps;;.]
[mams-school][${env:SERVER_PORT}] 2021-05-25 15:38:10,380 INFO [main][DirectJDKLog.java:173] - Initializing Spring embedded WebApplicationContext
[mams-school][${env:SERVER_PORT}] 2021-05-25 15:38:10,380 INFO [main][ServletWebServerApplicationContext.java:296] - Root WebApplicationContext: initialization completed in 1544 ms
[mams-school][${env:SERVER_PORT}] 2021-05-25 15:38:11,208 INFO [main][ExecutorConfigurationSupport.java:171] - Initializing ExecutorService 'applicationTaskExecutor'
[mams-school][${env:SERVER_PORT}] 2021-05-25 15:38:11,294 INFO [main][WelcomePageHandlerMapping.java:56] - Adding welcome page: class path resource [static/index.html]
[mams-school][${env:SERVER_PORT}] 2021-05-25 15:38:11,518 INFO [main][EndpointLinksResolver.java:59] - Exposing 2 endpoint(s) beneath base path '/actuator'
[mams-school][${env:SERVER_PORT}] 2021-05-25 15:38:11,563 INFO [main][DirectJDKLog.java:173] - Starting ProtocolHandler ["http-nio-8082"]
[mams-school][${env:SERVER_PORT}] 2021-05-25 15:38:11,583 INFO [main][TomcatWebServer.java:204] - Tomcat started on port(s): 8082 (http) with context path ''
[mams-school][${env:SERVER_PORT}] 2021-05-25 15:38:11,586 INFO [main][StartupInfoLogger.java:59] - Started MamsSchoolApplication in 3.489 seconds (JVM running for 5.204)
[mams-school][${env:SERVER_PORT}] 2021-05-25 15:38:12,000 INFO [RMI TCP Connection(1)-192.168.1.106][DirectJDKLog.java:173] - Initializing Spring DispatcherServlet 'dispatcherServlet'
[mams-school][${env:SERVER_PORT}] 2021-05-25 15:38:12,001 INFO [RMI TCP Connection(1)-192.168.1.106][FrameworkServlet.java:524] - Initializing Servlet 'dispatcherServlet'
[mams-school][${env:SERVER_PORT}] 2021-05-25 15:38:12,008 INFO [RMI TCP Connection(1)-192.168.1.106][FrameworkServlet.java:546] - Completed initialization in 7 ms
[mams-school][${env:SERVER_PORT}] 2021-05-25 15:38:12,308 INFO [RMI TCP Connection(3)-192.168.1.106][HikariDataSource.java:110] - HikariPool-1 - Starting...
[mams-school][${env:SERVER_PORT}] 2021-05-25 15:38:12,762 INFO [RMI TCP Connection(3)-192.168.1.106][HikariDataSource.java:123] - HikariPool-1 - Start completed.
[mams-school][${env:SERVER_PORT}] 2021-05-25 15:51:35,549 WARN [http-nio-8082-exec-4][AbstractHandlerExceptionResolver.java:197] - Resolved [org.springframework.web.HttpMediaTypeNotSupportedException: Content type 'application/x-www-form-urlencoded;charset=UTF-8' not supported]
[mams-school][${env:SERVER_PORT}] 2021-05-25 15:53:14,697 WARN [http-nio-8082-exec-6][AbstractHandlerExceptionResolver.java:197] - Resolved [org.springframework.web.HttpMediaTypeNotSupportedException: Content type 'application/x-www-form-urlencoded;charset=UTF-8' not supported]
